<?xml version="1.0" encoding="UTF-8"?>
<testng-results ignored="0" total="56" passed="50" failed="6" skipped="0">
  <reporter-output>
    <line>
      <![CDATA[Click on sign_in]]>
    </line>
    <line>
      <![CDATA[verify phone is displayed]]>
    </line>
    <line>
      <![CDATA[<h1 style="color:green;font-size:15px;">Test Passed</h1> ]]>
    </line>
    <line>
      <![CDATA[verify email is displayed]]>
    </line>
    <line>
      <![CDATA[<h1 style="color:green;font-size:15px;">Test Passed</h1> ]]>
    </line>
    <line>
      <![CDATA[Click on enter_mobile_no]]>
    </line>
    <line>
      <![CDATA[verify right_arrow is enable]]>
    </line>
    <line>
      <![CDATA[<h1 style="color:green;font-size:15px;">Test Passed</h1> ]]>
    </line>
    <line>
      <![CDATA[Click on right_arrow]]>
    </line>
    <line>
      <![CDATA[Click on enter_the_code_text_box]]>
    </line>
    <line>
      <![CDATA[verify right_arrow is enable]]>
    </line>
    <line>
      <![CDATA[<h1 style="color:green;font-size:15px;">Test Passed</h1> ]]>
    </line>
    <line>
      <![CDATA[Click on right_arrow]]>
    </line>
    <line>
      <![CDATA[Click on sleep_tab_button]]>
    </line>
    <line>
      <![CDATA[verify sleep_tab_button is enable]]>
    </line>
    <line>
      <![CDATA[<h1 style="color:green;font-size:15px;">Test Passed</h1> ]]>
    </line>
    <line>
      <![CDATA[verify sleep_tab_button is displayed]]>
    </line>
    <line>
      <![CDATA[<h1 style="color:green;font-size:15px;">Test Passed</h1> ]]>
    </line>
    <line>
      <![CDATA[verify sleep_tab_icon is displayed]]>
    </line>
    <line>
      <![CDATA[<h1 style="color:green;font-size:15px;">Test Passed</h1> ]]>
    </line>
    <line>
      <![CDATA[verify sleep_tab_icon is enable]]>
    </line>
    <line>
      <![CDATA[<h1 style="color:green;font-size:15px;">Test Passed</h1> ]]>
    </line>
    <line>
      <![CDATA[verify search_for_sleep is displayed]]>
    </line>
    <line>
      <![CDATA[<h1 style="color:green;font-size:15px;">Test Passed</h1> ]]>
    </line>
    <line>
      <![CDATA[verify music is displayed]]>
    </line>
    <line>
      <![CDATA[<h1 style="color:green;font-size:15px;">Test Passed</h1> ]]>
    </line>
    <line>
      <![CDATA[verify meditation is displayed]]>
    </line>
    <line>
      <![CDATA[<h1 style="color:green;font-size:15px;">Test Passed</h1> ]]>
    </line>
    <line>
      <![CDATA[Click on sign_in]]>
    </line>
    <line>
      <![CDATA[verify phone is displayed]]>
    </line>
    <line>
      <![CDATA[<h1 style="color:green;font-size:15px;">Test Passed</h1> ]]>
    </line>
    <line>
      <![CDATA[verify email is displayed]]>
    </line>
    <line>
      <![CDATA[<h1 style="color:green;font-size:15px;">Test Passed</h1> ]]>
    </line>
    <line>
      <![CDATA[Click on enter_mobile_no]]>
    </line>
    <line>
      <![CDATA[verify right_arrow is enable]]>
    </line>
    <line>
      <![CDATA[<h1 style="color:green;font-size:15px;">Test Passed</h1> ]]>
    </line>
    <line>
      <![CDATA[Click on right_arrow]]>
    </line>
    <line>
      <![CDATA[Click on enter_the_code_text_box]]>
    </line>
    <line>
      <![CDATA[verify right_arrow is enable]]>
    </line>
    <line>
      <![CDATA[<h1 style="color:green;font-size:15px;">Test Passed</h1> ]]>
    </line>
    <line>
      <![CDATA[Click on right_arrow]]>
    </line>
    <line>
      <![CDATA[Click on sleep_tab_button]]>
    </line>
    <line>
      <![CDATA[verify sleep_tab_button is enable]]>
    </line>
    <line>
      <![CDATA[<h1 style="color:green;font-size:15px;">Test Passed</h1> ]]>
    </line>
    <line>
      <![CDATA[verify playlist_name is enable]]>
    </line>
    <line>
      <![CDATA[<h1 style="color:green;font-size:15px;">Test Passed</h1> ]]>
    </line>
    <line>
      <![CDATA[Click on sign_in]]>
    </line>
    <line>
      <![CDATA[verify phone is displayed]]>
    </line>
    <line>
      <![CDATA[<h1 style="color:green;font-size:15px;">Test Passed</h1> ]]>
    </line>
    <line>
      <![CDATA[verify email is displayed]]>
    </line>
    <line>
      <![CDATA[<h1 style="color:green;font-size:15px;">Test Passed</h1> ]]>
    </line>
    <line>
      <![CDATA[Click on enter_mobile_no]]>
    </line>
    <line>
      <![CDATA[verify right_arrow is enable]]>
    </line>
    <line>
      <![CDATA[<h1 style="color:green;font-size:15px;">Test Passed</h1> ]]>
    </line>
    <line>
      <![CDATA[Click on right_arrow]]>
    </line>
    <line>
      <![CDATA[Click on enter_the_code_text_box]]>
    </line>
    <line>
      <![CDATA[verify right_arrow is enable]]>
    </line>
    <line>
      <![CDATA[<h1 style="color:green;font-size:15px;">Test Passed</h1> ]]>
    </line>
    <line>
      <![CDATA[Click on right_arrow]]>
    </line>
    <line>
      <![CDATA[Click on sleep_tab_button]]>
    </line>
    <line>
      <![CDATA[verify sleep_tab_button is enable]]>
    </line>
    <line>
      <![CDATA[<h1 style="color:green;font-size:15px;">Test Passed</h1> ]]>
    </line>
    <line>
      <![CDATA[verify playlist_name is enable]]>
    </line>
    <line>
      <![CDATA[<h1 style="color:green;font-size:15px;">Test Passed</h1> ]]>
    </line>
    <line>
      <![CDATA[Click on sign_in]]>
    </line>
    <line>
      <![CDATA[verify phone is displayed]]>
    </line>
    <line>
      <![CDATA[<h1 style="color:green;font-size:15px;">Test Passed</h1> ]]>
    </line>
    <line>
      <![CDATA[verify email is displayed]]>
    </line>
    <line>
      <![CDATA[<h1 style="color:green;font-size:15px;">Test Passed</h1> ]]>
    </line>
    <line>
      <![CDATA[Click on enter_mobile_no]]>
    </line>
    <line>
      <![CDATA[verify right_arrow is enable]]>
    </line>
    <line>
      <![CDATA[<h1 style="color:green;font-size:15px;">Test Passed</h1> ]]>
    </line>
    <line>
      <![CDATA[Click on right_arrow]]>
    </line>
    <line>
      <![CDATA[Click on enter_the_code_text_box]]>
    </line>
    <line>
      <![CDATA[verify right_arrow is enable]]>
    </line>
    <line>
      <![CDATA[<h1 style="color:green;font-size:15px;">Test Passed</h1> ]]>
    </line>
    <line>
      <![CDATA[Click on right_arrow]]>
    </line>
    <line>
      <![CDATA[Click on sleep_tab_button]]>
    </line>
    <line>
      <![CDATA[verify sleep_tab_button is enable]]>
    </line>
    <line>
      <![CDATA[<h1 style="color:green;font-size:15px;">Test Passed</h1> ]]>
    </line>
    <line>
      <![CDATA[verify playlist_name is enable]]>
    </line>
    <line>
      <![CDATA[<h1 style="color:green;font-size:15px;">Test Passed</h1> ]]>
    </line>
    <line>
      <![CDATA[Click on sign_in]]>
    </line>
    <line>
      <![CDATA[verify phone is displayed]]>
    </line>
    <line>
      <![CDATA[<h1 style="color:green;font-size:15px;">Test Passed</h1> ]]>
    </line>
    <line>
      <![CDATA[verify email is displayed]]>
    </line>
    <line>
      <![CDATA[<h1 style="color:green;font-size:15px;">Test Passed</h1> ]]>
    </line>
    <line>
      <![CDATA[Click on enter_mobile_no]]>
    </line>
    <line>
      <![CDATA[verify right_arrow is enable]]>
    </line>
    <line>
      <![CDATA[<h1 style="color:green;font-size:15px;">Test Passed</h1> ]]>
    </line>
    <line>
      <![CDATA[Click on right_arrow]]>
    </line>
    <line>
      <![CDATA[Click on enter_the_code_text_box]]>
    </line>
    <line>
      <![CDATA[verify right_arrow is enable]]>
    </line>
    <line>
      <![CDATA[<h1 style="color:green;font-size:15px;">Test Passed</h1> ]]>
    </line>
    <line>
      <![CDATA[Click on right_arrow]]>
    </line>
    <line>
      <![CDATA[Click on sleep_tab_button]]>
    </line>
    <line>
      <![CDATA[verify sleep_tab_button is enable]]>
    </line>
    <line>
      <![CDATA[<h1 style="color:green;font-size:15px;">Test Passed</h1> ]]>
    </line>
    <line>
      <![CDATA[verify playlist_name is enable]]>
    </line>
    <line>
      <![CDATA[<h1 style="color:green;font-size:15px;">Test Passed</h1> ]]>
    </line>
    <line>
      <![CDATA[verify give_your_playlist_a_name is displayed]]>
    </line>
    <line>
      <![CDATA[<h1 style="color:green;font-size:15px;">Test Passed</h1> ]]>
    </line>
    <line>
      <![CDATA[Click on sign_in]]>
    </line>
    <line>
      <![CDATA[verify phone is displayed]]>
    </line>
    <line>
      <![CDATA[<h1 style="color:green;font-size:15px;">Test Passed</h1> ]]>
    </line>
    <line>
      <![CDATA[verify email is displayed]]>
    </line>
    <line>
      <![CDATA[<h1 style="color:green;font-size:15px;">Test Passed</h1> ]]>
    </line>
    <line>
      <![CDATA[Click on enter_mobile_no]]>
    </line>
    <line>
      <![CDATA[verify right_arrow is enable]]>
    </line>
    <line>
      <![CDATA[<h1 style="color:green;font-size:15px;">Test Passed</h1> ]]>
    </line>
    <line>
      <![CDATA[Click on right_arrow]]>
    </line>
    <line>
      <![CDATA[Click on enter_the_code_text_box]]>
    </line>
    <line>
      <![CDATA[verify right_arrow is enable]]>
    </line>
    <line>
      <![CDATA[<h1 style="color:green;font-size:15px;">Test Passed</h1> ]]>
    </line>
    <line>
      <![CDATA[Click on right_arrow]]>
    </line>
    <line>
      <![CDATA[Click on sleep_tab_button]]>
    </line>
    <line>
      <![CDATA[verify sleep_tab_button is enable]]>
    </line>
    <line>
      <![CDATA[<h1 style="color:green;font-size:15px;">Test Passed</h1> ]]>
    </line>
    <line>
      <![CDATA[verify playlist_name is enable]]>
    </line>
    <line>
      <![CDATA[<h1 style="color:green;font-size:15px;">Test Passed</h1> ]]>
    </line>
    <line>
      <![CDATA[Click on create]]>
    </line>
    <line>
      <![CDATA[verify add_item_to_playlist is displayed]]>
    </line>
    <line>
      <![CDATA[<h1 style="color:green;font-size:15px;">Test Passed</h1> ]]>
    </line>
    <line>
      <![CDATA[Click on sign_in]]>
    </line>
    <line>
      <![CDATA[verify phone is displayed]]>
    </line>
    <line>
      <![CDATA[<h1 style="color:green;font-size:15px;">Test Passed</h1> ]]>
    </line>
    <line>
      <![CDATA[verify email is displayed]]>
    </line>
    <line>
      <![CDATA[<h1 style="color:green;font-size:15px;">Test Passed</h1> ]]>
    </line>
    <line>
      <![CDATA[Click on enter_mobile_no]]>
    </line>
    <line>
      <![CDATA[verify right_arrow is enable]]>
    </line>
    <line>
      <![CDATA[<h1 style="color:green;font-size:15px;">Test Passed</h1> ]]>
    </line>
    <line>
      <![CDATA[Click on right_arrow]]>
    </line>
    <line>
      <![CDATA[Click on enter_the_code_text_box]]>
    </line>
    <line>
      <![CDATA[verify right_arrow is enable]]>
    </line>
    <line>
      <![CDATA[<h1 style="color:green;font-size:15px;">Test Passed</h1> ]]>
    </line>
    <line>
      <![CDATA[Click on right_arrow]]>
    </line>
    <line>
      <![CDATA[Click on sleep_tab_button]]>
    </line>
    <line>
      <![CDATA[verify sleep_tab_button is enable]]>
    </line>
    <line>
      <![CDATA[<h1 style="color:green;font-size:15px;">Test Passed</h1> ]]>
    </line>
    <line>
      <![CDATA[verify playlist_name is enable]]>
    </line>
    <line>
      <![CDATA[<h1 style="color:green;font-size:15px;">Test Passed</h1> ]]>
    </line>
    <line>
      <![CDATA[Click on create]]>
    </line>
    <line>
      <![CDATA[verify add_item_to_playlist is displayed]]>
    </line>
    <line>
      <![CDATA[<h1 style="color:green;font-size:15px;">Test Passed</h1> ]]>
    </line>
    <line>
      <![CDATA[Click on sign_in]]>
    </line>
    <line>
      <![CDATA[verify phone is displayed]]>
    </line>
    <line>
      <![CDATA[<h1 style="color:green;font-size:15px;">Test Passed</h1> ]]>
    </line>
    <line>
      <![CDATA[verify email is displayed]]>
    </line>
    <line>
      <![CDATA[<h1 style="color:green;font-size:15px;">Test Passed</h1> ]]>
    </line>
    <line>
      <![CDATA[Click on enter_mobile_no]]>
    </line>
    <line>
      <![CDATA[verify right_arrow is enable]]>
    </line>
    <line>
      <![CDATA[<h1 style="color:green;font-size:15px;">Test Passed</h1> ]]>
    </line>
    <line>
      <![CDATA[Click on right_arrow]]>
    </line>
    <line>
      <![CDATA[Click on enter_the_code_text_box]]>
    </line>
    <line>
      <![CDATA[verify right_arrow is enable]]>
    </line>
    <line>
      <![CDATA[<h1 style="color:green;font-size:15px;">Test Passed</h1> ]]>
    </line>
    <line>
      <![CDATA[Click on right_arrow]]>
    </line>
    <line>
      <![CDATA[Click on sleep_tab_button]]>
    </line>
    <line>
      <![CDATA[verify sleep_tab_button is enable]]>
    </line>
    <line>
      <![CDATA[<h1 style="color:green;font-size:15px;">Test Passed</h1> ]]>
    </line>
    <line>
      <![CDATA[verify playlist_name is enable]]>
    </line>
    <line>
      <![CDATA[<h1 style="color:green;font-size:15px;">Test Passed</h1> ]]>
    </line>
    <line>
      <![CDATA[Click on create]]>
    </line>
    <line>
      <![CDATA[verify add_item_to_playlist is displayed]]>
    </line>
    <line>
      <![CDATA[<h1 style="color:green;font-size:15px;">Test Passed</h1> ]]>
    </line>
    <line>
      <![CDATA[<h1 style="color:red;font-size:15px;">Test Failed</h1>   ]]>
    </line>
    <line>
      <![CDATA[<img src="C:\Users\Harshal\Desktop\LSM_Project\LEVEL\LSM\src\test\resources\failed_test_screenshot\To_verify_when_the_user_enters_the_any_keyword_in_search_field_of_the_Add_item_to_playlist_screen_SLP_PL_009_lBdxZ.png" alt="test" width="1024" height="640">]]>
    </line>
    <line>
      <![CDATA[Click on sign_in]]>
    </line>
    <line>
      <![CDATA[verify phone is displayed]]>
    </line>
    <line>
      <![CDATA[<h1 style="color:green;font-size:15px;">Test Passed</h1> ]]>
    </line>
    <line>
      <![CDATA[verify email is displayed]]>
    </line>
    <line>
      <![CDATA[<h1 style="color:green;font-size:15px;">Test Passed</h1> ]]>
    </line>
    <line>
      <![CDATA[Click on enter_mobile_no]]>
    </line>
    <line>
      <![CDATA[verify right_arrow is enable]]>
    </line>
    <line>
      <![CDATA[<h1 style="color:green;font-size:15px;">Test Passed</h1> ]]>
    </line>
    <line>
      <![CDATA[Click on right_arrow]]>
    </line>
    <line>
      <![CDATA[Click on enter_the_code_text_box]]>
    </line>
    <line>
      <![CDATA[verify right_arrow is enable]]>
    </line>
    <line>
      <![CDATA[<h1 style="color:green;font-size:15px;">Test Passed</h1> ]]>
    </line>
    <line>
      <![CDATA[Click on right_arrow]]>
    </line>
    <line>
      <![CDATA[Click on sleep_tab_button]]>
    </line>
    <line>
      <![CDATA[verify sleep_tab_button is enable]]>
    </line>
    <line>
      <![CDATA[<h1 style="color:green;font-size:15px;">Test Passed</h1> ]]>
    </line>
    <line>
      <![CDATA[verify playlist_name is enable]]>
    </line>
    <line>
      <![CDATA[<h1 style="color:green;font-size:15px;">Test Passed</h1> ]]>
    </line>
    <line>
      <![CDATA[Click on create]]>
    </line>
    <line>
      <![CDATA[verify hindi_language is displayed]]>
    </line>
    <line>
      <![CDATA[<h1 style="color:green;font-size:15px;">Test Passed</h1> ]]>
    </line>
    <line>
      <![CDATA[Click on hindi_language]]>
    </line>
    <line>
      <![CDATA[Click on ancient_wisdom_drop_down]]>
    </line>
    <line>
      <![CDATA[verify gudi_padwa is displayed]]>
    </line>
    <line>
      <![CDATA[<h1 style="color:green;font-size:15px;">Test Passed</h1> ]]>
    </line>
    <line>
      <![CDATA[verify hanuman_and_machhindranath is displayed]]>
    </line>
    <line>
      <![CDATA[<h1 style="color:green;font-size:15px;">Test Passed</h1> ]]>
    </line>
    <line>
      <![CDATA[verify story_of_jesus_christ is displayed]]>
    </line>
    <line>
      <![CDATA[<h1 style="color:green;font-size:15px;">Test Passed</h1> ]]>
    </line>
    <line>
      <![CDATA[verify yama_and_nachiketa is displayed]]>
    </line>
    <line>
      <![CDATA[<h1 style="color:green;font-size:15px;">Test Passed</h1> ]]>
    </line>
    <line>
      <![CDATA[verify marathi_language is displayed]]>
    </line>
    <line>
      <![CDATA[<h1 style="color:green;font-size:15px;">Test Passed</h1> ]]>
    </line>
    <line>
      <![CDATA[Click on marathi_language]]>
    </line>
    <line>
      <![CDATA[verify the_fearless_lord is displayed]]>
    </line>
    <line>
      <![CDATA[<h1 style="color:green;font-size:15px;">Test Passed</h1> ]]>
    </line>
    <line>
      <![CDATA[Click on sign_in]]>
    </line>
    <line>
      <![CDATA[verify phone is displayed]]>
    </line>
    <line>
      <![CDATA[<h1 style="color:green;font-size:15px;">Test Passed</h1> ]]>
    </line>
    <line>
      <![CDATA[verify email is displayed]]>
    </line>
    <line>
      <![CDATA[<h1 style="color:green;font-size:15px;">Test Passed</h1> ]]>
    </line>
    <line>
      <![CDATA[Click on enter_mobile_no]]>
    </line>
    <line>
      <![CDATA[verify right_arrow is enable]]>
    </line>
    <line>
      <![CDATA[<h1 style="color:green;font-size:15px;">Test Passed</h1> ]]>
    </line>
    <line>
      <![CDATA[Click on right_arrow]]>
    </line>
    <line>
      <![CDATA[Click on enter_the_code_text_box]]>
    </line>
    <line>
      <![CDATA[verify right_arrow is enable]]>
    </line>
    <line>
      <![CDATA[<h1 style="color:green;font-size:15px;">Test Passed</h1> ]]>
    </line>
    <line>
      <![CDATA[Click on right_arrow]]>
    </line>
    <line>
      <![CDATA[Click on sleep_tab_button]]>
    </line>
    <line>
      <![CDATA[verify sleep_tab_button is enable]]>
    </line>
    <line>
      <![CDATA[<h1 style="color:green;font-size:15px;">Test Passed</h1> ]]>
    </line>
    <line>
      <![CDATA[verify playlist_name is enable]]>
    </line>
    <line>
      <![CDATA[<h1 style="color:green;font-size:15px;">Test Passed</h1> ]]>
    </line>
    <line>
      <![CDATA[Click on create]]>
    </line>
    <line>
      <![CDATA[verify hindi_language is displayed]]>
    </line>
    <line>
      <![CDATA[<h1 style="color:green;font-size:15px;">Test Passed</h1> ]]>
    </line>
    <line>
      <![CDATA[Click on hindi_language]]>
    </line>
    <line>
      <![CDATA[Click on ancient_wisdom_drop_down]]>
    </line>
    <line>
      <![CDATA[verify gudi_padwa is displayed]]>
    </line>
    <line>
      <![CDATA[<h1 style="color:green;font-size:15px;">Test Passed</h1> ]]>
    </line>
    <line>
      <![CDATA[verify hanuman_and_machhindranath is displayed]]>
    </line>
    <line>
      <![CDATA[<h1 style="color:green;font-size:15px;">Test Passed</h1> ]]>
    </line>
    <line>
      <![CDATA[verify story_of_jesus_christ is displayed]]>
    </line>
    <line>
      <![CDATA[<h1 style="color:green;font-size:15px;">Test Passed</h1> ]]>
    </line>
    <line>
      <![CDATA[verify yama_and_nachiketa is displayed]]>
    </line>
    <line>
      <![CDATA[<h1 style="color:green;font-size:15px;">Test Passed</h1> ]]>
    </line>
    <line>
      <![CDATA[Click on close_drop_down_collapse_button]]>
    </line>
    <line>
      <![CDATA[Click on sign_in]]>
    </line>
    <line>
      <![CDATA[verify phone is displayed]]>
    </line>
    <line>
      <![CDATA[<h1 style="color:green;font-size:15px;">Test Passed</h1> ]]>
    </line>
    <line>
      <![CDATA[verify email is displayed]]>
    </line>
    <line>
      <![CDATA[<h1 style="color:green;font-size:15px;">Test Passed</h1> ]]>
    </line>
    <line>
      <![CDATA[Click on enter_mobile_no]]>
    </line>
    <line>
      <![CDATA[verify right_arrow is enable]]>
    </line>
    <line>
      <![CDATA[<h1 style="color:green;font-size:15px;">Test Passed</h1> ]]>
    </line>
    <line>
      <![CDATA[Click on right_arrow]]>
    </line>
    <line>
      <![CDATA[Click on enter_the_code_text_box]]>
    </line>
    <line>
      <![CDATA[verify right_arrow is enable]]>
    </line>
    <line>
      <![CDATA[<h1 style="color:green;font-size:15px;">Test Passed</h1> ]]>
    </line>
    <line>
      <![CDATA[Click on right_arrow]]>
    </line>
    <line>
      <![CDATA[Click on sleep_tab_button]]>
    </line>
    <line>
      <![CDATA[verify sleep_tab_button is enable]]>
    </line>
    <line>
      <![CDATA[<h1 style="color:green;font-size:15px;">Test Passed</h1> ]]>
    </line>
    <line>
      <![CDATA[verify playlist_name is enable]]>
    </line>
    <line>
      <![CDATA[<h1 style="color:green;font-size:15px;">Test Passed</h1> ]]>
    </line>
    <line>
      <![CDATA[Click on create]]>
    </line>
    <line>
      <![CDATA[verify hindi_language is displayed]]>
    </line>
    <line>
      <![CDATA[<h1 style="color:green;font-size:15px;">Test Passed</h1> ]]>
    </line>
    <line>
      <![CDATA[Click on hindi_language]]>
    </line>
    <line>
      <![CDATA[Click on stories_from_puranas]]>
    </line>
    <line>
      <![CDATA[Click on radio_button_for_select_all_music]]>
    </line>
    <line>
      <![CDATA[<h1 style="color:red;font-size:15px;">Test Failed</h1>   ]]>
    </line>
    <line>
      <![CDATA[<img src="C:\Users\Harshal\Desktop\LSM_Project\LEVEL\LSM\src\test\resources\failed_test_screenshot\To_verify_when_user_try_to_add_more_than_50_tracks_in_the_any_created_playlist_SLP_PL_014_eaqIl.png" alt="test" width="1024" height="640">]]>
    </line>
    <line>
      <![CDATA[Click on sign_in]]>
    </line>
    <line>
      <![CDATA[verify phone is displayed]]>
    </line>
    <line>
      <![CDATA[<h1 style="color:green;font-size:15px;">Test Passed</h1> ]]>
    </line>
    <line>
      <![CDATA[verify email is displayed]]>
    </line>
    <line>
      <![CDATA[<h1 style="color:green;font-size:15px;">Test Passed</h1> ]]>
    </line>
    <line>
      <![CDATA[Click on enter_mobile_no]]>
    </line>
    <line>
      <![CDATA[verify right_arrow is enable]]>
    </line>
    <line>
      <![CDATA[<h1 style="color:green;font-size:15px;">Test Passed</h1> ]]>
    </line>
    <line>
      <![CDATA[Click on right_arrow]]>
    </line>
    <line>
      <![CDATA[Click on enter_the_code_text_box]]>
    </line>
    <line>
      <![CDATA[verify right_arrow is enable]]>
    </line>
    <line>
      <![CDATA[<h1 style="color:green;font-size:15px;">Test Passed</h1> ]]>
    </line>
    <line>
      <![CDATA[Click on right_arrow]]>
    </line>
    <line>
      <![CDATA[Click on sleep_tab_button]]>
    </line>
    <line>
      <![CDATA[verify sleep_tab_button is enable]]>
    </line>
    <line>
      <![CDATA[<h1 style="color:green;font-size:15px;">Test Passed</h1> ]]>
    </line>
    <line>
      <![CDATA[verify playlist_name is enable]]>
    </line>
    <line>
      <![CDATA[<h1 style="color:green;font-size:15px;">Test Passed</h1> ]]>
    </line>
    <line>
      <![CDATA[Click on create]]>
    </line>
    <line>
      <![CDATA[verify hindi_language is displayed]]>
    </line>
    <line>
      <![CDATA[<h1 style="color:green;font-size:15px;">Test Passed</h1> ]]>
    </line>
    <line>
      <![CDATA[Click on hindi_language]]>
    </line>
    <line>
      <![CDATA[Click on stories_from_puranas]]>
    </line>
    <line>
      <![CDATA[Click on sign_in]]>
    </line>
    <line>
      <![CDATA[verify phone is displayed]]>
    </line>
    <line>
      <![CDATA[<h1 style="color:green;font-size:15px;">Test Passed</h1> ]]>
    </line>
    <line>
      <![CDATA[verify email is displayed]]>
    </line>
    <line>
      <![CDATA[<h1 style="color:green;font-size:15px;">Test Passed</h1> ]]>
    </line>
    <line>
      <![CDATA[Click on enter_mobile_no]]>
    </line>
    <line>
      <![CDATA[verify right_arrow is enable]]>
    </line>
    <line>
      <![CDATA[<h1 style="color:green;font-size:15px;">Test Passed</h1> ]]>
    </line>
    <line>
      <![CDATA[Click on right_arrow]]>
    </line>
    <line>
      <![CDATA[Click on enter_the_code_text_box]]>
    </line>
    <line>
      <![CDATA[verify right_arrow is enable]]>
    </line>
    <line>
      <![CDATA[<h1 style="color:green;font-size:15px;">Test Passed</h1> ]]>
    </line>
    <line>
      <![CDATA[Click on right_arrow]]>
    </line>
    <line>
      <![CDATA[Click on sleep_tab_button]]>
    </line>
    <line>
      <![CDATA[verify sleep_tab_button is enable]]>
    </line>
    <line>
      <![CDATA[<h1 style="color:green;font-size:15px;">Test Passed</h1> ]]>
    </line>
    <line>
      <![CDATA[verify playlist_name is enable]]>
    </line>
    <line>
      <![CDATA[<h1 style="color:green;font-size:15px;">Test Passed</h1> ]]>
    </line>
    <line>
      <![CDATA[Click on create]]>
    </line>
    <line>
      <![CDATA[verify hindi_language is displayed]]>
    </line>
    <line>
      <![CDATA[<h1 style="color:green;font-size:15px;">Test Passed</h1> ]]>
    </line>
    <line>
      <![CDATA[Click on hindi_language]]>
    </line>
    <line>
      <![CDATA[Click on stories_from_puranas]]>
    </line>
    <line>
      <![CDATA[Click on sign_in]]>
    </line>
    <line>
      <![CDATA[verify phone is displayed]]>
    </line>
    <line>
      <![CDATA[<h1 style="color:green;font-size:15px;">Test Passed</h1> ]]>
    </line>
    <line>
      <![CDATA[verify email is displayed]]>
    </line>
    <line>
      <![CDATA[<h1 style="color:green;font-size:15px;">Test Passed</h1> ]]>
    </line>
    <line>
      <![CDATA[Click on enter_mobile_no]]>
    </line>
    <line>
      <![CDATA[verify right_arrow is enable]]>
    </line>
    <line>
      <![CDATA[<h1 style="color:green;font-size:15px;">Test Passed</h1> ]]>
    </line>
    <line>
      <![CDATA[Click on right_arrow]]>
    </line>
    <line>
      <![CDATA[Click on enter_the_code_text_box]]>
    </line>
    <line>
      <![CDATA[verify right_arrow is enable]]>
    </line>
    <line>
      <![CDATA[<h1 style="color:green;font-size:15px;">Test Passed</h1> ]]>
    </line>
    <line>
      <![CDATA[Click on right_arrow]]>
    </line>
    <line>
      <![CDATA[Click on sleep_tab_button]]>
    </line>
    <line>
      <![CDATA[verify sleep_tab_button is enable]]>
    </line>
    <line>
      <![CDATA[<h1 style="color:green;font-size:15px;">Test Passed</h1> ]]>
    </line>
    <line>
      <![CDATA[verify playlist_name is enable]]>
    </line>
    <line>
      <![CDATA[<h1 style="color:green;font-size:15px;">Test Passed</h1> ]]>
    </line>
    <line>
      <![CDATA[Click on create]]>
    </line>
    <line>
      <![CDATA[verify hindi_language is displayed]]>
    </line>
    <line>
      <![CDATA[<h1 style="color:green;font-size:15px;">Test Passed</h1> ]]>
    </line>
    <line>
      <![CDATA[Click on hindi_language]]>
    </line>
    <line>
      <![CDATA[Click on ancient_wisdom_drop_down]]>
    </line>
    <line>
      <![CDATA[verify Remove_Filters is displayed]]>
    </line>
    <line>
      <![CDATA[<h1 style="color:green;font-size:15px;">Test Passed</h1> ]]>
    </line>
    <line>
      <![CDATA[Click on Remove_Filters]]>
    </line>
    <line>
      <![CDATA[verify add_item_to_playlist is displayed]]>
    </line>
    <line>
      <![CDATA[<h1 style="color:green;font-size:15px;">Test Passed</h1> ]]>
    </line>
    <line>
      <![CDATA[Click on sign_in]]>
    </line>
    <line>
      <![CDATA[verify phone is displayed]]>
    </line>
    <line>
      <![CDATA[<h1 style="color:green;font-size:15px;">Test Passed</h1> ]]>
    </line>
    <line>
      <![CDATA[verify email is displayed]]>
    </line>
    <line>
      <![CDATA[<h1 style="color:green;font-size:15px;">Test Passed</h1> ]]>
    </line>
    <line>
      <![CDATA[Click on enter_mobile_no]]>
    </line>
    <line>
      <![CDATA[verify right_arrow is enable]]>
    </line>
    <line>
      <![CDATA[<h1 style="color:green;font-size:15px;">Test Passed</h1> ]]>
    </line>
    <line>
      <![CDATA[Click on right_arrow]]>
    </line>
    <line>
      <![CDATA[Click on enter_the_code_text_box]]>
    </line>
    <line>
      <![CDATA[verify right_arrow is enable]]>
    </line>
    <line>
      <![CDATA[<h1 style="color:green;font-size:15px;">Test Passed</h1> ]]>
    </line>
    <line>
      <![CDATA[Click on right_arrow]]>
    </line>
    <line>
      <![CDATA[Click on sleep_tab_button]]>
    </line>
    <line>
      <![CDATA[verify sleep_tab_button is enable]]>
    </line>
    <line>
      <![CDATA[<h1 style="color:green;font-size:15px;">Test Passed</h1> ]]>
    </line>
    <line>
      <![CDATA[verify playlist_name is enable]]>
    </line>
    <line>
      <![CDATA[<h1 style="color:green;font-size:15px;">Test Passed</h1> ]]>
    </line>
    <line>
      <![CDATA[Click on create]]>
    </line>
    <line>
      <![CDATA[Click on sign_in]]>
    </line>
    <line>
      <![CDATA[verify phone is displayed]]>
    </line>
    <line>
      <![CDATA[<h1 style="color:green;font-size:15px;">Test Passed</h1> ]]>
    </line>
    <line>
      <![CDATA[verify email is displayed]]>
    </line>
    <line>
      <![CDATA[<h1 style="color:green;font-size:15px;">Test Passed</h1> ]]>
    </line>
    <line>
      <![CDATA[Click on enter_mobile_no]]>
    </line>
    <line>
      <![CDATA[verify right_arrow is enable]]>
    </line>
    <line>
      <![CDATA[<h1 style="color:green;font-size:15px;">Test Passed</h1> ]]>
    </line>
    <line>
      <![CDATA[Click on right_arrow]]>
    </line>
    <line>
      <![CDATA[Click on enter_the_code_text_box]]>
    </line>
    <line>
      <![CDATA[verify right_arrow is enable]]>
    </line>
    <line>
      <![CDATA[<h1 style="color:green;font-size:15px;">Test Passed</h1> ]]>
    </line>
    <line>
      <![CDATA[Click on right_arrow]]>
    </line>
    <line>
      <![CDATA[Click on sleep_tab_button]]>
    </line>
    <line>
      <![CDATA[verify sleep_tab_button is enable]]>
    </line>
    <line>
      <![CDATA[<h1 style="color:green;font-size:15px;">Test Passed</h1> ]]>
    </line>
    <line>
      <![CDATA[verify playlist_name is enable]]>
    </line>
    <line>
      <![CDATA[<h1 style="color:green;font-size:15px;">Test Passed</h1> ]]>
    </line>
    <line>
      <![CDATA[Click on create]]>
    </line>
    <line>
      <![CDATA[verify go_to_playlist is displayed]]>
    </line>
    <line>
      <![CDATA[<h1 style="color:green;font-size:15px;">Test Passed</h1> ]]>
    </line>
    <line>
      <![CDATA[Click on go_to_playlist]]>
    </line>
    <line>
      <![CDATA[verify add_item_to_playlist is displayed]]>
    </line>
    <line>
      <![CDATA[<h1 style="color:green;font-size:15px;">Test Passed</h1> ]]>
    </line>
    <line>
      <![CDATA[Click on sign_in]]>
    </line>
    <line>
      <![CDATA[verify phone is displayed]]>
    </line>
    <line>
      <![CDATA[<h1 style="color:green;font-size:15px;">Test Passed</h1> ]]>
    </line>
    <line>
      <![CDATA[verify email is displayed]]>
    </line>
    <line>
      <![CDATA[<h1 style="color:green;font-size:15px;">Test Passed</h1> ]]>
    </line>
    <line>
      <![CDATA[Click on enter_mobile_no]]>
    </line>
    <line>
      <![CDATA[verify right_arrow is enable]]>
    </line>
    <line>
      <![CDATA[<h1 style="color:green;font-size:15px;">Test Passed</h1> ]]>
    </line>
    <line>
      <![CDATA[Click on right_arrow]]>
    </line>
    <line>
      <![CDATA[Click on enter_the_code_text_box]]>
    </line>
    <line>
      <![CDATA[verify right_arrow is enable]]>
    </line>
    <line>
      <![CDATA[<h1 style="color:green;font-size:15px;">Test Passed</h1> ]]>
    </line>
    <line>
      <![CDATA[Click on right_arrow]]>
    </line>
    <line>
      <![CDATA[Click on sleep_tab_button]]>
    </line>
    <line>
      <![CDATA[verify sleep_tab_button is enable]]>
    </line>
    <line>
      <![CDATA[<h1 style="color:green;font-size:15px;">Test Passed</h1> ]]>
    </line>
    <line>
      <![CDATA[verify playlist_name is enable]]>
    </line>
    <line>
      <![CDATA[<h1 style="color:green;font-size:15px;">Test Passed</h1> ]]>
    </line>
    <line>
      <![CDATA[Click on create]]>
    </line>
    <line>
      <![CDATA[Click on ancient_wisdom_drop_down]]>
    </line>
    <line>
      <![CDATA[verify go_to_playlist is displayed]]>
    </line>
    <line>
      <![CDATA[<h1 style="color:green;font-size:15px;">Test Passed</h1> ]]>
    </line>
    <line>
      <![CDATA[Click on go_to_playlist]]>
    </line>
    <line>
      <![CDATA[verify playlist_page is displayed]]>
    </line>
    <line>
      <![CDATA[<h1 style="color:green;font-size:15px;">Test Passed</h1> ]]>
    </line>
    <line>
      <![CDATA[Click on sign_in]]>
    </line>
    <line>
      <![CDATA[verify phone is displayed]]>
    </line>
    <line>
      <![CDATA[<h1 style="color:green;font-size:15px;">Test Passed</h1> ]]>
    </line>
    <line>
      <![CDATA[verify email is displayed]]>
    </line>
    <line>
      <![CDATA[<h1 style="color:green;font-size:15px;">Test Passed</h1> ]]>
    </line>
    <line>
      <![CDATA[Click on enter_mobile_no]]>
    </line>
    <line>
      <![CDATA[verify right_arrow is enable]]>
    </line>
    <line>
      <![CDATA[<h1 style="color:green;font-size:15px;">Test Passed</h1> ]]>
    </line>
    <line>
      <![CDATA[Click on right_arrow]]>
    </line>
    <line>
      <![CDATA[Click on enter_the_code_text_box]]>
    </line>
    <line>
      <![CDATA[verify right_arrow is enable]]>
    </line>
    <line>
      <![CDATA[<h1 style="color:green;font-size:15px;">Test Passed</h1> ]]>
    </line>
    <line>
      <![CDATA[Click on right_arrow]]>
    </line>
    <line>
      <![CDATA[Click on sleep_tab_button]]>
    </line>
    <line>
      <![CDATA[verify sleep_tab_button is enable]]>
    </line>
    <line>
      <![CDATA[<h1 style="color:green;font-size:15px;">Test Passed</h1> ]]>
    </line>
    <line>
      <![CDATA[verify navigate_back is displayed]]>
    </line>
    <line>
      <![CDATA[<h1 style="color:green;font-size:15px;">Test Passed</h1> ]]>
    </line>
    <line>
      <![CDATA[Click on navigate_back]]>
    </line>
    <line>
      <![CDATA[verify sleep_tab_icon is displayed]]>
    </line>
    <line>
      <![CDATA[<h1 style="color:green;font-size:15px;">Test Passed</h1> ]]>
    </line>
    <line>
      <![CDATA[verify sleep_tab_icon is enable]]>
    </line>
    <line>
      <![CDATA[<h1 style="color:green;font-size:15px;">Test Passed</h1> ]]>
    </line>
    <line>
      <![CDATA[Click on sign_in]]>
    </line>
    <line>
      <![CDATA[verify phone is displayed]]>
    </line>
    <line>
      <![CDATA[<h1 style="color:green;font-size:15px;">Test Passed</h1> ]]>
    </line>
    <line>
      <![CDATA[verify email is displayed]]>
    </line>
    <line>
      <![CDATA[<h1 style="color:green;font-size:15px;">Test Passed</h1> ]]>
    </line>
    <line>
      <![CDATA[Click on enter_mobile_no]]>
    </line>
    <line>
      <![CDATA[verify right_arrow is enable]]>
    </line>
    <line>
      <![CDATA[<h1 style="color:green;font-size:15px;">Test Passed</h1> ]]>
    </line>
    <line>
      <![CDATA[Click on right_arrow]]>
    </line>
    <line>
      <![CDATA[Click on enter_the_code_text_box]]>
    </line>
    <line>
      <![CDATA[verify right_arrow is enable]]>
    </line>
    <line>
      <![CDATA[<h1 style="color:green;font-size:15px;">Test Passed</h1> ]]>
    </line>
    <line>
      <![CDATA[Click on right_arrow]]>
    </line>
    <line>
      <![CDATA[Click on sleep_tab_button]]>
    </line>
    <line>
      <![CDATA[verify sleep_tab_button is enable]]>
    </line>
    <line>
      <![CDATA[<h1 style="color:green;font-size:15px;">Test Passed</h1> ]]>
    </line>
    <line>
      <![CDATA[verify playlist_name is enable]]>
    </line>
    <line>
      <![CDATA[<h1 style="color:green;font-size:15px;">Test Passed</h1> ]]>
    </line>
    <line>
      <![CDATA[Click on create]]>
    </line>
    <line>
      <![CDATA[Click on ancient_wisdom_drop_down]]>
    </line>
    <line>
      <![CDATA[verify go_to_playlist is displayed]]>
    </line>
    <line>
      <![CDATA[<h1 style="color:green;font-size:15px;">Test Passed</h1> ]]>
    </line>
    <line>
      <![CDATA[Click on go_to_playlist]]>
    </line>
    <line>
      <![CDATA[verify playlist_page is displayed]]>
    </line>
    <line>
      <![CDATA[<h1 style="color:green;font-size:15px;">Test Passed</h1> ]]>
    </line>
    <line>
      <![CDATA[verify more_vert is displayed]]>
    </line>
    <line>
      <![CDATA[<h1 style="color:green;font-size:15px;">Test Passed</h1> ]]>
    </line>
    <line>
      <![CDATA[Click on more_vert]]>
    </line>
    <line>
      <![CDATA[verify close_button_playlist is displayed]]>
    </line>
    <line>
      <![CDATA[<h1 style="color:green;font-size:15px;">Test Passed</h1> ]]>
    </line>
    <line>
      <![CDATA[verify add_to_this_playlist is displayed]]>
    </line>
    <line>
      <![CDATA[<h1 style="color:green;font-size:15px;">Test Passed</h1> ]]>
    </line>
    <line>
      <![CDATA[verify delete_playlist is displayed]]>
    </line>
    <line>
      <![CDATA[<h1 style="color:green;font-size:15px;">Test Passed</h1> ]]>
    </line>
    <line>
      <![CDATA[verify edit_playlist is displayed]]>
    </line>
    <line>
      <![CDATA[<h1 style="color:green;font-size:15px;">Test Passed</h1> ]]>
    </line>
    <line>
      <![CDATA[Click on sign_in]]>
    </line>
    <line>
      <![CDATA[verify phone is displayed]]>
    </line>
    <line>
      <![CDATA[<h1 style="color:green;font-size:15px;">Test Passed</h1> ]]>
    </line>
    <line>
      <![CDATA[verify email is displayed]]>
    </line>
    <line>
      <![CDATA[<h1 style="color:green;font-size:15px;">Test Passed</h1> ]]>
    </line>
    <line>
      <![CDATA[Click on enter_mobile_no]]>
    </line>
    <line>
      <![CDATA[verify right_arrow is enable]]>
    </line>
    <line>
      <![CDATA[<h1 style="color:green;font-size:15px;">Test Passed</h1> ]]>
    </line>
    <line>
      <![CDATA[Click on right_arrow]]>
    </line>
    <line>
      <![CDATA[Click on enter_the_code_text_box]]>
    </line>
    <line>
      <![CDATA[verify right_arrow is enable]]>
    </line>
    <line>
      <![CDATA[<h1 style="color:green;font-size:15px;">Test Passed</h1> ]]>
    </line>
    <line>
      <![CDATA[Click on right_arrow]]>
    </line>
    <line>
      <![CDATA[Click on sleep_tab_button]]>
    </line>
    <line>
      <![CDATA[verify sleep_tab_button is enable]]>
    </line>
    <line>
      <![CDATA[<h1 style="color:green;font-size:15px;">Test Passed</h1> ]]>
    </line>
    <line>
      <![CDATA[verify playlist_name is enable]]>
    </line>
    <line>
      <![CDATA[<h1 style="color:green;font-size:15px;">Test Passed</h1> ]]>
    </line>
    <line>
      <![CDATA[Click on create]]>
    </line>
    <line>
      <![CDATA[Click on ancient_wisdom_drop_down]]>
    </line>
    <line>
      <![CDATA[verify go_to_playlist is displayed]]>
    </line>
    <line>
      <![CDATA[<h1 style="color:green;font-size:15px;">Test Passed</h1> ]]>
    </line>
    <line>
      <![CDATA[Click on go_to_playlist]]>
    </line>
    <line>
      <![CDATA[verify golden_values_of_life is displayed]]>
    </line>
    <line>
      <![CDATA[<h1 style="color:green;font-size:15px;">Test Passed</h1> ]]>
    </line>
    <line>
      <![CDATA[verify siddhartha_chapter is displayed]]>
    </line>
    <line>
      <![CDATA[<h1 style="color:green;font-size:15px;">Test Passed</h1> ]]>
    </line>
    <line>
      <![CDATA[Click on music_play_button_playlist]]>
    </line>
    <line>
      <![CDATA[Click on music_forward_button]]>
    </line>
    <line>
      <![CDATA[Click on stop_music]]>
    </line>
    <line>
      <![CDATA[Click on close_video_button]]>
    </line>
    <line>
      <![CDATA[verify playlist_page is displayed]]>
    </line>
    <line>
      <![CDATA[<h1 style="color:green;font-size:15px;">Test Passed</h1> ]]>
    </line>
    <line>
      <![CDATA[Click on sign_in]]>
    </line>
    <line>
      <![CDATA[verify phone is displayed]]>
    </line>
    <line>
      <![CDATA[<h1 style="color:green;font-size:15px;">Test Passed</h1> ]]>
    </line>
    <line>
      <![CDATA[verify email is displayed]]>
    </line>
    <line>
      <![CDATA[<h1 style="color:green;font-size:15px;">Test Passed</h1> ]]>
    </line>
    <line>
      <![CDATA[Click on enter_mobile_no]]>
    </line>
    <line>
      <![CDATA[verify right_arrow is enable]]>
    </line>
    <line>
      <![CDATA[<h1 style="color:green;font-size:15px;">Test Passed</h1> ]]>
    </line>
    <line>
      <![CDATA[Click on right_arrow]]>
    </line>
    <line>
      <![CDATA[Click on enter_the_code_text_box]]>
    </line>
    <line>
      <![CDATA[verify right_arrow is enable]]>
    </line>
    <line>
      <![CDATA[<h1 style="color:green;font-size:15px;">Test Passed</h1> ]]>
    </line>
    <line>
      <![CDATA[Click on right_arrow]]>
    </line>
    <line>
      <![CDATA[Click on sleep_tab_button]]>
    </line>
    <line>
      <![CDATA[verify sleep_tab_button is enable]]>
    </line>
    <line>
      <![CDATA[<h1 style="color:green;font-size:15px;">Test Passed</h1> ]]>
    </line>
    <line>
      <![CDATA[verify playlist_name is enable]]>
    </line>
    <line>
      <![CDATA[<h1 style="color:green;font-size:15px;">Test Passed</h1> ]]>
    </line>
    <line>
      <![CDATA[Click on create]]>
    </line>
    <line>
      <![CDATA[Click on ancient_wisdom_drop_down]]>
    </line>
    <line>
      <![CDATA[verify go_to_playlist is displayed]]>
    </line>
    <line>
      <![CDATA[<h1 style="color:green;font-size:15px;">Test Passed</h1> ]]>
    </line>
    <line>
      <![CDATA[Click on go_to_playlist]]>
    </line>
    <line>
      <![CDATA[verify golden_values_of_life is displayed]]>
    </line>
    <line>
      <![CDATA[<h1 style="color:green;font-size:15px;">Test Passed</h1> ]]>
    </line>
    <line>
      <![CDATA[<h1 style="color:red;font-size:15px;">Test Failed</h1>   ]]>
    </line>
    <line>
      <![CDATA[<img src="C:\Users\Harshal\Desktop\LSM_Project\LEVEL\LSM\src\test\resources\failed_test_screenshot\To_verify_when_the_user_taps_on_the_More_Vert_icon_on_the_any_added_track_from_the_playlist_SLP_PL_025_6rI3X.png" alt="test" width="1024" height="640">]]>
    </line>
    <line>
      <![CDATA[Click on sign_in]]>
    </line>
    <line>
      <![CDATA[verify phone is displayed]]>
    </line>
    <line>
      <![CDATA[<h1 style="color:green;font-size:15px;">Test Passed</h1> ]]>
    </line>
    <line>
      <![CDATA[verify email is displayed]]>
    </line>
    <line>
      <![CDATA[<h1 style="color:green;font-size:15px;">Test Passed</h1> ]]>
    </line>
    <line>
      <![CDATA[Click on enter_mobile_no]]>
    </line>
    <line>
      <![CDATA[verify right_arrow is enable]]>
    </line>
    <line>
      <![CDATA[<h1 style="color:green;font-size:15px;">Test Passed</h1> ]]>
    </line>
    <line>
      <![CDATA[Click on right_arrow]]>
    </line>
    <line>
      <![CDATA[Click on enter_the_code_text_box]]>
    </line>
    <line>
      <![CDATA[verify right_arrow is enable]]>
    </line>
    <line>
      <![CDATA[<h1 style="color:green;font-size:15px;">Test Passed</h1> ]]>
    </line>
    <line>
      <![CDATA[Click on right_arrow]]>
    </line>
    <line>
      <![CDATA[Click on sleep_tab_button]]>
    </line>
    <line>
      <![CDATA[verify sleep_tab_button is enable]]>
    </line>
    <line>
      <![CDATA[<h1 style="color:green;font-size:15px;">Test Passed</h1> ]]>
    </line>
    <line>
      <![CDATA[verify playlist_name is enable]]>
    </line>
    <line>
      <![CDATA[<h1 style="color:green;font-size:15px;">Test Passed</h1> ]]>
    </line>
    <line>
      <![CDATA[Click on create]]>
    </line>
    <line>
      <![CDATA[Click on ancient_wisdom_drop_down]]>
    </line>
    <line>
      <![CDATA[verify go_to_playlist is displayed]]>
    </line>
    <line>
      <![CDATA[<h1 style="color:green;font-size:15px;">Test Passed</h1> ]]>
    </line>
    <line>
      <![CDATA[Click on go_to_playlist]]>
    </line>
    <line>
      <![CDATA[verify golden_values_of_life is displayed]]>
    </line>
    <line>
      <![CDATA[<h1 style="color:green;font-size:15px;">Test Passed</h1> ]]>
    </line>
    <line>
      <![CDATA[verify siddhartha_chapter is displayed]]>
    </line>
    <line>
      <![CDATA[<h1 style="color:green;font-size:15px;">Test Passed</h1> ]]>
    </line>
    <line>
      <![CDATA[Click on more_vert_icon_playlist]]>
    </line>
    <line>
      <![CDATA[Click on close_button_golden_values_of_life]]>
    </line>
    <line>
      <![CDATA[Click on sign_in]]>
    </line>
    <line>
      <![CDATA[verify phone is displayed]]>
    </line>
    <line>
      <![CDATA[<h1 style="color:green;font-size:15px;">Test Passed</h1> ]]>
    </line>
    <line>
      <![CDATA[verify email is displayed]]>
    </line>
    <line>
      <![CDATA[<h1 style="color:green;font-size:15px;">Test Passed</h1> ]]>
    </line>
    <line>
      <![CDATA[Click on enter_mobile_no]]>
    </line>
    <line>
      <![CDATA[verify right_arrow is enable]]>
    </line>
    <line>
      <![CDATA[<h1 style="color:green;font-size:15px;">Test Passed</h1> ]]>
    </line>
    <line>
      <![CDATA[Click on right_arrow]]>
    </line>
    <line>
      <![CDATA[Click on enter_the_code_text_box]]>
    </line>
    <line>
      <![CDATA[verify right_arrow is enable]]>
    </line>
    <line>
      <![CDATA[<h1 style="color:green;font-size:15px;">Test Passed</h1> ]]>
    </line>
    <line>
      <![CDATA[Click on right_arrow]]>
    </line>
    <line>
      <![CDATA[Click on sleep_tab_button]]>
    </line>
    <line>
      <![CDATA[verify sleep_tab_button is enable]]>
    </line>
    <line>
      <![CDATA[<h1 style="color:green;font-size:15px;">Test Passed</h1> ]]>
    </line>
    <line>
      <![CDATA[verify playlist_name is enable]]>
    </line>
    <line>
      <![CDATA[<h1 style="color:green;font-size:15px;">Test Passed</h1> ]]>
    </line>
    <line>
      <![CDATA[Click on create]]>
    </line>
    <line>
      <![CDATA[Click on ancient_wisdom_drop_down]]>
    </line>
    <line>
      <![CDATA[verify go_to_playlist is displayed]]>
    </line>
    <line>
      <![CDATA[<h1 style="color:green;font-size:15px;">Test Passed</h1> ]]>
    </line>
    <line>
      <![CDATA[Click on go_to_playlist]]>
    </line>
    <line>
      <![CDATA[verify golden_values_of_life is displayed]]>
    </line>
    <line>
      <![CDATA[<h1 style="color:green;font-size:15px;">Test Passed</h1> ]]>
    </line>
    <line>
      <![CDATA[verify siddhartha_chapter is displayed]]>
    </line>
    <line>
      <![CDATA[<h1 style="color:green;font-size:15px;">Test Passed</h1> ]]>
    </line>
    <line>
      <![CDATA[<h1 style="color:red;font-size:15px;">Test Failed</h1>   ]]>
    </line>
    <line>
      <![CDATA[<img src="C:\Users\Harshal\Desktop\LSM_Project\LEVEL\LSM\src\test\resources\failed_test_screenshot\To_verify_when_the_user_taps_on_the_plus_Add_to_this_Playlist_option_on_the_bottom_sheet_SLP_PL_027_0ixZl.png" alt="test" width="1024" height="640">]]>
    </line>
    <line>
      <![CDATA[Click on sign_in]]>
    </line>
    <line>
      <![CDATA[verify phone is displayed]]>
    </line>
    <line>
      <![CDATA[<h1 style="color:green;font-size:15px;">Test Passed</h1> ]]>
    </line>
    <line>
      <![CDATA[verify email is displayed]]>
    </line>
    <line>
      <![CDATA[<h1 style="color:green;font-size:15px;">Test Passed</h1> ]]>
    </line>
    <line>
      <![CDATA[Click on enter_mobile_no]]>
    </line>
    <line>
      <![CDATA[verify right_arrow is enable]]>
    </line>
    <line>
      <![CDATA[<h1 style="color:green;font-size:15px;">Test Passed</h1> ]]>
    </line>
    <line>
      <![CDATA[Click on right_arrow]]>
    </line>
    <line>
      <![CDATA[Click on enter_the_code_text_box]]>
    </line>
    <line>
      <![CDATA[verify right_arrow is enable]]>
    </line>
    <line>
      <![CDATA[<h1 style="color:green;font-size:15px;">Test Passed</h1> ]]>
    </line>
    <line>
      <![CDATA[Click on right_arrow]]>
    </line>
    <line>
      <![CDATA[Click on sleep_tab_button]]>
    </line>
    <line>
      <![CDATA[verify sleep_tab_button is enable]]>
    </line>
    <line>
      <![CDATA[<h1 style="color:green;font-size:15px;">Test Passed</h1> ]]>
    </line>
    <line>
      <![CDATA[verify playlist_name is enable]]>
    </line>
    <line>
      <![CDATA[<h1 style="color:green;font-size:15px;">Test Passed</h1> ]]>
    </line>
    <line>
      <![CDATA[Click on create]]>
    </line>
    <line>
      <![CDATA[Click on ancient_wisdom_drop_down]]>
    </line>
    <line>
      <![CDATA[verify go_to_playlist is displayed]]>
    </line>
    <line>
      <![CDATA[<h1 style="color:green;font-size:15px;">Test Passed</h1> ]]>
    </line>
    <line>
      <![CDATA[Click on go_to_playlist]]>
    </line>
    <line>
      <![CDATA[verify golden_values_of_life is displayed]]>
    </line>
    <line>
      <![CDATA[<h1 style="color:green;font-size:15px;">Test Passed</h1> ]]>
    </line>
    <line>
      <![CDATA[verify siddhartha_chapter is displayed]]>
    </line>
    <line>
      <![CDATA[<h1 style="color:green;font-size:15px;">Test Passed</h1> ]]>
    </line>
    <line>
      <![CDATA[verify more_vert is displayed]]>
    </line>
    <line>
      <![CDATA[<h1 style="color:green;font-size:15px;">Test Passed</h1> ]]>
    </line>
    <line>
      <![CDATA[Click on more_vert]]>
    </line>
    <line>
      <![CDATA[Click on delete_playlist]]>
    </line>
    <line>
      <![CDATA[verify are_you_sure_pop_up is displayed]]>
    </line>
    <line>
      <![CDATA[<h1 style="color:green;font-size:15px;">Test Passed</h1> ]]>
    </line>
    <line>
      <![CDATA[Click on sign_in]]>
    </line>
    <line>
      <![CDATA[verify phone is displayed]]>
    </line>
    <line>
      <![CDATA[<h1 style="color:green;font-size:15px;">Test Passed</h1> ]]>
    </line>
    <line>
      <![CDATA[verify email is displayed]]>
    </line>
    <line>
      <![CDATA[<h1 style="color:green;font-size:15px;">Test Passed</h1> ]]>
    </line>
    <line>
      <![CDATA[Click on enter_mobile_no]]>
    </line>
    <line>
      <![CDATA[verify right_arrow is enable]]>
    </line>
    <line>
      <![CDATA[<h1 style="color:green;font-size:15px;">Test Passed</h1> ]]>
    </line>
    <line>
      <![CDATA[Click on right_arrow]]>
    </line>
    <line>
      <![CDATA[Click on enter_the_code_text_box]]>
    </line>
    <line>
      <![CDATA[verify right_arrow is enable]]>
    </line>
    <line>
      <![CDATA[<h1 style="color:green;font-size:15px;">Test Passed</h1> ]]>
    </line>
    <line>
      <![CDATA[Click on right_arrow]]>
    </line>
    <line>
      <![CDATA[Click on sleep_tab_button]]>
    </line>
    <line>
      <![CDATA[verify sleep_tab_button is enable]]>
    </line>
    <line>
      <![CDATA[<h1 style="color:green;font-size:15px;">Test Passed</h1> ]]>
    </line>
    <line>
      <![CDATA[verify playlist_name is enable]]>
    </line>
    <line>
      <![CDATA[<h1 style="color:green;font-size:15px;">Test Passed</h1> ]]>
    </line>
    <line>
      <![CDATA[Click on create]]>
    </line>
    <line>
      <![CDATA[Click on ancient_wisdom_drop_down]]>
    </line>
    <line>
      <![CDATA[verify go_to_playlist is displayed]]>
    </line>
    <line>
      <![CDATA[<h1 style="color:green;font-size:15px;">Test Passed</h1> ]]>
    </line>
    <line>
      <![CDATA[Click on go_to_playlist]]>
    </line>
    <line>
      <![CDATA[verify more_vert is displayed]]>
    </line>
    <line>
      <![CDATA[<h1 style="color:green;font-size:15px;">Test Passed</h1> ]]>
    </line>
    <line>
      <![CDATA[Click on more_vert]]>
    </line>
    <line>
      <![CDATA[Click on delete_playlist]]>
    </line>
    <line>
      <![CDATA[verify emoji_dialog is displayed]]>
    </line>
    <line>
      <![CDATA[<h1 style="color:green;font-size:15px;">Test Passed</h1> ]]>
    </line>
    <line>
      <![CDATA[Click on sign_in]]>
    </line>
    <line>
      <![CDATA[verify phone is displayed]]>
    </line>
    <line>
      <![CDATA[<h1 style="color:green;font-size:15px;">Test Passed</h1> ]]>
    </line>
    <line>
      <![CDATA[verify email is displayed]]>
    </line>
    <line>
      <![CDATA[<h1 style="color:green;font-size:15px;">Test Passed</h1> ]]>
    </line>
    <line>
      <![CDATA[Click on enter_mobile_no]]>
    </line>
    <line>
      <![CDATA[verify right_arrow is enable]]>
    </line>
    <line>
      <![CDATA[<h1 style="color:green;font-size:15px;">Test Passed</h1> ]]>
    </line>
    <line>
      <![CDATA[Click on right_arrow]]>
    </line>
    <line>
      <![CDATA[Click on enter_the_code_text_box]]>
    </line>
    <line>
      <![CDATA[verify right_arrow is enable]]>
    </line>
    <line>
      <![CDATA[<h1 style="color:green;font-size:15px;">Test Passed</h1> ]]>
    </line>
    <line>
      <![CDATA[Click on right_arrow]]>
    </line>
    <line>
      <![CDATA[Click on sleep_tab_button]]>
    </line>
    <line>
      <![CDATA[verify sleep_tab_button is enable]]>
    </line>
    <line>
      <![CDATA[<h1 style="color:green;font-size:15px;">Test Passed</h1> ]]>
    </line>
    <line>
      <![CDATA[verify playlist_name is enable]]>
    </line>
    <line>
      <![CDATA[<h1 style="color:green;font-size:15px;">Test Passed</h1> ]]>
    </line>
    <line>
      <![CDATA[Click on create]]>
    </line>
    <line>
      <![CDATA[Click on ancient_wisdom_drop_down]]>
    </line>
    <line>
      <![CDATA[verify go_to_playlist is displayed]]>
    </line>
    <line>
      <![CDATA[<h1 style="color:green;font-size:15px;">Test Passed</h1> ]]>
    </line>
    <line>
      <![CDATA[Click on go_to_playlist]]>
    </line>
    <line>
      <![CDATA[verify more_vert is displayed]]>
    </line>
    <line>
      <![CDATA[<h1 style="color:green;font-size:15px;">Test Passed</h1> ]]>
    </line>
    <line>
      <![CDATA[Click on more_vert]]>
    </line>
    <line>
      <![CDATA[Click on delete_playlist]]>
    </line>
    <line>
      <![CDATA[verify no is displayed]]>
    </line>
    <line>
      <![CDATA[<h1 style="color:green;font-size:15px;">Test Passed</h1> ]]>
    </line>
    <line>
      <![CDATA[Click on no]]>
    </line>
    <line>
      <![CDATA[verify add_to_this_playlist is displayed]]>
    </line>
    <line>
      <![CDATA[<h1 style="color:green;font-size:15px;">Test Passed</h1> ]]>
    </line>
    <line>
      <![CDATA[Click on sign_in]]>
    </line>
    <line>
      <![CDATA[verify phone is displayed]]>
    </line>
    <line>
      <![CDATA[<h1 style="color:green;font-size:15px;">Test Passed</h1> ]]>
    </line>
    <line>
      <![CDATA[verify email is displayed]]>
    </line>
    <line>
      <![CDATA[<h1 style="color:green;font-size:15px;">Test Passed</h1> ]]>
    </line>
    <line>
      <![CDATA[Click on enter_mobile_no]]>
    </line>
    <line>
      <![CDATA[verify right_arrow is enable]]>
    </line>
    <line>
      <![CDATA[<h1 style="color:green;font-size:15px;">Test Passed</h1> ]]>
    </line>
    <line>
      <![CDATA[Click on right_arrow]]>
    </line>
    <line>
      <![CDATA[Click on enter_the_code_text_box]]>
    </line>
    <line>
      <![CDATA[verify right_arrow is enable]]>
    </line>
    <line>
      <![CDATA[<h1 style="color:green;font-size:15px;">Test Passed</h1> ]]>
    </line>
    <line>
      <![CDATA[Click on right_arrow]]>
    </line>
    <line>
      <![CDATA[Click on sleep_tab_button]]>
    </line>
    <line>
      <![CDATA[verify sleep_tab_button is enable]]>
    </line>
    <line>
      <![CDATA[<h1 style="color:green;font-size:15px;">Test Passed</h1> ]]>
    </line>
    <line>
      <![CDATA[verify playlist_name is enable]]>
    </line>
    <line>
      <![CDATA[<h1 style="color:green;font-size:15px;">Test Passed</h1> ]]>
    </line>
    <line>
      <![CDATA[Click on create]]>
    </line>
    <line>
      <![CDATA[Click on ancient_wisdom_drop_down]]>
    </line>
    <line>
      <![CDATA[verify go_to_playlist is displayed]]>
    </line>
    <line>
      <![CDATA[<h1 style="color:green;font-size:15px;">Test Passed</h1> ]]>
    </line>
    <line>
      <![CDATA[Click on go_to_playlist]]>
    </line>
    <line>
      <![CDATA[verify more_vert is displayed]]>
    </line>
    <line>
      <![CDATA[<h1 style="color:green;font-size:15px;">Test Passed</h1> ]]>
    </line>
    <line>
      <![CDATA[Click on more_vert]]>
    </line>
    <line>
      <![CDATA[Click on delete_playlist]]>
    </line>
    <line>
      <![CDATA[verify yes_delete_playlist is displayed]]>
    </line>
    <line>
      <![CDATA[<h1 style="color:green;font-size:15px;">Test Passed</h1> ]]>
    </line>
    <line>
      <![CDATA[Click on yes_delete_playlist]]>
    </line>
    <line>
      <![CDATA[Click on sign_in]]>
    </line>
    <line>
      <![CDATA[verify phone is displayed]]>
    </line>
    <line>
      <![CDATA[<h1 style="color:green;font-size:15px;">Test Passed</h1> ]]>
    </line>
    <line>
      <![CDATA[verify email is displayed]]>
    </line>
    <line>
      <![CDATA[<h1 style="color:green;font-size:15px;">Test Passed</h1> ]]>
    </line>
    <line>
      <![CDATA[Click on enter_mobile_no]]>
    </line>
    <line>
      <![CDATA[verify right_arrow is enable]]>
    </line>
    <line>
      <![CDATA[<h1 style="color:green;font-size:15px;">Test Passed</h1> ]]>
    </line>
    <line>
      <![CDATA[Click on right_arrow]]>
    </line>
    <line>
      <![CDATA[Click on enter_the_code_text_box]]>
    </line>
    <line>
      <![CDATA[verify right_arrow is enable]]>
    </line>
    <line>
      <![CDATA[<h1 style="color:green;font-size:15px;">Test Passed</h1> ]]>
    </line>
    <line>
      <![CDATA[Click on right_arrow]]>
    </line>
    <line>
      <![CDATA[Click on sleep_tab_button]]>
    </line>
    <line>
      <![CDATA[verify sleep_tab_button is enable]]>
    </line>
    <line>
      <![CDATA[<h1 style="color:green;font-size:15px;">Test Passed</h1> ]]>
    </line>
    <line>
      <![CDATA[verify playlist_name is enable]]>
    </line>
    <line>
      <![CDATA[<h1 style="color:green;font-size:15px;">Test Passed</h1> ]]>
    </line>
    <line>
      <![CDATA[Click on create]]>
    </line>
    <line>
      <![CDATA[Click on ancient_wisdom_drop_down]]>
    </line>
    <line>
      <![CDATA[verify go_to_playlist is displayed]]>
    </line>
    <line>
      <![CDATA[<h1 style="color:green;font-size:15px;">Test Passed</h1> ]]>
    </line>
    <line>
      <![CDATA[Click on go_to_playlist]]>
    </line>
    <line>
      <![CDATA[verify more_vert is displayed]]>
    </line>
    <line>
      <![CDATA[<h1 style="color:green;font-size:15px;">Test Passed</h1> ]]>
    </line>
    <line>
      <![CDATA[Click on more_vert]]>
    </line>
    <line>
      <![CDATA[Click on edit_playlist]]>
    </line>
    <line>
      <![CDATA[verify Edit_Playlist_Screen is displayed]]>
    </line>
    <line>
      <![CDATA[<h1 style="color:green;font-size:15px;">Test Passed</h1> ]]>
    </line>
    <line>
      <![CDATA[Click on sign_in]]>
    </line>
    <line>
      <![CDATA[verify phone is displayed]]>
    </line>
    <line>
      <![CDATA[<h1 style="color:green;font-size:15px;">Test Passed</h1> ]]>
    </line>
    <line>
      <![CDATA[verify email is displayed]]>
    </line>
    <line>
      <![CDATA[<h1 style="color:green;font-size:15px;">Test Passed</h1> ]]>
    </line>
    <line>
      <![CDATA[Click on enter_mobile_no]]>
    </line>
    <line>
      <![CDATA[verify right_arrow is enable]]>
    </line>
    <line>
      <![CDATA[<h1 style="color:green;font-size:15px;">Test Passed</h1> ]]>
    </line>
    <line>
      <![CDATA[Click on right_arrow]]>
    </line>
    <line>
      <![CDATA[Click on enter_the_code_text_box]]>
    </line>
    <line>
      <![CDATA[verify right_arrow is enable]]>
    </line>
    <line>
      <![CDATA[<h1 style="color:green;font-size:15px;">Test Passed</h1> ]]>
    </line>
    <line>
      <![CDATA[Click on right_arrow]]>
    </line>
    <line>
      <![CDATA[Click on sleep_tab_button]]>
    </line>
    <line>
      <![CDATA[verify sleep_tab_button is enable]]>
    </line>
    <line>
      <![CDATA[<h1 style="color:green;font-size:15px;">Test Passed</h1> ]]>
    </line>
    <line>
      <![CDATA[verify playlist_name is enable]]>
    </line>
    <line>
      <![CDATA[<h1 style="color:green;font-size:15px;">Test Passed</h1> ]]>
    </line>
    <line>
      <![CDATA[Click on create]]>
    </line>
    <line>
      <![CDATA[Click on ancient_wisdom_drop_down]]>
    </line>
    <line>
      <![CDATA[verify go_to_playlist is displayed]]>
    </line>
    <line>
      <![CDATA[<h1 style="color:green;font-size:15px;">Test Passed</h1> ]]>
    </line>
    <line>
      <![CDATA[Click on go_to_playlist]]>
    </line>
    <line>
      <![CDATA[verify more_vert is displayed]]>
    </line>
    <line>
      <![CDATA[<h1 style="color:green;font-size:15px;">Test Passed</h1> ]]>
    </line>
    <line>
      <![CDATA[Click on more_vert]]>
    </line>
    <line>
      <![CDATA[Click on edit_playlist]]>
    </line>
    <line>
      <![CDATA[Click on save_playlist]]>
    </line>
    <line>
      <![CDATA[verify Edit_Playlist_Screen is displayed]]>
    </line>
    <line>
      <![CDATA[<h1 style="color:green;font-size:15px;">Test Passed</h1> ]]>
    </line>
    <line>
      <![CDATA[Click on sign_in]]>
    </line>
    <line>
      <![CDATA[verify phone is displayed]]>
    </line>
    <line>
      <![CDATA[<h1 style="color:green;font-size:15px;">Test Passed</h1> ]]>
    </line>
    <line>
      <![CDATA[verify email is displayed]]>
    </line>
    <line>
      <![CDATA[<h1 style="color:green;font-size:15px;">Test Passed</h1> ]]>
    </line>
    <line>
      <![CDATA[Click on enter_mobile_no]]>
    </line>
    <line>
      <![CDATA[verify right_arrow is enable]]>
    </line>
    <line>
      <![CDATA[<h1 style="color:green;font-size:15px;">Test Passed</h1> ]]>
    </line>
    <line>
      <![CDATA[Click on right_arrow]]>
    </line>
    <line>
      <![CDATA[Click on enter_the_code_text_box]]>
    </line>
    <line>
      <![CDATA[verify right_arrow is enable]]>
    </line>
    <line>
      <![CDATA[<h1 style="color:green;font-size:15px;">Test Passed</h1> ]]>
    </line>
    <line>
      <![CDATA[Click on right_arrow]]>
    </line>
    <line>
      <![CDATA[Click on sleep_tab_button]]>
    </line>
    <line>
      <![CDATA[verify sleep_tab_button is enable]]>
    </line>
    <line>
      <![CDATA[<h1 style="color:green;font-size:15px;">Test Passed</h1> ]]>
    </line>
    <line>
      <![CDATA[verify playlist_name is enable]]>
    </line>
    <line>
      <![CDATA[<h1 style="color:green;font-size:15px;">Test Passed</h1> ]]>
    </line>
    <line>
      <![CDATA[Click on create]]>
    </line>
    <line>
      <![CDATA[Click on ancient_wisdom_drop_down]]>
    </line>
    <line>
      <![CDATA[verify go_to_playlist is displayed]]>
    </line>
    <line>
      <![CDATA[<h1 style="color:green;font-size:15px;">Test Passed</h1> ]]>
    </line>
    <line>
      <![CDATA[Click on go_to_playlist]]>
    </line>
    <line>
      <![CDATA[verify more_vert is displayed]]>
    </line>
    <line>
      <![CDATA[<h1 style="color:green;font-size:15px;">Test Passed</h1> ]]>
    </line>
    <line>
      <![CDATA[Click on more_vert]]>
    </line>
    <line>
      <![CDATA[Click on edit_playlist]]>
    </line>
    <line>
      <![CDATA[Click on save_playlist]]>
    </line>
    <line>
      <![CDATA[Click on sign_in]]>
    </line>
    <line>
      <![CDATA[verify phone is displayed]]>
    </line>
    <line>
      <![CDATA[<h1 style="color:green;font-size:15px;">Test Passed</h1> ]]>
    </line>
    <line>
      <![CDATA[verify email is displayed]]>
    </line>
    <line>
      <![CDATA[<h1 style="color:green;font-size:15px;">Test Passed</h1> ]]>
    </line>
    <line>
      <![CDATA[Click on enter_mobile_no]]>
    </line>
    <line>
      <![CDATA[verify right_arrow is enable]]>
    </line>
    <line>
      <![CDATA[<h1 style="color:green;font-size:15px;">Test Passed</h1> ]]>
    </line>
    <line>
      <![CDATA[Click on right_arrow]]>
    </line>
    <line>
      <![CDATA[Click on enter_the_code_text_box]]>
    </line>
    <line>
      <![CDATA[verify right_arrow is enable]]>
    </line>
    <line>
      <![CDATA[<h1 style="color:green;font-size:15px;">Test Passed</h1> ]]>
    </line>
    <line>
      <![CDATA[Click on right_arrow]]>
    </line>
    <line>
      <![CDATA[Click on sleep_tab_button]]>
    </line>
    <line>
      <![CDATA[verify sleep_tab_button is enable]]>
    </line>
    <line>
      <![CDATA[<h1 style="color:green;font-size:15px;">Test Passed</h1> ]]>
    </line>
    <line>
      <![CDATA[verify playlist_name is enable]]>
    </line>
    <line>
      <![CDATA[<h1 style="color:green;font-size:15px;">Test Passed</h1> ]]>
    </line>
    <line>
      <![CDATA[Click on create]]>
    </line>
    <line>
      <![CDATA[Click on ancient_wisdom_drop_down]]>
    </line>
    <line>
      <![CDATA[verify go_to_playlist is displayed]]>
    </line>
    <line>
      <![CDATA[<h1 style="color:green;font-size:15px;">Test Passed</h1> ]]>
    </line>
    <line>
      <![CDATA[Click on go_to_playlist]]>
    </line>
    <line>
      <![CDATA[verify more_vert is displayed]]>
    </line>
    <line>
      <![CDATA[<h1 style="color:green;font-size:15px;">Test Passed</h1> ]]>
    </line>
    <line>
      <![CDATA[Click on more_vert]]>
    </line>
    <line>
      <![CDATA[Click on edit_playlist]]>
    </line>
    <line>
      <![CDATA[Click on Remove_x_icon_playlist]]>
    </line>
    <line>
      <![CDATA[Click on sign_in]]>
    </line>
    <line>
      <![CDATA[verify phone is displayed]]>
    </line>
    <line>
      <![CDATA[<h1 style="color:green;font-size:15px;">Test Passed</h1> ]]>
    </line>
    <line>
      <![CDATA[verify email is displayed]]>
    </line>
    <line>
      <![CDATA[<h1 style="color:green;font-size:15px;">Test Passed</h1> ]]>
    </line>
    <line>
      <![CDATA[Click on enter_mobile_no]]>
    </line>
    <line>
      <![CDATA[verify right_arrow is enable]]>
    </line>
    <line>
      <![CDATA[<h1 style="color:green;font-size:15px;">Test Passed</h1> ]]>
    </line>
    <line>
      <![CDATA[Click on right_arrow]]>
    </line>
    <line>
      <![CDATA[Click on enter_the_code_text_box]]>
    </line>
    <line>
      <![CDATA[verify right_arrow is enable]]>
    </line>
    <line>
      <![CDATA[<h1 style="color:green;font-size:15px;">Test Passed</h1> ]]>
    </line>
    <line>
      <![CDATA[Click on right_arrow]]>
    </line>
    <line>
      <![CDATA[Click on sleep_tab_button]]>
    </line>
    <line>
      <![CDATA[verify sleep_tab_button is enable]]>
    </line>
    <line>
      <![CDATA[<h1 style="color:green;font-size:15px;">Test Passed</h1> ]]>
    </line>
    <line>
      <![CDATA[verify playlist_name is enable]]>
    </line>
    <line>
      <![CDATA[<h1 style="color:green;font-size:15px;">Test Passed</h1> ]]>
    </line>
    <line>
      <![CDATA[Click on create]]>
    </line>
    <line>
      <![CDATA[Click on ancient_wisdom_drop_down]]>
    </line>
    <line>
      <![CDATA[verify go_to_playlist is displayed]]>
    </line>
    <line>
      <![CDATA[<h1 style="color:green;font-size:15px;">Test Passed</h1> ]]>
    </line>
    <line>
      <![CDATA[Click on go_to_playlist]]>
    </line>
    <line>
      <![CDATA[verify more_vert is displayed]]>
    </line>
    <line>
      <![CDATA[<h1 style="color:green;font-size:15px;">Test Passed</h1> ]]>
    </line>
    <line>
      <![CDATA[Click on more_vert]]>
    </line>
    <line>
      <![CDATA[Click on edit_playlist]]>
    </line>
    <line>
      <![CDATA[Click on save_playlist]]>
    </line>
    <line>
      <![CDATA[Click on sign_in]]>
    </line>
    <line>
      <![CDATA[verify phone is displayed]]>
    </line>
    <line>
      <![CDATA[<h1 style="color:green;font-size:15px;">Test Passed</h1> ]]>
    </line>
    <line>
      <![CDATA[verify email is displayed]]>
    </line>
    <line>
      <![CDATA[<h1 style="color:green;font-size:15px;">Test Passed</h1> ]]>
    </line>
    <line>
      <![CDATA[Click on enter_mobile_no]]>
    </line>
    <line>
      <![CDATA[verify right_arrow is enable]]>
    </line>
    <line>
      <![CDATA[<h1 style="color:green;font-size:15px;">Test Passed</h1> ]]>
    </line>
    <line>
      <![CDATA[Click on right_arrow]]>
    </line>
    <line>
      <![CDATA[Click on enter_the_code_text_box]]>
    </line>
    <line>
      <![CDATA[verify right_arrow is enable]]>
    </line>
    <line>
      <![CDATA[<h1 style="color:green;font-size:15px;">Test Passed</h1> ]]>
    </line>
    <line>
      <![CDATA[Click on right_arrow]]>
    </line>
    <line>
      <![CDATA[Click on sleep_tab_button]]>
    </line>
    <line>
      <![CDATA[verify sleep_tab_button is enable]]>
    </line>
    <line>
      <![CDATA[<h1 style="color:green;font-size:15px;">Test Passed</h1> ]]>
    </line>
    <line>
      <![CDATA[verify playlist_name is enable]]>
    </line>
    <line>
      <![CDATA[<h1 style="color:green;font-size:15px;">Test Passed</h1> ]]>
    </line>
    <line>
      <![CDATA[Click on create]]>
    </line>
    <line>
      <![CDATA[Click on ancient_wisdom_drop_down]]>
    </line>
    <line>
      <![CDATA[verify go_to_playlist is displayed]]>
    </line>
    <line>
      <![CDATA[<h1 style="color:green;font-size:15px;">Test Passed</h1> ]]>
    </line>
    <line>
      <![CDATA[Click on go_to_playlist]]>
    </line>
    <line>
      <![CDATA[verify more_vert is displayed]]>
    </line>
    <line>
      <![CDATA[<h1 style="color:green;font-size:15px;">Test Passed</h1> ]]>
    </line>
    <line>
      <![CDATA[Click on more_vert]]>
    </line>
    <line>
      <![CDATA[Click on edit_playlist]]>
    </line>
    <line>
      <![CDATA[Click on Remove_x_icon_playlist]]>
    </line>
    <line>
      <![CDATA[Click on save_playlist]]>
    </line>
    <line>
      <![CDATA[Click on sign_in]]>
    </line>
    <line>
      <![CDATA[verify phone is displayed]]>
    </line>
    <line>
      <![CDATA[<h1 style="color:green;font-size:15px;">Test Passed</h1> ]]>
    </line>
    <line>
      <![CDATA[verify email is displayed]]>
    </line>
    <line>
      <![CDATA[<h1 style="color:green;font-size:15px;">Test Passed</h1> ]]>
    </line>
    <line>
      <![CDATA[Click on enter_mobile_no]]>
    </line>
    <line>
      <![CDATA[verify right_arrow is enable]]>
    </line>
    <line>
      <![CDATA[<h1 style="color:green;font-size:15px;">Test Passed</h1> ]]>
    </line>
    <line>
      <![CDATA[Click on right_arrow]]>
    </line>
    <line>
      <![CDATA[Click on enter_the_code_text_box]]>
    </line>
    <line>
      <![CDATA[verify right_arrow is enable]]>
    </line>
    <line>
      <![CDATA[<h1 style="color:green;font-size:15px;">Test Passed</h1> ]]>
    </line>
    <line>
      <![CDATA[Click on right_arrow]]>
    </line>
    <line>
      <![CDATA[Click on sleep_tab_button]]>
    </line>
    <line>
      <![CDATA[verify sleep_tab_button is enable]]>
    </line>
    <line>
      <![CDATA[<h1 style="color:green;font-size:15px;">Test Passed</h1> ]]>
    </line>
    <line>
      <![CDATA[verify playlist_name is enable]]>
    </line>
    <line>
      <![CDATA[<h1 style="color:green;font-size:15px;">Test Passed</h1> ]]>
    </line>
    <line>
      <![CDATA[Click on create]]>
    </line>
    <line>
      <![CDATA[Click on ancient_wisdom_drop_down]]>
    </line>
    <line>
      <![CDATA[verify go_to_playlist is displayed]]>
    </line>
    <line>
      <![CDATA[<h1 style="color:green;font-size:15px;">Test Passed</h1> ]]>
    </line>
    <line>
      <![CDATA[Click on go_to_playlist]]>
    </line>
    <line>
      <![CDATA[Click on more_vert_icon_playlist]]>
    </line>
    <line>
      <![CDATA[verify logo_image_golden_values_of_life is displayed]]>
    </line>
    <line>
      <![CDATA[<h1 style="color:green;font-size:15px;">Test Passed</h1> ]]>
    </line>
    <line>
      <![CDATA[verify name_of_golden_values_of_life is displayed]]>
    </line>
    <line>
      <![CDATA[<h1 style="color:green;font-size:15px;">Test Passed</h1> ]]>
    </line>
    <line>
      <![CDATA[verify duration_of_golden_values_of_life is displayed]]>
    </line>
    <line>
      <![CDATA[<h1 style="color:green;font-size:15px;">Test Passed</h1> ]]>
    </line>
    <line>
      <![CDATA[verify close_button_golden_values_of_life is displayed]]>
    </line>
    <line>
      <![CDATA[<h1 style="color:green;font-size:15px;">Test Passed</h1> ]]>
    </line>
    <line>
      <![CDATA[verify add_to_favorites is displayed]]>
    </line>
    <line>
      <![CDATA[<h1 style="color:green;font-size:15px;">Test Passed</h1> ]]>
    </line>
    <line>
      <![CDATA[verify schedule_a_reminder is displayed]]>
    </line>
    <line>
      <![CDATA[<h1 style="color:green;font-size:15px;">Test Passed</h1> ]]>
    </line>
    <line>
      <![CDATA[Click on sign_in]]>
    </line>
    <line>
      <![CDATA[verify phone is displayed]]>
    </line>
    <line>
      <![CDATA[<h1 style="color:green;font-size:15px;">Test Passed</h1> ]]>
    </line>
    <line>
      <![CDATA[verify email is displayed]]>
    </line>
    <line>
      <![CDATA[<h1 style="color:green;font-size:15px;">Test Passed</h1> ]]>
    </line>
    <line>
      <![CDATA[Click on enter_mobile_no]]>
    </line>
    <line>
      <![CDATA[verify right_arrow is enable]]>
    </line>
    <line>
      <![CDATA[<h1 style="color:green;font-size:15px;">Test Passed</h1> ]]>
    </line>
    <line>
      <![CDATA[Click on right_arrow]]>
    </line>
    <line>
      <![CDATA[Click on enter_the_code_text_box]]>
    </line>
    <line>
      <![CDATA[verify right_arrow is enable]]>
    </line>
    <line>
      <![CDATA[<h1 style="color:green;font-size:15px;">Test Passed</h1> ]]>
    </line>
    <line>
      <![CDATA[Click on right_arrow]]>
    </line>
    <line>
      <![CDATA[Click on sleep_tab_button]]>
    </line>
    <line>
      <![CDATA[verify sleep_tab_button is enable]]>
    </line>
    <line>
      <![CDATA[<h1 style="color:green;font-size:15px;">Test Passed</h1> ]]>
    </line>
    <line>
      <![CDATA[verify playlist_name is enable]]>
    </line>
    <line>
      <![CDATA[<h1 style="color:green;font-size:15px;">Test Passed</h1> ]]>
    </line>
    <line>
      <![CDATA[Click on create]]>
    </line>
    <line>
      <![CDATA[Click on ancient_wisdom_drop_down]]>
    </line>
    <line>
      <![CDATA[verify go_to_playlist is displayed]]>
    </line>
    <line>
      <![CDATA[<h1 style="color:green;font-size:15px;">Test Passed</h1> ]]>
    </line>
    <line>
      <![CDATA[Click on go_to_playlist]]>
    </line>
    <line>
      <![CDATA[Click on more_vert_icon_playlist]]>
    </line>
    <line>
      <![CDATA[Click on close_button_golden_values_of_life]]>
    </line>
    <line>
      <![CDATA[Click on sign_in]]>
    </line>
    <line>
      <![CDATA[verify phone is displayed]]>
    </line>
    <line>
      <![CDATA[<h1 style="color:green;font-size:15px;">Test Passed</h1> ]]>
    </line>
    <line>
      <![CDATA[verify email is displayed]]>
    </line>
    <line>
      <![CDATA[<h1 style="color:green;font-size:15px;">Test Passed</h1> ]]>
    </line>
    <line>
      <![CDATA[Click on enter_mobile_no]]>
    </line>
    <line>
      <![CDATA[verify right_arrow is enable]]>
    </line>
    <line>
      <![CDATA[<h1 style="color:green;font-size:15px;">Test Passed</h1> ]]>
    </line>
    <line>
      <![CDATA[Click on right_arrow]]>
    </line>
    <line>
      <![CDATA[Click on enter_the_code_text_box]]>
    </line>
    <line>
      <![CDATA[verify right_arrow is enable]]>
    </line>
    <line>
      <![CDATA[<h1 style="color:green;font-size:15px;">Test Passed</h1> ]]>
    </line>
    <line>
      <![CDATA[Click on right_arrow]]>
    </line>
    <line>
      <![CDATA[Click on sleep_tab_button]]>
    </line>
    <line>
      <![CDATA[verify sleep_tab_button is enable]]>
    </line>
    <line>
      <![CDATA[<h1 style="color:green;font-size:15px;">Test Passed</h1> ]]>
    </line>
    <line>
      <![CDATA[verify playlist_name is enable]]>
    </line>
    <line>
      <![CDATA[<h1 style="color:green;font-size:15px;">Test Passed</h1> ]]>
    </line>
    <line>
      <![CDATA[Click on create]]>
    </line>
    <line>
      <![CDATA[Click on ancient_wisdom_drop_down]]>
    </line>
    <line>
      <![CDATA[verify go_to_playlist is displayed]]>
    </line>
    <line>
      <![CDATA[<h1 style="color:green;font-size:15px;">Test Passed</h1> ]]>
    </line>
    <line>
      <![CDATA[Click on go_to_playlist]]>
    </line>
    <line>
      <![CDATA[Click on more_vert_icon_playlist]]>
    </line>
    <line>
      <![CDATA[Click on Remove_from_favorites]]>
    </line>
    <line>
      <![CDATA[Click on add_to_favorites]]>
    </line>
    <line>
      <![CDATA[Click on close_button_golden_values_of_life]]>
    </line>
    <line>
      <![CDATA[verify navigate_back is displayed]]>
    </line>
    <line>
      <![CDATA[<h1 style="color:green;font-size:15px;">Test Passed</h1> ]]>
    </line>
    <line>
      <![CDATA[Click on navigate_back]]>
    </line>
    <line>
      <![CDATA[Click on favorite_list]]>
    </line>
    <line>
      <![CDATA[<h1 style="color:red;font-size:15px;">Test Failed</h1>   ]]>
    </line>
    <line>
      <![CDATA[<img src="C:\Users\Harshal\Desktop\LSM_Project\LEVEL\LSM\src\test\resources\failed_test_screenshot\To_verify_when_the_user_taps_on_the_Add_to_favorites_option_on_the_bottom_sheet_SLP_PL_044_KQd6n.png" alt="test" width="1024" height="640">]]>
    </line>
    <line>
      <![CDATA[Click on sign_in]]>
    </line>
    <line>
      <![CDATA[verify phone is displayed]]>
    </line>
    <line>
      <![CDATA[<h1 style="color:green;font-size:15px;">Test Passed</h1> ]]>
    </line>
    <line>
      <![CDATA[verify email is displayed]]>
    </line>
    <line>
      <![CDATA[<h1 style="color:green;font-size:15px;">Test Passed</h1> ]]>
    </line>
    <line>
      <![CDATA[Click on enter_mobile_no]]>
    </line>
    <line>
      <![CDATA[verify right_arrow is enable]]>
    </line>
    <line>
      <![CDATA[<h1 style="color:green;font-size:15px;">Test Passed</h1> ]]>
    </line>
    <line>
      <![CDATA[Click on right_arrow]]>
    </line>
    <line>
      <![CDATA[Click on enter_the_code_text_box]]>
    </line>
    <line>
      <![CDATA[verify right_arrow is enable]]>
    </line>
    <line>
      <![CDATA[<h1 style="color:green;font-size:15px;">Test Passed</h1> ]]>
    </line>
    <line>
      <![CDATA[Click on right_arrow]]>
    </line>
    <line>
      <![CDATA[Click on sleep_tab_button]]>
    </line>
    <line>
      <![CDATA[verify sleep_tab_button is enable]]>
    </line>
    <line>
      <![CDATA[<h1 style="color:green;font-size:15px;">Test Passed</h1> ]]>
    </line>
    <line>
      <![CDATA[verify playlist_name is enable]]>
    </line>
    <line>
      <![CDATA[<h1 style="color:green;font-size:15px;">Test Passed</h1> ]]>
    </line>
    <line>
      <![CDATA[Click on create]]>
    </line>
    <line>
      <![CDATA[Click on ancient_wisdom_drop_down]]>
    </line>
    <line>
      <![CDATA[verify go_to_playlist is displayed]]>
    </line>
    <line>
      <![CDATA[<h1 style="color:green;font-size:15px;">Test Passed</h1> ]]>
    </line>
    <line>
      <![CDATA[Click on go_to_playlist]]>
    </line>
    <line>
      <![CDATA[Click on more_vert_icon_playlist]]>
    </line>
    <line>
      <![CDATA[Click on schedule_a_reminder]]>
    </line>
    <line>
      <![CDATA[Click on sign_in]]>
    </line>
    <line>
      <![CDATA[verify phone is displayed]]>
    </line>
    <line>
      <![CDATA[<h1 style="color:green;font-size:15px;">Test Passed</h1> ]]>
    </line>
    <line>
      <![CDATA[verify email is displayed]]>
    </line>
    <line>
      <![CDATA[<h1 style="color:green;font-size:15px;">Test Passed</h1> ]]>
    </line>
    <line>
      <![CDATA[Click on enter_mobile_no]]>
    </line>
    <line>
      <![CDATA[verify right_arrow is enable]]>
    </line>
    <line>
      <![CDATA[<h1 style="color:green;font-size:15px;">Test Passed</h1> ]]>
    </line>
    <line>
      <![CDATA[Click on right_arrow]]>
    </line>
    <line>
      <![CDATA[Click on enter_the_code_text_box]]>
    </line>
    <line>
[...]
            <line>
              <![CDATA[Click on sign_in]]>
            </line>
            <line>
              <![CDATA[verify phone is displayed]]>
            </line>
            <line>
              <![CDATA[<h1 style="color:green;font-size:15px;">Test Passed</h1> ]]>
            </line>
            <line>
              <![CDATA[verify email is displayed]]>
            </line>
            <line>
              <![CDATA[<h1 style="color:green;font-size:15px;">Test Passed</h1> ]]>
            </line>
            <line>
              <![CDATA[Click on enter_mobile_no]]>
            </line>
            <line>
              <![CDATA[verify right_arrow is enable]]>
            </line>
            <line>
              <![CDATA[<h1 style="color:green;font-size:15px;">Test Passed</h1> ]]>
            </line>
            <line>
              <![CDATA[Click on right_arrow]]>
            </line>
            <line>
              <![CDATA[Click on enter_the_code_text_box]]>
            </line>
            <line>
              <![CDATA[verify right_arrow is enable]]>
            </line>
            <line>
              <![CDATA[<h1 style="color:green;font-size:15px;">Test Passed</h1> ]]>
            </line>
            <line>
              <![CDATA[Click on right_arrow]]>
            </line>
            <line>
              <![CDATA[Click on music_playlist]]>
            </line>
            <line>
              <![CDATA[verify playlist_name is enable]]>
            </line>
            <line>
              <![CDATA[<h1 style="color:green;font-size:15px;">Test Passed</h1> ]]>
            </line>
          </reporter-output>
        </test-method> <!-- To_verify_when_the_user_taps_on_the_Create_Playlist_button_on_the_Your_Playlist_section_Music_PL_001 -->
        <test-method is-config="true" signature="tear_down(org.testng.ITestResult)[pri:0, instance:mobile.tests.Music_Playlist.Music_Playlist_Test@5b12b668]" started-at="2024-11-08T03:34:41 IST" name="tear_down" finished-at="2024-11-08T03:34:42 IST" duration-ms="1033" status="PASS">
          <params>
            <param index="0">
              <value>
                <![CDATA[[TestResult name=To_verify_when_the_user_taps_on_the_Create_Playlist_button_on_the_Your_Playlist_section_Music_PL_001 status=SUCCESS method=Music_Playlist_Test.To_verify_when_the_user_taps_on_the_Create_Playlist_button_on_the_Your_Playlist_section_Music_PL_001()[pri:0, instance:mobile.tests.Music_Playlist.Music_Playlist_Test@5b12b668] output=Click on sign_in]]]>
              </value>
            </param>
          </params>
          <reporter-output>
          </reporter-output>
        </test-method> <!-- tear_down -->
      </class> <!-- mobile.tests.Music_Playlist.Music_Playlist_Test -->
    </test> <!-- To verify when the user taps on the Create Playlist button on the Your Playlist section Music PL 001 -->
    <test started-at="2024-11-08T03:34:42 IST" name="To verify when the use taps on the the Playlist Name filed Music PL 003" finished-at="2024-11-08T03:36:21 IST" duration-ms="98923">
      <class name="mobile.tests.Music_Playlist.Music_Playlist_Test">
        <test-method is-config="true" signature="init()[pri:0, instance:mobile.tests.Music_Playlist.Music_Playlist_Test@7586beff]" started-at="2024-11-08T03:34:42 IST" name="init" finished-at="2024-11-08T03:35:00 IST" duration-ms="18332" status="PASS">
          <reporter-output>
          </reporter-output>
        </test-method> <!-- init -->
        <test-method signature="To_verify_when_the_use_taps_on_the_the_Playlist_Name_filed_Music_PL_003()[pri:0, instance:mobile.tests.Music_Playlist.Music_Playlist_Test@7586beff]" started-at="2024-11-08T03:35:00 IST" name="To_verify_when_the_use_taps_on_the_the_Playlist_Name_filed_Music_PL_003" finished-at="2024-11-08T03:36:20 IST" duration-ms="79994" status="PASS">
          <reporter-output>
            <line>
              <![CDATA[Click on sign_in]]>
            </line>
            <line>
              <![CDATA[verify phone is displayed]]>
            </line>
            <line>
              <![CDATA[<h1 style="color:green;font-size:15px;">Test Passed</h1> ]]>
            </line>
            <line>
              <![CDATA[verify email is displayed]]>
            </line>
            <line>
              <![CDATA[<h1 style="color:green;font-size:15px;">Test Passed</h1> ]]>
            </line>
            <line>
              <![CDATA[Click on enter_mobile_no]]>
            </line>
            <line>
              <![CDATA[verify right_arrow is enable]]>
            </line>
            <line>
              <![CDATA[<h1 style="color:green;font-size:15px;">Test Passed</h1> ]]>
            </line>
            <line>
              <![CDATA[Click on right_arrow]]>
            </line>
            <line>
              <![CDATA[Click on enter_the_code_text_box]]>
            </line>
            <line>
              <![CDATA[verify right_arrow is enable]]>
            </line>
            <line>
              <![CDATA[<h1 style="color:green;font-size:15px;">Test Passed</h1> ]]>
            </line>
            <line>
              <![CDATA[Click on right_arrow]]>
            </line>
            <line>
              <![CDATA[Click on music_playlist]]>
            </line>
            <line>
              <![CDATA[verify playlist_name is enable]]>
            </line>
            <line>
              <![CDATA[<h1 style="color:green;font-size:15px;">Test Passed</h1> ]]>
            </line>
          </reporter-output>
        </test-method> <!-- To_verify_when_the_use_taps_on_the_the_Playlist_Name_filed_Music_PL_003 -->
        <test-method is-config="true" signature="tear_down(org.testng.ITestResult)[pri:0, instance:mobile.tests.Music_Playlist.Music_Playlist_Test@7586beff]" started-at="2024-11-08T03:36:20 IST" name="tear_down" finished-at="2024-11-08T03:36:21 IST" duration-ms="595" status="PASS">
          <params>
            <param index="0">
              <value>
                <![CDATA[[TestResult name=To_verify_when_the_use_taps_on_the_the_Playlist_Name_filed_Music_PL_003 status=SUCCESS method=Music_Playlist_Test.To_verify_when_the_use_taps_on_the_the_Playlist_Name_filed_Music_PL_003()[pri:0, instance:mobile.tests.Music_Playlist.Music_Playlist_Test@7586beff] output=Click on sign_in]]]>
              </value>
            </param>
          </params>
          <reporter-output>
          </reporter-output>
        </test-method> <!-- tear_down -->
      </class> <!-- mobile.tests.Music_Playlist.Music_Playlist_Test -->
    </test> <!-- To verify when the use taps on the the Playlist Name filed Music PL 003 -->
    <test started-at="2024-11-08T03:36:21 IST" name="To verify when the user taps on the Cancel button Music PL 004" finished-at="2024-11-08T03:38:12 IST" duration-ms="111501">
      <class name="mobile.tests.Music_Playlist.Music_Playlist_Test">
        <test-method is-config="true" signature="init()[pri:0, instance:mobile.tests.Music_Playlist.Music_Playlist_Test@5542c4ed]" started-at="2024-11-08T03:36:21 IST" name="init" finished-at="2024-11-08T03:36:39 IST" duration-ms="18424" status="PASS">
          <reporter-output>
          </reporter-output>
        </test-method> <!-- init -->
        <test-method signature="To_verify_when_the_user_taps_on_the_Cancel_button_Music_PL_004()[pri:0, instance:mobile.tests.Music_Playlist.Music_Playlist_Test@5542c4ed]" started-at="2024-11-08T03:36:39 IST" name="To_verify_when_the_user_taps_on_the_Cancel_button_Music_PL_004" finished-at="2024-11-08T03:38:12 IST" duration-ms="92444" status="PASS">
          <reporter-output>
            <line>
              <![CDATA[Click on sign_in]]>
            </line>
            <line>
              <![CDATA[verify phone is displayed]]>
            </line>
            <line>
              <![CDATA[<h1 style="color:green;font-size:15px;">Test Passed</h1> ]]>
            </line>
            <line>
              <![CDATA[verify email is displayed]]>
            </line>
            <line>
              <![CDATA[<h1 style="color:green;font-size:15px;">Test Passed</h1> ]]>
            </line>
            <line>
              <![CDATA[Click on enter_mobile_no]]>
            </line>
            <line>
              <![CDATA[verify right_arrow is enable]]>
            </line>
            <line>
              <![CDATA[<h1 style="color:green;font-size:15px;">Test Passed</h1> ]]>
            </line>
            <line>
              <![CDATA[Click on right_arrow]]>
            </line>
            <line>
              <![CDATA[Click on enter_the_code_text_box]]>
            </line>
            <line>
              <![CDATA[verify right_arrow is enable]]>
            </line>
            <line>
              <![CDATA[<h1 style="color:green;font-size:15px;">Test Passed</h1> ]]>
            </line>
            <line>
              <![CDATA[Click on right_arrow]]>
            </line>
            <line>
              <![CDATA[Click on music_playlist]]>
            </line>
            <line>
              <![CDATA[verify playlist_name is enable]]>
            </line>
            <line>
              <![CDATA[<h1 style="color:green;font-size:15px;">Test Passed</h1> ]]>
            </line>
            <line>
              <![CDATA[Click on cancel]]>
            </line>
          </reporter-output>
        </test-method> <!-- To_verify_when_the_user_taps_on_the_Cancel_button_Music_PL_004 -->
        <test-method is-config="true" signature="tear_down(org.testng.ITestResult)[pri:0, instance:mobile.tests.Music_Playlist.Music_Playlist_Test@5542c4ed]" started-at="2024-11-08T03:38:12 IST" name="tear_down" finished-at="2024-11-08T03:38:12 IST" duration-ms="631" status="PASS">
          <params>
            <param index="0">
              <value>
                <![CDATA[[TestResult name=To_verify_when_the_user_taps_on_the_Cancel_button_Music_PL_004 status=SUCCESS method=Music_Playlist_Test.To_verify_when_the_user_taps_on_the_Cancel_button_Music_PL_004()[pri:0, instance:mobile.tests.Music_Playlist.Music_Playlist_Test@5542c4ed] output=Click on sign_in]]]>
              </value>
            </param>
          </params>
          <reporter-output>
          </reporter-output>
        </test-method> <!-- tear_down -->
      </class> <!-- mobile.tests.Music_Playlist.Music_Playlist_Test -->
    </test> <!-- To verify when the user taps on the Cancel button Music PL 004 -->
    <test started-at="2024-11-08T03:38:12 IST" name="To verify when user try to taps on the Create Button on the Create Playlist screen without entering any data in the Playlist Name field Music PL 005" finished-at="2024-11-08T03:40:01 IST" duration-ms="108394">
      <class name="mobile.tests.Music_Playlist.Music_Playlist_Test">
        <test-method is-config="true" signature="init()[pri:0, instance:mobile.tests.Music_Playlist.Music_Playlist_Test@44c03695]" started-at="2024-11-08T03:38:12 IST" name="init" finished-at="2024-11-08T03:38:31 IST" duration-ms="18285" status="PASS">
          <reporter-output>
          </reporter-output>
        </test-method> <!-- init -->
        <test-method signature="To_verify_when_user_try_to_taps_on_the_Create_Button_on_the_Create_Playlist_screen_without_entering_any_data_in_the_Playlist_Name_field_Music_PL_005()[pri:0, instance:mobile.tests.Music_Playlist.Music_Playlist_Test@44c03695]" started-at="2024-11-08T03:38:31 IST" name="To_verify_when_user_try_to_taps_on_the_Create_Button_on_the_Create_Playlist_screen_without_entering_any_data_in_the_Playlist_Name_field_Music_PL_005" finished-at="2024-11-08T03:40:00 IST" duration-ms="89556" status="PASS">
          <reporter-output>
            <line>
              <![CDATA[Click on sign_in]]>
            </line>
            <line>
              <![CDATA[verify phone is displayed]]>
            </line>
            <line>
              <![CDATA[<h1 style="color:green;font-size:15px;">Test Passed</h1> ]]>
            </line>
            <line>
              <![CDATA[verify email is displayed]]>
            </line>
            <line>
              <![CDATA[<h1 style="color:green;font-size:15px;">Test Passed</h1> ]]>
            </line>
            <line>
              <![CDATA[Click on enter_mobile_no]]>
            </line>
            <line>
              <![CDATA[verify right_arrow is enable]]>
            </line>
            <line>
              <![CDATA[<h1 style="color:green;font-size:15px;">Test Passed</h1> ]]>
            </line>
            <line>
              <![CDATA[Click on right_arrow]]>
            </line>
            <line>
              <![CDATA[Click on enter_the_code_text_box]]>
            </line>
            <line>
              <![CDATA[verify right_arrow is enable]]>
            </line>
            <line>
              <![CDATA[<h1 style="color:green;font-size:15px;">Test Passed</h1> ]]>
            </line>
            <line>
              <![CDATA[Click on right_arrow]]>
            </line>
            <line>
              <![CDATA[Click on music_playlist]]>
            </line>
            <line>
              <![CDATA[verify playlist_name is enable]]>
            </line>
            <line>
              <![CDATA[<h1 style="color:green;font-size:15px;">Test Passed</h1> ]]>
            </line>
            <line>
              <![CDATA[verify give_your_playlist_a_name is displayed]]>
            </line>
            <line>
              <![CDATA[<h1 style="color:green;font-size:15px;">Test Passed</h1> ]]>
            </line>
          </reporter-output>
        </test-method> <!-- To_verify_when_user_try_to_taps_on_the_Create_Button_on_the_Create_Playlist_screen_without_entering_any_data_in_the_Playlist_Name_field_Music_PL_005 -->
        <test-method is-config="true" signature="tear_down(org.testng.ITestResult)[pri:0, instance:mobile.tests.Music_Playlist.Music_Playlist_Test@44c03695]" started-at="2024-11-08T03:40:00 IST" name="tear_down" finished-at="2024-11-08T03:40:01 IST" duration-ms="552" status="PASS">
          <params>
            <param index="0">
              <value>
                <![CDATA[[TestResult name=To_verify_when_user_try_to_taps_on_the_Create_Button_on_the_Create_Playlist_screen_without_entering_any_data_in_the_Playlist_Name_field_Music_PL_005 status=SUCCESS method=Music_Playlist_Test.To_verify_when_user_try_to_taps_on_the_Create_Button_on_the_Create_Playlist_screen_without_entering_any_data_in_the_Playlist_Name_field_Music_PL_005()[pri:0, instance:mobile.tests.Music_Playlist.Music_Playlist_Test@44c03695] output=Click on sign_in]]]>
              </value>
            </param>
          </params>
          <reporter-output>
          </reporter-output>
        </test-method> <!-- tear_down -->
      </class> <!-- mobile.tests.Music_Playlist.Music_Playlist_Test -->
    </test> <!-- To verify when user try to taps on the Create Button on the Create Playlist screen without entering any data in the Playlist Name field Music PL 005 -->
    <test started-at="2024-11-08T03:40:01 IST" name="To verify when user try to taps on the Create Button on the Create Playlist screen after entering any data in the Playlist Name field Music PL 006" finished-at="2024-11-08T03:41:48 IST" duration-ms="107484">
      <class name="mobile.tests.Music_Playlist.Music_Playlist_Test">
        <test-method is-config="true" signature="beforeSuiteWorks()[pri:0, instance:mobile.tests.Music_Playlist.Music_Playlist_Test@6a78afa0]" started-at="2024-11-08T01:33:02 IST" name="beforeSuiteWorks" finished-at="2024-11-08T01:33:03 IST" duration-ms="61" status="PASS">
          <reporter-output>
          </reporter-output>
        </test-method> <!-- beforeSuiteWorks -->
        <test-method is-config="true" signature="init()[pri:0, instance:mobile.tests.Music_Playlist.Music_Playlist_Test@6a78afa0]" started-at="2024-11-08T03:40:01 IST" name="init" finished-at="2024-11-08T03:40:19 IST" duration-ms="17896" status="PASS">
          <reporter-output>
          </reporter-output>
        </test-method> <!-- init -->
        <test-method signature="To_verify_when_user_try_to_taps_on_the_Create_Button_on_the_Create_Playlist_screen_after_entering_any_data_in_the_Playlist_Name_field_Music_PL_006()[pri:0, instance:mobile.tests.Music_Playlist.Music_Playlist_Test@6a78afa0]" started-at="2024-11-08T03:40:19 IST" name="To_verify_when_user_try_to_taps_on_the_Create_Button_on_the_Create_Playlist_screen_after_entering_any_data_in_the_Playlist_Name_field_Music_PL_006" finished-at="2024-11-08T03:41:48 IST" duration-ms="88938" status="PASS">
          <reporter-output>
            <line>
              <![CDATA[Click on sign_in]]>
            </line>
            <line>
              <![CDATA[verify phone is displayed]]>
            </line>
            <line>
              <![CDATA[<h1 style="color:green;font-size:15px;">Test Passed</h1> ]]>
            </line>
            <line>
              <![CDATA[verify email is displayed]]>
            </line>
            <line>
              <![CDATA[<h1 style="color:green;font-size:15px;">Test Passed</h1> ]]>
            </line>
            <line>
              <![CDATA[Click on enter_mobile_no]]>
            </line>
            <line>
              <![CDATA[verify right_arrow is enable]]>
            </line>
            <line>
              <![CDATA[<h1 style="color:green;font-size:15px;">Test Passed</h1> ]]>
            </line>
            <line>
              <![CDATA[Click on right_arrow]]>
            </line>
            <line>
              <![CDATA[Click on enter_the_code_text_box]]>
            </line>
            <line>
              <![CDATA[verify right_arrow is enable]]>
            </line>
            <line>
              <![CDATA[<h1 style="color:green;font-size:15px;">Test Passed</h1> ]]>
            </line>
            <line>
              <![CDATA[Click on right_arrow]]>
            </line>
            <line>
              <![CDATA[Click on music_playlist]]>
            </line>
            <line>
              <![CDATA[verify playlist_name is enable]]>
            </line>
            <line>
              <![CDATA[<h1 style="color:green;font-size:15px;">Test Passed</h1> ]]>
            </line>
            <line>
              <![CDATA[Click on create]]>
            </line>
            <line>
              <![CDATA[verify add_item_to_playlist is displayed]]>
            </line>
            <line>
              <![CDATA[<h1 style="color:green;font-size:15px;">Test Passed</h1> ]]>
            </line>
          </reporter-output>
        </test-method> <!-- To_verify_when_user_try_to_taps_on_the_Create_Button_on_the_Create_Playlist_screen_after_entering_any_data_in_the_Playlist_Name_field_Music_PL_006 -->
        <test-method is-config="true" signature="tear_down(org.testng.ITestResult)[pri:0, instance:mobile.tests.Music_Playlist.Music_Playlist_Test@6a78afa0]" started-at="2024-11-08T03:41:48 IST" name="tear_down" finished-at="2024-11-08T03:41:48 IST" duration-ms="649" status="PASS">
          <params>
            <param index="0">
              <value>
                <![CDATA[[TestResult name=To_verify_when_user_try_to_taps_on_the_Create_Button_on_the_Create_Playlist_screen_after_entering_any_data_in_the_Playlist_Name_field_Music_PL_006 status=SUCCESS method=Music_Playlist_Test.To_verify_when_user_try_to_taps_on_the_Create_Button_on_the_Create_Playlist_screen_after_entering_any_data_in_the_Playlist_Name_field_Music_PL_006()[pri:0, instance:mobile.tests.Music_Playlist.Music_Playlist_Test@6a78afa0] output=Click on sign_in]]]>
              </value>
            </param>
          </params>
          <reporter-output>
          </reporter-output>
        </test-method> <!-- tear_down -->
      </class> <!-- mobile.tests.Music_Playlist.Music_Playlist_Test -->
    </test> <!-- To verify when user try to taps on the Create Button on the Create Playlist screen after entering any data in the Playlist Name field Music PL 006 -->
  </suite> <!-- LSM Android App Regression -->
</testng-results>
