<?xml version="1.0" encoding="UTF-8"?>
<!-- Generated by org.testng.reporters.JUnitXMLReporter -->
<testsuite ignored="4" hostname="DESKTOP-LSM8SKP" failures="5" tests="95" name="Surefire test" time="105.959" errors="0" timestamp="2024-11-18T17:35:05 IST">
  <testcase classname="io.unity.framework.init.base" name="@AfterMethod tear_down" time="0.012">
    <failure type="java.lang.NullPointerException" message="Cannot invoke &amp;quot;org.openqa.selenium.WebDriver.quit()&amp;quot; because &amp;quot;this.driver&amp;quot; is null">
      <![CDATA[java.lang.NullPointerException: Cannot invoke "org.openqa.selenium.WebDriver.quit()" because "this.driver" is null
at io.unity.framework.init.base.tear_down(base.java:383)
at java.base/java.util.ArrayList.forEach(ArrayList.java:1511)
at java.base/java.util.concurrent.FutureTask.run(FutureTask.java:264)
at java.base/java.util.concurrent.ThreadPoolExecutor.runWorker(ThreadPoolExecutor.java:1136)
at java.base/java.util.concurrent.ThreadPoolExecutor$Worker.run(ThreadPoolExecutor.java:635)
at java.base/java.lang.Thread.run(Thread.java:840)
... Removed 22 stack frames]]>
    </failure>
  </testcase> <!-- @AfterMethod tear_down -->
  <testcase classname="io.unity.framework.init.base" name="@BeforeMethod init" time="0.0">
    <skipped/>
  </testcase> <!-- @BeforeMethod init -->
  <testcase classname="io.unity.framework.init.base" name="@AfterMethod tear_down" time="0.0">
    <skipped/>
  </testcase> <!-- @AfterMethod tear_down -->
  <testcase classname="io.unity.framework.init.base" name="@BeforeMethod init" time="0.0">
    <skipped/>
  </testcase> <!-- @BeforeMethod init -->
  <testcase classname="io.unity.framework.init.base" name="@AfterMethod tear_down" time="0.0">
    <skipped/>
  </testcase> <!-- @AfterMethod tear_down -->
  <testcase classname="io.unity.framework.init.base" name="@BeforeMethod init" time="0.0">
    <skipped/>
  </testcase> <!-- @BeforeMethod init -->
  <testcase classname="io.unity.framework.init.base" name="@AfterMethod tear_down" time="0.0">
    <skipped/>
  </testcase> <!-- @AfterMethod tear_down -->
  <testcase classname="io.unity.framework.init.base" name="@BeforeMethod init" time="0.0">
    <skipped/>
  </testcase> <!-- @BeforeMethod init -->
  <testcase classname="io.unity.framework.init.base" name="@AfterMethod tear_down" time="0.0">
    <skipped/>
  </testcase> <!-- @AfterMethod tear_down -->
  <testcase classname="io.unity.framework.init.base" name="@BeforeMethod init" time="0.0">
    <skipped/>
  </testcase> <!-- @BeforeMethod init -->
  <testcase classname="io.unity.framework.init.base" name="@AfterMethod tear_down" time="0.0">
    <skipped/>
  </testcase> <!-- @AfterMethod tear_down -->
  <testcase classname="io.unity.framework.init.base" name="@BeforeMethod init" time="0.0">
    <skipped/>
  </testcase> <!-- @BeforeMethod init -->
  <testcase classname="io.unity.framework.init.base" name="@AfterMethod tear_down" time="0.0">
    <skipped/>
  </testcase> <!-- @AfterMethod tear_down -->
  <testcase classname="io.unity.framework.init.base" name="@BeforeMethod init" time="0.0">
    <skipped/>
  </testcase> <!-- @BeforeMethod init -->
  <testcase classname="io.unity.framework.init.base" name="@AfterMethod tear_down" time="0.0">
    <skipped/>
  </testcase> <!-- @AfterMethod tear_down -->
  <testcase classname="io.unity.framework.init.base" name="@BeforeMethod init" time="0.0">
    <skipped/>
  </testcase> <!-- @BeforeMethod init -->
  <testcase classname="io.unity.framework.init.base" name="@AfterMethod tear_down" time="0.0">
    <skipped/>
  </testcase> <!-- @AfterMethod tear_down -->
  <testcase classname="io.unity.framework.init.base" name="@BeforeMethod init" time="0.0">
    <skipped/>
  </testcase> <!-- @BeforeMethod init -->
  <testcase classname="io.unity.framework.init.base" name="@AfterMethod tear_down" time="0.0">
    <skipped/>
  </testcase> <!-- @AfterMethod tear_down -->
  <testcase classname="io.unity.framework.init.base" name="@BeforeMethod init" time="0.0">
    <skipped/>
  </testcase> <!-- @BeforeMethod init -->
  <testcase classname="io.unity.framework.init.base" name="@AfterMethod tear_down" time="0.0">
    <skipped/>
  </testcase> <!-- @AfterMethod tear_down -->
  <testcase classname="io.unity.framework.init.base" name="@BeforeMethod init" time="0.0">
    <skipped/>
  </testcase> <!-- @BeforeMethod init -->
  <testcase classname="io.unity.framework.init.base" name="@AfterMethod tear_down" time="0.0">
    <skipped/>
  </testcase> <!-- @AfterMethod tear_down -->
  <testcase classname="io.unity.framework.init.base" name="@BeforeMethod init" time="0.0">
    <skipped/>
  </testcase> <!-- @BeforeMethod init -->
  <testcase classname="io.unity.framework.init.base" name="@AfterMethod tear_down" time="0.0">
    <skipped/>
  </testcase> <!-- @AfterMethod tear_down -->
  <testcase classname="io.unity.framework.init.base" name="@BeforeMethod init" time="0.0">
    <skipped/>
  </testcase> <!-- @BeforeMethod init -->
  <testcase classname="io.unity.framework.init.base" name="@AfterMethod tear_down" time="0.0">
    <skipped/>
  </testcase> <!-- @AfterMethod tear_down -->
  <testcase classname="io.unity.framework.init.base" name="@BeforeMethod init" time="0.0">
    <skipped/>
  </testcase> <!-- @BeforeMethod init -->
  <testcase classname="io.unity.framework.init.base" name="@AfterMethod tear_down" time="0.0">
    <skipped/>
  </testcase> <!-- @AfterMethod tear_down -->
  <testcase classname="io.unity.framework.init.base" name="@BeforeMethod init" time="0.0">
    <skipped/>
  </testcase> <!-- @BeforeMethod init -->
  <testcase classname="io.unity.framework.init.base" name="@AfterMethod tear_down" time="0.0">
    <skipped/>
  </testcase> <!-- @AfterMethod tear_down -->
  <testcase classname="io.unity.framework.init.base" name="@BeforeMethod init" time="0.0">
    <skipped/>
  </testcase> <!-- @BeforeMethod init -->
  <testcase classname="io.unity.framework.init.base" name="@AfterMethod tear_down" time="0.0">
    <skipped/>
  </testcase> <!-- @AfterMethod tear_down -->
  <testcase classname="io.unity.framework.init.base" name="@BeforeMethod init" time="0.0">
    <skipped/>
  </testcase> <!-- @BeforeMethod init -->
  <testcase classname="io.unity.framework.init.base" name="@AfterMethod tear_down" time="0.0">
    <skipped/>
  </testcase> <!-- @AfterMethod tear_down -->
  <testcase classname="io.unity.framework.init.base" name="@BeforeMethod init" time="0.0">
    <skipped/>
  </testcase> <!-- @BeforeMethod init -->
  <testcase classname="io.unity.framework.init.base" name="@AfterMethod tear_down" time="0.0">
    <skipped/>
  </testcase> <!-- @AfterMethod tear_down -->
  <testcase classname="io.unity.framework.init.base" name="@BeforeMethod init" time="0.0">
    <skipped/>
  </testcase> <!-- @BeforeMethod init -->
  <testcase classname="io.unity.framework.init.base" name="@AfterMethod tear_down" time="0.0">
    <skipped/>
  </testcase> <!-- @AfterMethod tear_down -->
  <testcase classname="io.unity.framework.init.base" name="@BeforeMethod init" time="0.0">
    <skipped/>
  </testcase> <!-- @BeforeMethod init -->
  <testcase classname="io.unity.framework.init.base" name="@AfterMethod tear_down" time="0.0">
    <skipped/>
  </testcase> <!-- @AfterMethod tear_down -->
  <testcase classname="io.unity.framework.init.base" name="@BeforeMethod init" time="0.0">
    <skipped/>
  </testcase> <!-- @BeforeMethod init -->
  <testcase classname="io.unity.framework.init.base" name="@AfterMethod tear_down" time="0.0">
    <skipped/>
  </testcase> <!-- @AfterMethod tear_down -->
  <testcase classname="io.unity.framework.init.base" name="@BeforeMethod init" time="0.0">
    <skipped/>
  </testcase> <!-- @BeforeMethod init -->
  <testcase classname="io.unity.framework.init.base" name="@AfterMethod tear_down" time="0.0">
    <skipped/>
  </testcase> <!-- @AfterMethod tear_down -->
  <testcase classname="io.unity.framework.init.base" name="@BeforeMethod init" time="0.0">
    <skipped/>
  </testcase> <!-- @BeforeMethod init -->
  <testcase classname="io.unity.framework.init.base" name="@AfterMethod tear_down" time="0.0">
    <skipped/>
  </testcase> <!-- @AfterMethod tear_down -->
  <testcase classname="io.unity.framework.init.base" name="@BeforeMethod init" time="0.0">
    <skipped/>
  </testcase> <!-- @BeforeMethod init -->
  <testcase classname="io.unity.framework.init.base" name="@AfterMethod tear_down" time="0.0">
    <skipped/>
  </testcase> <!-- @AfterMethod tear_down -->
  <testcase classname="io.unity.framework.init.base" name="@BeforeMethod init" time="0.0">
    <skipped/>
  </testcase> <!-- @BeforeMethod init -->
  <testcase classname="io.unity.framework.init.base" name="@AfterMethod tear_down" time="0.0">
    <skipped/>
  </testcase> <!-- @AfterMethod tear_down -->
  <testcase classname="io.unity.framework.init.base" name="@AfterMethod tear_down" time="0.003">
    <failure type="java.lang.NullPointerException" message="Cannot invoke &amp;quot;org.openqa.selenium.WebDriver.quit()&amp;quot; because &amp;quot;this.driver&amp;quot; is null">
      <![CDATA[java.lang.NullPointerException: Cannot invoke "org.openqa.selenium.WebDriver.quit()" because "this.driver" is null
at io.unity.framework.init.base.tear_down(base.java:383)
at java.base/java.util.ArrayList.forEach(ArrayList.java:1511)
at java.base/java.util.concurrent.FutureTask.run(FutureTask.java:264)
at java.base/java.util.concurrent.ThreadPoolExecutor.runWorker(ThreadPoolExecutor.java:1136)
at java.base/java.util.concurrent.ThreadPoolExecutor$Worker.run(ThreadPoolExecutor.java:635)
at java.base/java.lang.Thread.run(Thread.java:840)
... Removed 22 stack frames]]>
    </failure>
  </testcase> <!-- @AfterMethod tear_down -->
  <testcase classname="io.unity.framework.init.base" name="@BeforeMethod init" time="0.0">
    <skipped/>
  </testcase> <!-- @BeforeMethod init -->
  <testcase classname="io.unity.framework.init.base" name="@AfterMethod tear_down" time="0.0">
    <skipped/>
  </testcase> <!-- @AfterMethod tear_down -->
  <testcase classname="io.unity.framework.init.base" name="@BeforeMethod init" time="0.0">
    <skipped/>
  </testcase> <!-- @BeforeMethod init -->
  <testcase classname="io.unity.framework.init.base" name="@AfterMethod tear_down" time="0.0">
    <skipped/>
  </testcase> <!-- @AfterMethod tear_down -->
  <testcase classname="io.unity.framework.init.base" name="@BeforeMethod init" time="0.0">
    <skipped/>
  </testcase> <!-- @BeforeMethod init -->
  <testcase classname="io.unity.framework.init.base" name="@AfterMethod tear_down" time="0.0">
    <skipped/>
  </testcase> <!-- @AfterMethod tear_down -->
  <testcase classname="io.unity.framework.init.base" name="@BeforeMethod init" time="0.0">
    <skipped/>
  </testcase> <!-- @BeforeMethod init -->
  <testcase classname="io.unity.framework.init.base" name="@AfterMethod tear_down" time="0.0">
    <skipped/>
  </testcase> <!-- @AfterMethod tear_down -->
  <testcase classname="io.unity.framework.init.base" name="@BeforeMethod init" time="0.0">
    <skipped/>
  </testcase> <!-- @BeforeMethod init -->
  <testcase classname="io.unity.framework.init.base" name="@AfterMethod tear_down" time="0.0">
    <skipped/>
  </testcase> <!-- @AfterMethod tear_down -->
  <testcase classname="io.unity.framework.init.base" name="@BeforeMethod init" time="0.0">
    <skipped/>
  </testcase> <!-- @BeforeMethod init -->
  <testcase classname="io.unity.framework.init.base" name="@AfterMethod tear_down" time="0.0">
    <skipped/>
  </testcase> <!-- @AfterMethod tear_down -->
  <testcase classname="io.unity.framework.init.base" name="@BeforeMethod init" time="0.0">
    <skipped/>
  </testcase> <!-- @BeforeMethod init -->
  <testcase classname="io.unity.framework.init.base" name="@AfterMethod tear_down" time="0.0">
    <skipped/>
  </testcase> <!-- @AfterMethod tear_down -->
  <testcase classname="io.unity.framework.init.base" name="@BeforeMethod init" time="0.0">
    <skipped/>
  </testcase> <!-- @BeforeMethod init -->
  <testcase classname="io.unity.framework.init.base" name="@AfterMethod tear_down" time="0.0">
    <skipped/>
  </testcase> <!-- @AfterMethod tear_down -->
  <testcase classname="io.unity.framework.init.base" name="@BeforeMethod init" time="0.0">
    <skipped/>
  </testcase> <!-- @BeforeMethod init -->
  <testcase classname="io.unity.framework.init.base" name="@AfterMethod tear_down" time="0.0">
    <skipped/>
  </testcase> <!-- @AfterMethod tear_down -->
  <testcase classname="io.unity.framework.init.base" name="@BeforeMethod init" time="0.0">
    <skipped/>
  </testcase> <!-- @BeforeMethod init -->
  <testcase classname="io.unity.framework.init.base" name="@AfterMethod tear_down" time="0.0">
    <skipped/>
  </testcase> <!-- @AfterMethod tear_down -->
  <testcase classname="io.unity.framework.init.base" name="@BeforeMethod init" time="0.0">
    <skipped/>
  </testcase> <!-- @BeforeMethod init -->
  <testcase classname="io.unity.framework.init.base" name="@AfterMethod tear_down" time="0.0">
    <skipped/>
  </testcase> <!-- @AfterMethod tear_down -->
  <testcase classname="io.unity.framework.init.base" name="@AfterMethod tear_down" time="0.003">
    <failure type="java.lang.NullPointerException" message="Cannot invoke &amp;quot;org.openqa.selenium.WebDriver.quit()&amp;quot; because &amp;quot;this.driver&amp;quot; is null">
      <![CDATA[java.lang.NullPointerException: Cannot invoke "org.openqa.selenium.WebDriver.quit()" because "this.driver" is null
at io.unity.framework.init.base.tear_down(base.java:383)
at java.base/java.util.ArrayList.forEach(ArrayList.java:1511)
at java.base/java.util.concurrent.FutureTask.run(FutureTask.java:264)
at java.base/java.util.concurrent.ThreadPoolExecutor.runWorker(ThreadPoolExecutor.java:1136)
at java.base/java.util.concurrent.ThreadPoolExecutor$Worker.run(ThreadPoolExecutor.java:635)
at java.base/java.lang.Thread.run(Thread.java:840)
... Removed 22 stack frames]]>
    </failure>
  </testcase> <!-- @AfterMethod tear_down -->
  <testcase classname="io.unity.framework.init.base" name="@BeforeMethod init" time="0.0">
    <skipped/>
  </testcase> <!-- @BeforeMethod init -->
  <testcase classname="io.unity.framework.init.base" name="@AfterMethod tear_down" time="0.0">
    <skipped/>
  </testcase> <!-- @AfterMethod tear_down -->
  <testcase classname="io.unity.framework.init.base" name="@BeforeMethod init" time="0.0">
    <skipped/>
  </testcase> <!-- @BeforeMethod init -->
  <testcase classname="io.unity.framework.init.base" name="@AfterMethod tear_down" time="0.0">
    <skipped/>
  </testcase> <!-- @AfterMethod tear_down -->
  <testcase classname="io.unity.framework.init.base" name="@BeforeMethod init" time="0.0">
    <skipped/>
  </testcase> <!-- @BeforeMethod init -->
  <testcase classname="io.unity.framework.init.base" name="@AfterMethod tear_down" time="0.0">
    <skipped/>
  </testcase> <!-- @AfterMethod tear_down -->
  <testcase classname="io.unity.framework.init.base" name="@BeforeMethod init" time="0.0">
    <skipped/>
  </testcase> <!-- @BeforeMethod init -->
  <testcase classname="io.unity.framework.init.base" name="@AfterMethod tear_down" time="0.0">
    <skipped/>
  </testcase> <!-- @AfterMethod tear_down -->
  <testcase classname="io.unity.framework.init.base" name="@AfterMethod tear_down" time="0.005">
    <failure type="java.lang.NullPointerException" message="Cannot invoke &amp;quot;org.openqa.selenium.WebDriver.quit()&amp;quot; because &amp;quot;this.driver&amp;quot; is null">
      <![CDATA[java.lang.NullPointerException: Cannot invoke "org.openqa.selenium.WebDriver.quit()" because "this.driver" is null
at io.unity.framework.init.base.tear_down(base.java:383)
at java.base/java.util.ArrayList.forEach(ArrayList.java:1511)
at java.base/java.util.concurrent.FutureTask.run(FutureTask.java:264)
at java.base/java.util.concurrent.ThreadPoolExecutor.runWorker(ThreadPoolExecutor.java:1136)
at java.base/java.util.concurrent.ThreadPoolExecutor$Worker.run(ThreadPoolExecutor.java:635)
at java.base/java.lang.Thread.run(Thread.java:840)
... Removed 22 stack frames]]>
    </failure>
  </testcase> <!-- @AfterMethod tear_down -->
  <testcase classname="io.unity.framework.init.base" name="@BeforeMethod init" time="0.0">
    <skipped/>
  </testcase> <!-- @BeforeMethod init -->
  <testcase classname="io.unity.framework.init.base" name="@AfterMethod tear_down" time="0.0">
    <skipped/>
  </testcase> <!-- @AfterMethod tear_down -->
  <testcase classname="io.unity.framework.init.base" name="@BeforeMethod init" time="0.0">
    <skipped/>
  </testcase> <!-- @BeforeMethod init -->
  <testcase classname="io.unity.framework.init.base" name="@AfterMethod tear_down" time="0.0">
    <skipped/>
  </testcase> <!-- @AfterMethod tear_down -->
  <testcase classname="io.unity.framework.init.base" name="@BeforeMethod init" time="0.0">
    <skipped/>
  </testcase> <!-- @BeforeMethod init -->
  <testcase classname="io.unity.framework.init.base" name="@AfterMethod tear_down" time="0.0">
    <skipped/>
  </testcase> <!-- @AfterMethod tear_down -->
  <testcase classname="io.unity.framework.init.base" name="@BeforeMethod init" time="0.0">
    <skipped/>
  </testcase> <!-- @BeforeMethod init -->
  <testcase classname="io.unity.framework.init.base" name="@AfterMethod tear_down" time="0.0">
    <skipped/>
  </testcase> <!-- @AfterMethod tear_down -->
  <testcase classname="io.unity.framework.init.base" name="@BeforeMethod init" time="0.0">
    <skipped/>
  </testcase> <!-- @BeforeMethod init -->
  <testcase classname="io.unity.framework.init.base" name="@AfterMethod tear_down" time="0.0">
    <skipped/>
  </testcase> <!-- @AfterMethod tear_down -->
  <testcase classname="io.unity.framework.init.base" name="@BeforeMethod init" time="0.0">
    <skipped/>
  </testcase> <!-- @BeforeMethod init -->
  <testcase classname="io.unity.framework.init.base" name="@AfterMethod tear_down" time="0.0">
    <skipped/>
  </testcase> <!-- @AfterMethod tear_down -->
  <testcase classname="io.unity.framework.init.base" name="@BeforeMethod init" time="0.0">
    <skipped/>
  </testcase> <!-- @BeforeMethod init -->
  <testcase classname="io.unity.framework.init.base" name="@AfterMethod tear_down" time="0.0">
    <skipped/>
  </testcase> <!-- @AfterMethod tear_down -->
  <testcase classname="io.unity.framework.init.base" name="@BeforeMethod init" time="0.0">
    <skipped/>
  </testcase> <!-- @BeforeMethod init -->
  <testcase classname="io.unity.framework.init.base" name="@AfterMethod tear_down" time="0.0">
    <skipped/>
  </testcase> <!-- @AfterMethod tear_down -->
  <testcase classname="io.unity.framework.init.base" name="@BeforeMethod init" time="0.0">
    <skipped/>
  </testcase> <!-- @BeforeMethod init -->
  <testcase classname="io.unity.framework.init.base" name="@AfterMethod tear_down" time="0.0">
    <skipped/>
  </testcase> <!-- @AfterMethod tear_down -->
  <testcase classname="io.unity.framework.init.base" name="@BeforeMethod init" time="0.0">
    <skipped/>
  </testcase> <!-- @BeforeMethod init -->
  <testcase classname="io.unity.framework.init.base" name="@AfterMethod tear_down" time="0.0">
    <skipped/>
  </testcase> <!-- @AfterMethod tear_down -->
  <testcase classname="io.unity.framework.init.base" name="@AfterMethod tear_down" time="0.003">
    <failure type="java.lang.NullPointerException" message="Cannot invoke &amp;quot;org.openqa.selenium.WebDriver.quit()&amp;quot; because &amp;quot;this.driver&amp;quot; is null">
      <![CDATA[java.lang.NullPointerException: Cannot invoke "org.openqa.selenium.WebDriver.quit()" because "this.driver" is null
at io.unity.framework.init.base.tear_down(base.java:383)
at java.base/java.util.ArrayList.forEach(ArrayList.java:1511)
at java.base/java.util.concurrent.FutureTask.run(FutureTask.java:264)
at java.base/java.util.concurrent.ThreadPoolExecutor.runWorker(ThreadPoolExecutor.java:1136)
at java.base/java.util.concurrent.ThreadPoolExecutor$Worker.run(ThreadPoolExecutor.java:635)
at java.base/java.lang.Thread.run(Thread.java:840)
... Removed 22 stack frames]]>
    </failure>
  </testcase> <!-- @AfterMethod tear_down -->
  <testcase classname="io.unity.framework.init.base" name="@BeforeMethod init" time="0.0">
    <skipped/>
  </testcase> <!-- @BeforeMethod init -->
  <testcase classname="io.unity.framework.init.base" name="@AfterMethod tear_down" time="0.0">
    <skipped/>
  </testcase> <!-- @AfterMethod tear_down -->
  <testcase classname="io.unity.framework.init.base" name="@BeforeMethod init" time="0.0">
    <skipped/>
  </testcase> <!-- @BeforeMethod init -->
  <testcase classname="io.unity.framework.init.base" name="@AfterMethod tear_down" time="0.0">
    <skipped/>
  </testcase> <!-- @AfterMethod tear_down -->
  <testcase classname="io.unity.framework.init.base" name="@BeforeMethod init" time="0.0">
    <skipped/>
  </testcase> <!-- @BeforeMethod init -->
  <testcase classname="io.unity.framework.init.base" name="@AfterMethod tear_down" time="0.0">
    <skipped/>
  </testcase> <!-- @AfterMethod tear_down -->
  <testcase classname="io.unity.framework.init.base" name="@BeforeMethod init" time="0.0">
    <skipped/>
  </testcase> <!-- @BeforeMethod init -->
  <testcase classname="io.unity.framework.init.base" name="@AfterMethod tear_down" time="0.0">
    <skipped/>
  </testcase> <!-- @AfterMethod tear_down -->
  <testcase classname="io.unity.framework.init.base" name="@BeforeMethod init" time="0.0">
    <skipped/>
  </testcase> <!-- @BeforeMethod init -->
  <testcase classname="io.unity.framework.init.base" name="@AfterMethod tear_down" time="0.0">
    <skipped/>
  </testcase> <!-- @AfterMethod tear_down -->
  <testcase classname="io.unity.framework.init.base" name="@BeforeMethod init" time="0.0">
    <skipped/>
  </testcase> <!-- @BeforeMethod init -->
  <testcase classname="io.unity.framework.init.base" name="@AfterMethod tear_down" time="0.0">
    <skipped/>
  </testcase> <!-- @AfterMethod tear_down -->
  <testcase classname="io.unity.framework.init.base" name="@BeforeMethod init" time="0.0">
    <skipped/>
  </testcase> <!-- @BeforeMethod init -->
  <testcase classname="io.unity.framework.init.base" name="@AfterMethod tear_down" time="0.0">
    <skipped/>
  </testcase> <!-- @AfterMethod tear_down -->
  <testcase classname="io.unity.framework.init.base" name="@BeforeMethod init" time="0.0">
    <skipped/>
  </testcase> <!-- @BeforeMethod init -->
  <testcase classname="io.unity.framework.init.base" name="@AfterMethod tear_down" time="0.0">
    <skipped/>
  </testcase> <!-- @AfterMethod tear_down -->
  <testcase classname="io.unity.framework.init.base" name="@BeforeMethod init" time="0.0">
    <skipped/>
  </testcase> <!-- @BeforeMethod init -->
  <testcase classname="io.unity.framework.init.base" name="@AfterMethod tear_down" time="0.0">
    <skipped/>
  </testcase> <!-- @AfterMethod tear_down -->
  <testcase classname="io.unity.framework.init.base" name="@BeforeMethod init" time="0.0">
    <skipped/>
  </testcase> <!-- @BeforeMethod init -->
  <testcase classname="io.unity.framework.init.base" name="@AfterMethod tear_down" time="0.0">
    <skipped/>
  </testcase> <!-- @AfterMethod tear_down -->
  <testcase classname="io.unity.framework.init.base" name="@BeforeMethod init" time="0.0">
    <skipped/>
  </testcase> <!-- @BeforeMethod init -->
  <testcase classname="io.unity.framework.init.base" name="@AfterMethod tear_down" time="0.0">
    <skipped/>
  </testcase> <!-- @AfterMethod tear_down -->
  <testcase classname="io.unity.framework.init.base" name="@BeforeMethod init" time="0.0">
    <skipped/>
  </testcase> <!-- @BeforeMethod init -->
  <testcase classname="io.unity.framework.init.base" name="@AfterMethod tear_down" time="0.0">
    <skipped/>
  </testcase> <!-- @AfterMethod tear_down -->
  <testcase classname="io.unity.framework.init.base" name="@BeforeMethod init" time="0.0">
    <skipped/>
  </testcase> <!-- @BeforeMethod init -->
  <testcase classname="io.unity.framework.init.base" name="@AfterMethod tear_down" time="0.0">
    <skipped/>
  </testcase> <!-- @AfterMethod tear_down -->
  <testcase classname="io.unity.framework.init.base" name="@BeforeMethod init" time="0.0">
    <skipped/>
  </testcase> <!-- @BeforeMethod init -->
  <testcase classname="io.unity.framework.init.base" name="@AfterMethod tear_down" time="0.0">
    <skipped/>
  </testcase> <!-- @AfterMethod tear_down -->
  <testcase classname="io.unity.framework.init.base" name="@BeforeMethod init" time="0.0">
    <skipped/>
  </testcase> <!-- @BeforeMethod init -->
  <testcase classname="io.unity.framework.init.base" name="@AfterMethod tear_down" time="0.0">
    <skipped/>
  </testcase> <!-- @AfterMethod tear_down -->
  <testcase classname="io.unity.framework.init.base" name="@BeforeMethod init" time="0.0">
    <skipped/>
  </testcase> <!-- @BeforeMethod init -->
  <testcase classname="io.unity.framework.init.base" name="@AfterMethod tear_down" time="0.0">
    <skipped/>
  </testcase> <!-- @AfterMethod tear_down -->
  <testcase classname="io.unity.framework.init.base" name="@BeforeMethod init" time="0.0">
    <skipped/>
  </testcase> <!-- @BeforeMethod init -->
  <testcase classname="io.unity.framework.init.base" name="@AfterMethod tear_down" time="0.0">
    <skipped/>
  </testcase> <!-- @AfterMethod tear_down -->
  <testcase classname="io.unity.framework.init.base" name="@BeforeMethod init" time="0.0">
    <skipped/>
  </testcase> <!-- @BeforeMethod init -->
  <testcase classname="io.unity.framework.init.base" name="@AfterMethod tear_down" time="0.0">
    <skipped/>
  </testcase> <!-- @AfterMethod tear_down -->
  <testcase classname="io.unity.framework.init.base" name="@BeforeMethod init" time="0.0">
    <skipped/>
  </testcase> <!-- @BeforeMethod init -->
  <testcase classname="io.unity.framework.init.base" name="@AfterMethod tear_down" time="0.0">
    <skipped/>
  </testcase> <!-- @AfterMethod tear_down -->
  <testcase classname="io.unity.framework.init.base" name="@BeforeMethod init" time="0.0">
    <skipped/>
  </testcase> <!-- @BeforeMethod init -->
  <testcase classname="io.unity.framework.init.base" name="@AfterMethod tear_down" time="0.0">
    <skipped/>
  </testcase> <!-- @AfterMethod tear_down -->
  <testcase classname="io.unity.framework.init.base" name="@BeforeMethod init" time="0.0">
    <skipped/>
  </testcase> <!-- @BeforeMethod init -->
  <testcase classname="io.unity.framework.init.base" name="@AfterMethod tear_down" time="0.0">
    <skipped/>
  </testcase> <!-- @AfterMethod tear_down -->
  <testcase classname="io.unity.framework.init.base" name="@BeforeMethod init" time="0.0">
    <skipped/>
  </testcase> <!-- @BeforeMethod init -->
  <testcase classname="io.unity.framework.init.base" name="@AfterMethod tear_down" time="0.0">
    <skipped/>
  </testcase> <!-- @AfterMethod tear_down -->
  <testcase classname="io.unity.framework.init.base" name="@BeforeMethod init" time="0.0">
    <skipped/>
  </testcase> <!-- @BeforeMethod init -->
  <testcase classname="io.unity.framework.init.base" name="@AfterMethod tear_down" time="0.0">
    <skipped/>
  </testcase> <!-- @AfterMethod tear_down -->
  <testcase classname="io.unity.framework.init.base" name="@BeforeMethod init" time="0.0">
    <skipped/>
  </testcase> <!-- @BeforeMethod init -->
  <testcase classname="io.unity.framework.init.base" name="@AfterMethod tear_down" time="0.0">
    <skipped/>
  </testcase> <!-- @AfterMethod tear_down -->
  <testcase classname="io.unity.framework.init.base" name="@BeforeMethod init" time="0.0">
    <skipped/>
  </testcase> <!-- @BeforeMethod init -->
  <testcase classname="io.unity.framework.init.base" name="@AfterMethod tear_down" time="0.0">
    <skipped/>
  </testcase> <!-- @AfterMethod tear_down -->
  <testcase classname="io.unity.framework.init.base" name="@BeforeMethod init" time="0.0">
    <skipped/>
  </testcase> <!-- @BeforeMethod init -->
  <testcase classname="io.unity.framework.init.base" name="@AfterMethod tear_down" time="0.0">
    <skipped/>
  </testcase> <!-- @AfterMethod tear_down -->
  <testcase classname="io.unity.framework.init.base" name="@BeforeMethod init" time="0.0">
    <skipped/>
  </testcase> <!-- @BeforeMethod init -->
  <testcase classname="io.unity.framework.init.base" name="@AfterMethod tear_down" time="0.0">
    <skipped/>
  </testcase> <!-- @AfterMethod tear_down -->
  <testcase classname="io.unity.framework.init.base" name="@BeforeMethod init" time="0.0">
    <skipped/>
  </testcase> <!-- @BeforeMethod init -->
  <testcase classname="io.unity.framework.init.base" name="@AfterMethod tear_down" time="0.0">
    <skipped/>
  </testcase> <!-- @AfterMethod tear_down -->
  <testcase classname="io.unity.framework.init.base" name="@BeforeMethod init" time="0.0">
    <skipped/>
  </testcase> <!-- @BeforeMethod init -->
  <testcase classname="io.unity.framework.init.base" name="@AfterMethod tear_down" time="0.0">
    <skipped/>
  </testcase> <!-- @AfterMethod tear_down -->
  <testcase classname="io.unity.framework.init.base" name="@BeforeMethod init" time="0.0">
    <skipped/>
  </testcase> <!-- @BeforeMethod init -->
  <testcase classname="io.unity.framework.init.base" name="@AfterMethod tear_down" time="0.0">
    <skipped/>
  </testcase> <!-- @AfterMethod tear_down -->
  <testcase classname="io.unity.framework.init.base" name="@BeforeMethod init" time="0.0">
    <skipped/>
  </testcase> <!-- @BeforeMethod init -->
  <testcase classname="io.unity.framework.init.base" name="@AfterMethod tear_down" time="0.0">
    <skipped/>
  </testcase> <!-- @AfterMethod tear_down -->
  <testcase classname="io.unity.framework.init.base" name="@BeforeMethod init" time="0.0">
    <skipped/>
  </testcase> <!-- @BeforeMethod init -->
  <testcase classname="io.unity.framework.init.base" name="@AfterMethod tear_down" time="0.0">
    <skipped/>
  </testcase> <!-- @AfterMethod tear_down -->
  <testcase classname="io.unity.framework.init.base" name="@BeforeMethod init" time="0.0">
    <skipped/>
  </testcase> <!-- @BeforeMethod init -->
  <testcase classname="io.unity.framework.init.base" name="@AfterMethod tear_down" time="0.0">
    <skipped/>
  </testcase> <!-- @AfterMethod tear_down -->
  <testcase classname="io.unity.framework.init.base" name="@BeforeMethod init" time="0.0">
    <skipped/>
  </testcase> <!-- @BeforeMethod init -->
  <testcase classname="io.unity.framework.init.base" name="@AfterMethod tear_down" time="0.0">
    <skipped/>
  </testcase> <!-- @AfterMethod tear_down -->
  <testcase classname="io.unity.framework.init.base" name="@BeforeMethod init" time="0.0">
    <skipped/>
  </testcase> <!-- @BeforeMethod init -->
  <testcase classname="io.unity.framework.init.base" name="@AfterMethod tear_down" time="0.0">
    <skipped/>
  </testcase> <!-- @AfterMethod tear_down -->
  <testcase classname="io.unity.framework.init.base" name="@BeforeMethod init" time="0.0">
    <skipped/>
  </testcase> <!-- @BeforeMethod init -->
  <testcase classname="io.unity.framework.init.base" name="@AfterMethod tear_down" time="0.0">
    <skipped/>
  </testcase> <!-- @AfterMethod tear_down -->
  <testcase classname="io.unity.framework.init.base" name="@BeforeMethod init" time="0.0">
    <skipped/>
  </testcase> <!-- @BeforeMethod init -->
  <testcase classname="io.unity.framework.init.base" name="@AfterMethod tear_down" time="0.0">
    <skipped/>
  </testcase> <!-- @AfterMethod tear_down -->
  <testcase classname="io.unity.framework.init.base" name="@BeforeMethod init" time="0.0">
    <skipped/>
  </testcase> <!-- @BeforeMethod init -->
  <testcase classname="io.unity.framework.init.base" name="@AfterMethod tear_down" time="0.0">
    <skipped/>
  </testcase> <!-- @AfterMethod tear_down -->
  <testcase classname="io.unity.framework.init.base" name="@BeforeMethod init" time="0.0">
    <skipped/>
  </testcase> <!-- @BeforeMethod init -->
  <testcase classname="io.unity.framework.init.base" name="@AfterMethod tear_down" time="0.0">
    <skipped/>
  </testcase> <!-- @AfterMethod tear_down -->
  <testcase classname="io.unity.framework.init.base" name="@BeforeMethod init" time="0.0">
    <skipped/>
  </testcase> <!-- @BeforeMethod init -->
  <testcase classname="io.unity.framework.init.base" name="@AfterMethod tear_down" time="0.0">
    <skipped/>
  </testcase> <!-- @AfterMethod tear_down -->
  <testcase classname="mobile.tests.Meditations.Meditations_Test" name="Verify_that_the_user_Reset_the_Filter_and_sort_Mind_015" time="0.01">
    <failure type="java.lang.NullPointerException" message="Cannot invoke &amp;quot;org.openqa.selenium.WebDriver.manage()&amp;quot; because &amp;quot;this.driver&amp;quot; is null">
      <![CDATA[java.lang.NullPointerException: Cannot invoke "org.openqa.selenium.WebDriver.manage()" because "this.driver" is null
at mobile.tests.Meditations.Meditations_Test.Verify_that_the_user_Reset_the_Filter_and_sort_Mind_015(Meditations_Test.java:387)
at java.base/java.util.ArrayList.forEach(ArrayList.java:1511)
at java.base/java.util.concurrent.FutureTask.run(FutureTask.java:264)
at java.base/java.util.concurrent.ThreadPoolExecutor.runWorker(ThreadPoolExecutor.java:1136)
at java.base/java.util.concurrent.ThreadPoolExecutor$Worker.run(ThreadPoolExecutor.java:635)
at java.base/java.lang.Thread.run(Thread.java:840)
... Removed 17 stack frames]]>
    </failure>
  </testcase> <!-- Verify_that_the_user_Reset_the_Filter_and_sort_Mind_015 -->
  <testcase classname="mobile.tests.Meditations.Meditations_Test" name="Verify_that_the_user_Start_the_Meditation_Timer_for_the_practice_Mind_023" time="0.0">
    <skipped/>
  </testcase> <!-- Verify_that_the_user_Start_the_Meditation_Timer_for_the_practice_Mind_023 -->
  <testcase classname="mobile.tests.Meditations.Meditations_Test" name="Verify_that_the_user_apply_the_filter_by_Both_Default_and_Sort_by_Newest_on_Mindfulness_screen_Mind_012" time="0.001">
    <skipped/>
  </testcase> <!-- Verify_that_the_user_apply_the_filter_by_Both_Default_and_Sort_by_Newest_on_Mindfulness_screen_Mind_012 -->
  <testcase classname="mobile.tests.Meditations.Meditations_Test" name="Verify_that_the_user_apply_the_filter_by_Both_Default_and_Sort_by_Previously_Played_on_Mindfulness_screen_Mind_014" time="0.0">
    <skipped/>
  </testcase> <!-- Verify_that_the_user_apply_the_filter_by_Both_Default_and_Sort_by_Previously_Played_on_Mindfulness_screen_Mind_014 -->
  <testcase classname="mobile.tests.Meditations.Meditations_Test" name="Verify_that_the_user_apply_the_filter_by_Both_Default_and_Sort_by_Unplayed_on_Mindfulness_screen_Mind_013" time="0.001">
    <skipped/>
  </testcase> <!-- Verify_that_the_user_apply_the_filter_by_Both_Default_and_Sort_by_Unplayed_on_Mindfulness_screen_Mind_013 -->
  <testcase classname="mobile.tests.Meditations.Meditations_Test" name="Verify_that_the_user_apply_the_filter_by_Meditation_Series_and_Sort_by_Newest_on_Mindfulness_screen_Mind_006" time="0.0">
    <skipped/>
  </testcase> <!-- Verify_that_the_user_apply_the_filter_by_Meditation_Series_and_Sort_by_Newest_on_Mindfulness_screen_Mind_006 -->
  <testcase classname="mobile.tests.Meditations.Meditations_Test" name="Verify_that_the_user_apply_the_filter_by_Meditation_Series_and_Sort_by_Previously_Played_on_Mindfulness_screen_Mind_008" time="0.0">
    <skipped/>
  </testcase> <!-- Verify_that_the_user_apply_the_filter_by_Meditation_Series_and_Sort_by_Previously_Played_on_Mindfulness_screen_Mind_008 -->
  <testcase classname="mobile.tests.Meditations.Meditations_Test" name="Verify_that_the_user_apply_the_filter_by_Meditation_Series_and_Sort_by_Unplayed_on_Mindfulness_screen_Mind_007" time="0.001">
    <skipped/>
  </testcase> <!-- Verify_that_the_user_apply_the_filter_by_Meditation_Series_and_Sort_by_Unplayed_on_Mindfulness_screen_Mind_007 -->
  <testcase classname="mobile.tests.Meditations.Meditations_Test" name="Verify_that_the_user_apply_the_filter_by_Quick_Picks_and_Sort_by_Newest_on_Mindfulness_screen_Mind_009" time="0.0">
    <skipped/>
  </testcase> <!-- Verify_that_the_user_apply_the_filter_by_Quick_Picks_and_Sort_by_Newest_on_Mindfulness_screen_Mind_009 -->
  <testcase classname="mobile.tests.Meditations.Meditations_Test" name="Verify_that_the_user_apply_the_filter_by_Quick_Picks_and_Sort_by_Previously_Played_on_Mindfulness_screen_Mind_011" time="0.0">
    <skipped/>
  </testcase> <!-- Verify_that_the_user_apply_the_filter_by_Quick_Picks_and_Sort_by_Previously_Played_on_Mindfulness_screen_Mind_011 -->
  <testcase classname="mobile.tests.Meditations.Meditations_Test" name="Verify_that_the_user_apply_the_filter_by_Quick_Picks_and_Sort_by_Unplayed_on_Mindfulness_screen_Mind_010" time="0.0">
    <skipped/>
  </testcase> <!-- Verify_that_the_user_apply_the_filter_by_Quick_Picks_and_Sort_by_Unplayed_on_Mindfulness_screen_Mind_010 -->
  <testcase classname="mobile.tests.Meditations.Meditations_Test" name="Verify_that_the_user_edit_the_What_type_of_meditations_are_you_looking_for_Mind_029" time="0.0">
    <skipped/>
  </testcase> <!-- Verify_that_the_user_edit_the_What_type_of_meditations_are_you_looking_for_Mind_029 -->
  <testcase classname="mobile.tests.Meditations.Meditations_Test" name="Verify_that_the_user_play_the_trending_Meditation_series_Mind_028" time="0.0">
    <skipped/>
  </testcase> <!-- Verify_that_the_user_play_the_trending_Meditation_series_Mind_028 -->
  <testcase classname="mobile.tests.Meditations.Meditations_Test" name="Verify_that_the_user_search_for_meditations_mantras_pranayama_using_search_field_Mind_002" time="0.0">
    <skipped/>
  </testcase> <!-- Verify_that_the_user_search_for_meditations_mantras_pranayama_using_search_field_Mind_002 -->
  <testcase classname="mobile.tests.Meditations.Meditations_Test" name="Verify_that_the_user_search_for_the_coach_by_coach_name_Mind_026" time="0.0">
    <skipped/>
  </testcase> <!-- Verify_that_the_user_search_for_the_coach_by_coach_name_Mind_026 -->
  <testcase classname="mobile.tests.Meditations.Meditations_Test" name="Verify_that_the_user_set_a_Playback_Speed_for_the_Digi_Mala_Mind_025" time="0.0">
    <skipped/>
  </testcase> <!-- Verify_that_the_user_set_a_Playback_Speed_for_the_Digi_Mala_Mind_025 -->
  <testcase classname="mobile.tests.Meditations.Meditations_Test" name="Verify_that_the_user_share_a_Breakdown_at_work_Find_out_here_Mind_027" time="0.0">
    <skipped/>
  </testcase> <!-- Verify_that_the_user_share_a_Breakdown_at_work_Find_out_here_Mind_027 -->
  <testcase classname="mobile.tests.Meditations.Meditations_Test" name="Verify_that_the_user_tap_on_the_Bengali_language_tab_Mind_020" time="0.0">
    <skipped/>
  </testcase> <!-- Verify_that_the_user_tap_on_the_Bengali_language_tab_Mind_020 -->
  <testcase classname="mobile.tests.Meditations.Meditations_Test" name="Verify_that_the_user_tap_on_the_English_language_tab_Mind_016" time="0.0">
    <skipped/>
  </testcase> <!-- Verify_that_the_user_tap_on_the_English_language_tab_Mind_016 -->
  <testcase classname="mobile.tests.Meditations.Meditations_Test" name="Verify_that_the_user_tap_on_the_Explore_Meditations_button_Mind_005" time="0.0">
    <skipped/>
  </testcase> <!-- Verify_that_the_user_tap_on_the_Explore_Meditations_button_Mind_005 -->
  <testcase classname="mobile.tests.Meditations.Meditations_Test" name="Verify_that_the_user_tap_on_the_Gujarati_language_tab_Mind_019" time="0.0">
    <skipped/>
  </testcase> <!-- Verify_that_the_user_tap_on_the_Gujarati_language_tab_Mind_019 -->
  <testcase classname="mobile.tests.Meditations.Meditations_Test" name="Verify_that_the_user_tap_on_the_Hindi_language_tab_Mind_017" time="0.0">
    <skipped/>
  </testcase> <!-- Verify_that_the_user_tap_on_the_Hindi_language_tab_Mind_017 -->
  <testcase classname="mobile.tests.Meditations.Meditations_Test" name="Verify_that_the_user_tap_on_the_Marathi_language_tab_Mind_018" time="0.0">
    <skipped/>
  </testcase> <!-- Verify_that_the_user_tap_on_the_Marathi_language_tab_Mind_018 -->
  <testcase classname="mobile.tests.Meditations.Meditations_Test" name="Verify_that_the_user_tap_on_the_Meditation_footer_menu_Mind_001" time="0.0">
    <skipped/>
  </testcase> <!-- Verify_that_the_user_tap_on_the_Meditation_footer_menu_Mind_001 -->
  <testcase classname="mobile.tests.Meditations.Meditations_Test" name="Verify_that_the_user_tap_on_the_i_icon_of_any_technique_of_Meditation_Finder_Find_your_style_Mind_004" time="0.0">
    <skipped/>
  </testcase> <!-- Verify_that_the_user_tap_on_the_i_icon_of_any_technique_of_Meditation_Finder_Find_your_style_Mind_004 -->
  <testcase classname="mobile.tests.Meditations.Meditations_Test" name="Verify_that_the_user_user_tap_on_the_any_technique_of_Meditation_Finder_Find_your_style_Mind_003" time="0.0">
    <skipped/>
  </testcase> <!-- Verify_that_the_user_user_tap_on_the_any_technique_of_Meditation_Finder_Find_your_style_Mind_003 -->
  <testcase classname="mobile.tests.Music_Playlist.Music_Playlist_Test" name="To_verify_when_the_use_taps_on_the_the_Playlist_Name_filed_Music_PL_003" time="0.003">
    <failure type="java.lang.NullPointerException" message="Cannot invoke &amp;quot;org.openqa.selenium.WebDriver.manage()&amp;quot; because &amp;quot;this.driver&amp;quot; is null">
      <![CDATA[java.lang.NullPointerException: Cannot invoke "org.openqa.selenium.WebDriver.manage()" because "this.driver" is null
at mobile.tests.Music_Playlist.Music_Playlist_Test.To_verify_when_the_use_taps_on_the_the_Playlist_Name_filed_Music_PL_003(Music_Playlist_Test.java:44)
at java.base/java.util.ArrayList.forEach(ArrayList.java:1511)
at java.base/java.util.concurrent.FutureTask.run(FutureTask.java:264)
at java.base/java.util.concurrent.ThreadPoolExecutor.runWorker(ThreadPoolExecutor.java:1136)
at java.base/java.util.concurrent.ThreadPoolExecutor$Worker.run(ThreadPoolExecutor.java:635)
at java.base/java.lang.Thread.run(Thread.java:840)
... Removed 17 stack frames]]>
    </failure>
  </testcase> <!-- To_verify_when_the_use_taps_on_the_the_Playlist_Name_filed_Music_PL_003 -->
  <testcase classname="mobile.tests.Music_Playlist.Music_Playlist_Test" name="To_verify_when_the_user_enters_the_any_keyword_in_search_field_of_the_Add_item_to_playlist_screen_Music_PL_008" time="0.0">
    <skipped/>
  </testcase> <!-- To_verify_when_the_user_enters_the_any_keyword_in_search_field_of_the_Add_item_to_playlist_screen_Music_PL_008 -->
  <testcase classname="mobile.tests.Music_Playlist.Music_Playlist_Test" name="To_verify_when_the_user_taps_on_the_Add_music_button_on_the_any_music_track_from_the_expanded_music_list_Music_PL_014" time="0.0">
    <skipped/>
  </testcase> <!-- To_verify_when_the_user_taps_on_the_Add_music_button_on_the_any_music_track_from_the_expanded_music_list_Music_PL_014 -->
  <testcase classname="mobile.tests.Music_Playlist.Music_Playlist_Test" name="To_verify_when_the_user_taps_on_the_Cancel_button_Music_PL_004" time="0.0">
    <skipped/>
  </testcase> <!-- To_verify_when_the_user_taps_on_the_Cancel_button_Music_PL_004 -->
  <testcase classname="mobile.tests.Music_Playlist.Music_Playlist_Test" name="To_verify_when_the_user_taps_on_the_Collapse_icon_on_the_any_category_from_the_list_Music_PL_011" time="0.0">
    <skipped/>
  </testcase> <!-- To_verify_when_the_user_taps_on_the_Collapse_icon_on_the_any_category_from_the_list_Music_PL_011 -->
  <testcase classname="mobile.tests.Music_Playlist.Music_Playlist_Test" name="To_verify_when_the_user_taps_on_the_Create_Playlist_button_on_the_Your_Playlist_section_Music_PL_001" time="0.0">
    <skipped/>
  </testcase> <!-- To_verify_when_the_user_taps_on_the_Create_Playlist_button_on_the_Your_Playlist_section_Music_PL_001 -->
  <testcase classname="mobile.tests.Music_Playlist.Music_Playlist_Test" name="To_verify_when_the_user_taps_on_the_Expand_icon_on_the_any_category_from_the_list_Music_PL_010" time="0.0">
    <skipped/>
  </testcase> <!-- To_verify_when_the_user_taps_on_the_Expand_icon_on_the_any_category_from_the_list_Music_PL_010 -->
  <testcase classname="mobile.tests.Music_Playlist.Music_Playlist_Test" name="To_verify_when_the_user_taps_on_the_Select_all_radio_button_of_the_expanded_list_of_music_tracks_Music_PL_012" time="0.0">
    <skipped/>
  </testcase> <!-- To_verify_when_the_user_taps_on_the_Select_all_radio_button_of_the_expanded_list_of_music_tracks_Music_PL_012 -->
  <testcase classname="mobile.tests.Music_Playlist.Music_Playlist_Test" name="To_verify_when_the_user_taps_on_the_Selected_icon_on_the_selected_music_track_from_the_expanded_music_list_Music_PL_015" time="0.0">
    <skipped/>
  </testcase> <!-- To_verify_when_the_user_taps_on_the_Selected_icon_on_the_selected_music_track_from_the_expanded_music_list_Music_PL_015 -->
  <testcase classname="mobile.tests.Music_Playlist.Music_Playlist_Test" name="To_verify_when_user_try_to_add_more_than_50_tracks_in_the_any_created_playlist_Music_PL_013" time="0.0">
    <skipped/>
  </testcase> <!-- To_verify_when_user_try_to_add_more_than_50_tracks_in_the_any_created_playlist_Music_PL_013 -->
  <testcase classname="mobile.tests.Music_Playlist.Music_Playlist_Test" name="To_verify_when_user_try_to_taps_on_the_Create_Button_on_the_Create_Playlist_screen_after_entering_any_data_in_the_Playlist_Name_field_Music_PL_006" time="0.0">
    <skipped/>
  </testcase> <!-- To_verify_when_user_try_to_taps_on_the_Create_Button_on_the_Create_Playlist_screen_after_entering_any_data_in_the_Playlist_Name_field_Music_PL_006 -->
  <testcase classname="mobile.tests.Music_Playlist.Music_Playlist_Test" name="To_verify_when_user_try_to_taps_on_the_Create_Button_on_the_Create_Playlist_screen_without_entering_any_data_in_the_Playlist_Name_field_Music_PL_005" time="0.0">
    <skipped/>
  </testcase> <!-- To_verify_when_user_try_to_taps_on_the_Create_Button_on_the_Create_Playlist_screen_without_entering_any_data_in_the_Playlist_Name_field_Music_PL_005 -->
  <testcase classname="mobile.tests.Payment.Payment_Test" name="Verify_that_the_user_tap_on_hamburger_icon_on_Today_PYT_001" time="0.002">
    <failure type="java.lang.NullPointerException" message="Cannot invoke &amp;quot;org.openqa.selenium.WebDriver.manage()&amp;quot; because &amp;quot;this.driver&amp;quot; is null">
      <![CDATA[java.lang.NullPointerException: Cannot invoke "org.openqa.selenium.WebDriver.manage()" because "this.driver" is null
at mobile.tests.Payment.Payment_Test.Verify_that_the_user_tap_on_hamburger_icon_on_Today_PYT_001(Payment_Test.java:126)
at java.base/java.util.ArrayList.forEach(ArrayList.java:1511)
at java.base/java.util.concurrent.FutureTask.run(FutureTask.java:264)
at java.base/java.util.concurrent.ThreadPoolExecutor.runWorker(ThreadPoolExecutor.java:1136)
at java.base/java.util.concurrent.ThreadPoolExecutor$Worker.run(ThreadPoolExecutor.java:635)
at java.base/java.lang.Thread.run(Thread.java:840)
... Removed 17 stack frames]]>
    </failure>
  </testcase> <!-- Verify_that_the_user_tap_on_hamburger_icon_on_Today_PYT_001 -->
  <testcase classname="mobile.tests.Payment.Payment_Test" name="Verify_that_the_user_tap_on_the_Manage_Subscription_PYT_002" time="0.0">
    <skipped/>
  </testcase> <!-- Verify_that_the_user_tap_on_the_Manage_Subscription_PYT_002 -->
  <testcase classname="mobile.tests.Payment.Payment_Test" name="Verify_that_the_user_tap_on_the_Show_all_plans_PYT_003_and_PYT_004" time="0.0">
    <skipped/>
  </testcase> <!-- Verify_that_the_user_tap_on_the_Show_all_plans_PYT_003_and_PYT_004 -->
  <testcase classname="mobile.tests.Payment.Payment_Test" name="user_can_cancel_the_subscription" time="0.0">
    <skipped/>
  </testcase> <!-- user_can_cancel_the_subscription -->
  <testcase classname="mobile.tests.Payment.Payment_Test" name="user_can_subscribe_plan" time="0.0">
    <skipped/>
  </testcase> <!-- user_can_subscribe_plan -->
  <testcase classname="mobile.tests.SignInNegativeTest.SignInNegative_Test" name="To_verify_when_the_user_try_login_with_invalid_email_id_format" time="0.003">
    <failure type="java.lang.NullPointerException" message="Cannot invoke &amp;quot;org.openqa.selenium.WebDriver.manage()&amp;quot; because &amp;quot;this.driver&amp;quot; is null">
      <![CDATA[java.lang.NullPointerException: Cannot invoke "org.openqa.selenium.WebDriver.manage()" because "this.driver" is null
at mobile.tests.SignInNegativeTest.SignInNegative_Test.To_verify_when_the_user_try_login_with_invalid_email_id_format(SignInNegative_Test.java:17)
at java.base/java.util.ArrayList.forEach(ArrayList.java:1511)
at java.base/java.util.concurrent.FutureTask.run(FutureTask.java:264)
at java.base/java.util.concurrent.ThreadPoolExecutor.runWorker(ThreadPoolExecutor.java:1136)
at java.base/java.util.concurrent.ThreadPoolExecutor$Worker.run(ThreadPoolExecutor.java:635)
at java.base/java.lang.Thread.run(Thread.java:840)
... Removed 17 stack frames]]>
    </failure>
  </testcase> <!-- To_verify_when_the_user_try_login_with_invalid_email_id_format -->
  <testcase classname="mobile.tests.SignInNegativeTest.SignInNegative_Test" name="To_verify_when_the_user_try_login_with_invalid_email_id_format_with_spaces_not_allowed" time="0.0">
    <skipped/>
  </testcase> <!-- To_verify_when_the_user_try_login_with_invalid_email_id_format_with_spaces_not_allowed -->
  <testcase classname="mobile.tests.SignInNegativeTest.SignInNegative_Test" name="To_verify_when_the_user_try_login_with_invalid_email_id_format_with_special_character_not_allowed" time="0.0">
    <skipped/>
  </testcase> <!-- To_verify_when_the_user_try_login_with_invalid_email_id_format_with_special_character_not_allowed -->
  <testcase classname="mobile.tests.SignInNegativeTest.SignInNegative_Test" name="To_verify_when_the_user_try_login_with_invalid_phone_no_format_with_dash" time="0.0">
    <skipped/>
  </testcase> <!-- To_verify_when_the_user_try_login_with_invalid_phone_no_format_with_dash -->
  <testcase classname="mobile.tests.SignInNegativeTest.SignInNegative_Test" name="To_verify_when_the_user_try_login_with_invalid_phone_no_format_with_few_digits" time="0.0">
    <skipped/>
  </testcase> <!-- To_verify_when_the_user_try_login_with_invalid_phone_no_format_with_few_digits -->
  <testcase classname="mobile.tests.SignInNegativeTest.SignInNegative_Test" name="To_verify_when_the_user_try_login_with_invalid_phone_no_format_with_more_than_10_digits" time="0.0">
    <skipped/>
  </testcase> <!-- To_verify_when_the_user_try_login_with_invalid_phone_no_format_with_more_than_10_digits -->
  <testcase classname="mobile.tests.SignInNegativeTest.SignInNegative_Test" name="To_verify_when_the_user_try_login_with_invalid_phone_no_format_with_space" time="0.0">
    <skipped/>
  </testcase> <!-- To_verify_when_the_user_try_login_with_invalid_phone_no_format_with_space -->
  <testcase classname="mobile.tests.SignInNegativeTest.SignInNegative_Test" name="To_verify_when_the_user_try_login_with_invalid_phone_no_format_with_spaces" time="0.0">
    <skipped/>
  </testcase> <!-- To_verify_when_the_user_try_login_with_invalid_phone_no_format_with_spaces -->
  <testcase classname="mobile.tests.SignInNegativeTest.SignInNegative_Test" name="To_verify_when_the_user_try_login_with_valid_email_id_format_with_invalid_otp" time="0.001">
    <skipped/>
  </testcase> <!-- To_verify_when_the_user_try_login_with_valid_email_id_format_with_invalid_otp -->
  <testcase classname="mobile.tests.SignInNegativeTest.SignInNegative_Test" name="To_verify_when_the_user_try_login_with_valid_email_id_without_enter_name_in_onb_registration_form" time="0.0">
    <skipped/>
  </testcase> <!-- To_verify_when_the_user_try_login_with_valid_email_id_without_enter_name_in_onb_registration_form -->
  <testcase classname="mobile.tests.SignInNegativeTest.SignInNegative_Test" name="To_verify_when_the_user_try_login_with_valid_email_id_without_enter_phone_no_in_onb_registration_form" time="0.0">
    <skipped/>
  </testcase> <!-- To_verify_when_the_user_try_login_with_valid_email_id_without_enter_phone_no_in_onb_registration_form -->
  <testcase classname="mobile.tests.Sleep_Playlist.Sleep_Playlist_Test" name="To_verify_that_the_user_is_able_to_add_the_any_currently_played_track_after_creating_new_playlist_SLP_PL_050" time="0.003">
    <failure type="java.lang.NullPointerException" message="Cannot invoke &amp;quot;org.openqa.selenium.WebDriver.manage()&amp;quot; because &amp;quot;this.driver&amp;quot; is null">
      <![CDATA[java.lang.NullPointerException: Cannot invoke "org.openqa.selenium.WebDriver.manage()" because "this.driver" is null
at mobile.tests.Sleep_Playlist.Sleep_Playlist_Test.To_verify_that_the_user_is_able_to_add_the_any_currently_played_track_after_creating_new_playlist_SLP_PL_050(Sleep_Playlist_Test.java:1356)
at java.base/java.util.ArrayList.forEach(ArrayList.java:1511)
at java.base/java.util.concurrent.FutureTask.run(FutureTask.java:264)
at java.base/java.util.concurrent.ThreadPoolExecutor.runWorker(ThreadPoolExecutor.java:1136)
at java.base/java.util.concurrent.ThreadPoolExecutor$Worker.run(ThreadPoolExecutor.java:635)
at java.base/java.lang.Thread.run(Thread.java:840)
... Removed 17 stack frames]]>
    </failure>
  </testcase> <!-- To_verify_that_the_user_is_able_to_add_the_any_currently_played_track_after_creating_new_playlist_SLP_PL_050 -->
  <testcase classname="mobile.tests.Sleep_Playlist.Sleep_Playlist_Test" name="To_verify_that_the_user_is_able_to_update_the_playlist_name_SLP_PL_035" time="0.0">
    <skipped/>
  </testcase> <!-- To_verify_that_the_user_is_able_to_update_the_playlist_name_SLP_PL_035 -->
  <testcase classname="mobile.tests.Sleep_Playlist.Sleep_Playlist_Test" name="To_verify_the_UI_of_theCreate_Playlist_screen_SLP_PL_003" time="0.0">
    <skipped/>
  </testcase> <!-- To_verify_the_UI_of_theCreate_Playlist_screen_SLP_PL_003 -->
  <testcase classname="mobile.tests.Sleep_Playlist.Sleep_Playlist_Test" name="To_verify_the_UI_of_the_Add_Items_to_playlist_screen_SLP_PL_008" time="0.0">
    <skipped/>
  </testcase> <!-- To_verify_the_UI_of_the_Add_Items_to_playlist_screen_SLP_PL_008 -->
  <testcase classname="mobile.tests.Sleep_Playlist.Sleep_Playlist_Test" name="To_verify_the_UI_of_the_delete_playlist_confirmation_popup_SLP_PL_029" time="0.0">
    <skipped/>
  </testcase> <!-- To_verify_the_UI_of_the_delete_playlist_confirmation_popup_SLP_PL_029 -->
  <testcase classname="mobile.tests.Sleep_Playlist.Sleep_Playlist_Test" name="To_verify_when_the_use_taps_on_the_Playlist_Name_filed_SLP_PL_004" time="0.0">
    <skipped/>
  </testcase> <!-- To_verify_when_the_use_taps_on_the_Playlist_Name_filed_SLP_PL_004 -->
  <testcase classname="mobile.tests.Sleep_Playlist.Sleep_Playlist_Test" name="To_verify_when_the_user_enters_the_any_keyword_in_search_field_of_the_Add_item_to_playlist_screen_SLP_PL_009" time="0.0">
    <skipped/>
  </testcase> <!-- To_verify_when_the_user_enters_the_any_keyword_in_search_field_of_the_Add_item_to_playlist_screen_SLP_PL_009 -->
  <testcase classname="mobile.tests.Sleep_Playlist.Sleep_Playlist_Test" name="To_verify_when_the_user_tap_on_the_Save_button_after_removing_the_tracks_in_the_playlist_SLP_PL_040" time="0.0">
    <skipped/>
  </testcase> <!-- To_verify_when_the_user_tap_on_the_Save_button_after_removing_the_tracks_in_the_playlist_SLP_PL_040 -->
  <testcase classname="mobile.tests.Sleep_Playlist.Sleep_Playlist_Test" name="To_verify_when_the_user_taps_on_the_Add_Items_button_SLP_PL_048" time="0.0">
    <skipped/>
  </testcase> <!-- To_verify_when_the_user_taps_on_the_Add_Items_button_SLP_PL_048 -->
  <testcase classname="mobile.tests.Sleep_Playlist.Sleep_Playlist_Test" name="To_verify_when_the_user_taps_on_the_Add_music_plus_button_on_the_any_music_track_from_the_expanded_music_list_SLP_PL_015" time="0.0">
    <skipped/>
  </testcase> <!-- To_verify_when_the_user_taps_on_the_Add_music_plus_button_on_the_any_music_track_from_the_expanded_music_list_SLP_PL_015 -->
  <testcase classname="mobile.tests.Sleep_Playlist.Sleep_Playlist_Test" name="To_verify_when_the_user_taps_on_the_Add_to_favorites_option_on_the_bottom_sheet_SLP_PL_044" time="0.0">
    <skipped/>
  </testcase> <!-- To_verify_when_the_user_taps_on_the_Add_to_favorites_option_on_the_bottom_sheet_SLP_PL_044 -->
  <testcase classname="mobile.tests.Sleep_Playlist.Sleep_Playlist_Test" name="To_verify_when_the_user_taps_on_the_Back_button_SLP_PL_022" time="0.0">
    <skipped/>
  </testcase> <!-- To_verify_when_the_user_taps_on_the_Back_button_SLP_PL_022 -->
  <testcase classname="mobile.tests.Sleep_Playlist.Sleep_Playlist_Test" name="To_verify_when_the_user_taps_on_the_Cancel_button_SLP_PL_005" time="0.0">
    <skipped/>
  </testcase> <!-- To_verify_when_the_user_taps_on_the_Cancel_button_SLP_PL_005 -->
  <testcase classname="mobile.tests.Sleep_Playlist.Sleep_Playlist_Test" name="To_verify_when_the_user_taps_on_the_Close_icon_on_the_bottom_sheet_SLP_PL_026" time="0.0">
    <skipped/>
  </testcase> <!-- To_verify_when_the_user_taps_on_the_Close_icon_on_the_bottom_sheet_SLP_PL_026 -->
  <testcase classname="mobile.tests.Sleep_Playlist.Sleep_Playlist_Test" name="To_verify_when_the_user_taps_on_the_Close_icon_on_the_bottom_sheet_SLP_PL_043" time="0.0">
    <skipped/>
  </testcase> <!-- To_verify_when_the_user_taps_on_the_Close_icon_on_the_bottom_sheet_SLP_PL_043 -->
  <testcase classname="mobile.tests.Sleep_Playlist.Sleep_Playlist_Test" name="To_verify_when_the_user_taps_on_the_Collapse_icon_on_the_any_category_from_the_list_SLP_PL_012" time="0.0">
    <skipped/>
  </testcase> <!-- To_verify_when_the_user_taps_on_the_Collapse_icon_on_the_any_category_from_the_list_SLP_PL_012 -->
  <testcase classname="mobile.tests.Sleep_Playlist.Sleep_Playlist_Test" name="To_verify_when_the_user_taps_on_the_Create_Playlist_button_on_the_Your_Playlist_section_SLP_PL_002" time="0.0">
    <skipped/>
  </testcase> <!-- To_verify_when_the_user_taps_on_the_Create_Playlist_button_on_the_Your_Playlist_section_SLP_PL_002 -->
  <testcase classname="mobile.tests.Sleep_Playlist.Sleep_Playlist_Test" name="To_verify_when_the_user_taps_on_the_Delete_playlist_option_on_the_bottom_sheet_SLP_PL_028" time="0.0">
    <skipped/>
  </testcase> <!-- To_verify_when_the_user_taps_on_the_Delete_playlist_option_on_the_bottom_sheet_SLP_PL_028 -->
  <testcase classname="mobile.tests.Sleep_Playlist.Sleep_Playlist_Test" name="To_verify_when_the_user_taps_on_the_Edit_Playlist_option_option_on_the_bottom_sheet_SLP_PL_032" time="0.0">
    <skipped/>
  </testcase> <!-- To_verify_when_the_user_taps_on_the_Edit_Playlist_option_option_on_the_bottom_sheet_SLP_PL_032 -->
  <testcase classname="mobile.tests.Sleep_Playlist.Sleep_Playlist_Test" name="To_verify_when_the_user_taps_on_the_More_Vert_icon_beside_the_playlist_name_SLP_PL_023" time="0.0">
    <skipped/>
  </testcase> <!-- To_verify_when_the_user_taps_on_the_More_Vert_icon_beside_the_playlist_name_SLP_PL_023 -->
  <testcase classname="mobile.tests.Sleep_Playlist.Sleep_Playlist_Test" name="To_verify_when_the_user_taps_on_the_More_Vert_icon_on_the_any_added_track_from_the_playlist_SLP_PL_025" time="0.0">
    <skipped/>
  </testcase> <!-- To_verify_when_the_user_taps_on_the_More_Vert_icon_on_the_any_added_track_from_the_playlist_SLP_PL_025 -->
  <testcase classname="mobile.tests.Sleep_Playlist.Sleep_Playlist_Test" name="To_verify_when_the_user_taps_on_the_More_Vert_icon_on_the_any_added_track_from_the_playlist_SLP_PL_042" time="0.0">
    <skipped/>
  </testcase> <!-- To_verify_when_the_user_taps_on_the_More_Vert_icon_on_the_any_added_track_from_the_playlist_SLP_PL_042 -->
  <testcase classname="mobile.tests.Sleep_Playlist.Sleep_Playlist_Test" name="To_verify_when_the_user_taps_on_the_No_button_on_the_delete_playlist_confirmation_popup_SLP_PL_030" time="0.0">
    <skipped/>
  </testcase> <!-- To_verify_when_the_user_taps_on_the_No_button_on_the_delete_playlist_confirmation_popup_SLP_PL_030 -->
  <testcase classname="mobile.tests.Sleep_Playlist.Sleep_Playlist_Test" name="To_verify_when_the_user_taps_on_the_Play_button_SLP_PL_024" time="0.0">
    <skipped/>
  </testcase> <!-- To_verify_when_the_user_taps_on_the_Play_button_SLP_PL_024 -->
  <testcase classname="mobile.tests.Sleep_Playlist.Sleep_Playlist_Test" name="To_verify_when_the_user_taps_on_the_Rate_this_meditation_option_on_the_bottom_sheet_SLP_PL_047" time="0.0">
    <skipped/>
  </testcase> <!-- To_verify_when_the_user_taps_on_the_Rate_this_meditation_option_on_the_bottom_sheet_SLP_PL_047 -->
  <testcase classname="mobile.tests.Sleep_Playlist.Sleep_Playlist_Test" name="To_verify_when_the_user_taps_on_the_Remove_Filters_button_in_the_expanded_music_track_list_SLP_PL_017" time="0.0">
    <skipped/>
  </testcase> <!-- To_verify_when_the_user_taps_on_the_Remove_Filters_button_in_the_expanded_music_track_list_SLP_PL_017 -->
  <testcase classname="mobile.tests.Sleep_Playlist.Sleep_Playlist_Test" name="To_verify_when_the_user_taps_on_the_Schedule_a_reminder_option_on_the_bottom_sheet_SLP_PL_045" time="0.0">
    <skipped/>
  </testcase> <!-- To_verify_when_the_user_taps_on_the_Schedule_a_reminder_option_on_the_bottom_sheet_SLP_PL_045 -->
  <testcase classname="mobile.tests.Sleep_Playlist.Sleep_Playlist_Test" name="To_verify_when_the_user_taps_on_the_Selected_icon_on_the_selected_music_track_from_the_expanded_music_list_SLP_PL_016" time="0.0">
    <skipped/>
  </testcase> <!-- To_verify_when_the_user_taps_on_the_Selected_icon_on_the_selected_music_track_from_the_expanded_music_list_SLP_PL_016 -->
  <testcase classname="mobile.tests.Sleep_Playlist.Sleep_Playlist_Test" name="To_verify_when_the_user_taps_on_the_Sleep_menu_on_th_bottom_menu_bar_SLP_PL_001" time="0.0">
    <skipped/>
  </testcase> <!-- To_verify_when_the_user_taps_on_the_Sleep_menu_on_th_bottom_menu_bar_SLP_PL_001 -->
  <testcase classname="mobile.tests.Sleep_Playlist.Sleep_Playlist_Test" name="To_verify_when_the_user_taps_on_the_Yes_delete_playlist_button_on_the_delete_playlist_confirmation_popup_SLP_PL_031" time="0.0">
    <skipped/>
  </testcase> <!-- To_verify_when_the_user_taps_on_the_Yes_delete_playlist_button_on_the_delete_playlist_confirmation_popup_SLP_PL_031 -->
  <testcase classname="mobile.tests.Sleep_Playlist.Sleep_Playlist_Test" name="To_verify_when_the_user_taps_on_the_any_language_filter_below_the_search_field_SLP_PL_010_and_SLP_PL_011" time="0.0">
    <skipped/>
  </testcase> <!-- To_verify_when_the_user_taps_on_the_any_language_filter_below_the_search_field_SLP_PL_010_and_SLP_PL_011 -->
  <testcase classname="mobile.tests.Sleep_Playlist.Sleep_Playlist_Test" name="To_verify_when_the_user_taps_on_the_plus_Add_to_this_Playlist_option_on_the_bottom_sheet_SLP_PL_027" time="0.0">
    <skipped/>
  </testcase> <!-- To_verify_when_the_user_taps_on_the_plus_Add_to_this_Playlist_option_on_the_bottom_sheet_SLP_PL_027 -->
  <testcase classname="mobile.tests.Sleep_Playlist.Sleep_Playlist_Test" name="To_verify_when_the_user_taps_on_the_x_Remove_icon_on_the_any_available_track_in_the_playlist_SLP_PL_036" time="0.0">
    <skipped/>
  </testcase> <!-- To_verify_when_the_user_taps_on_the_x_Remove_icon_on_the_any_available_track_in_the_playlist_SLP_PL_036 -->
  <testcase classname="mobile.tests.Sleep_Playlist.Sleep_Playlist_Test" name="To_verify_when_the_user_taps_swaps_left_from_the_categories_Screen_SLP_PL_018" time="0.0">
    <skipped/>
  </testcase> <!-- To_verify_when_the_user_taps_swaps_left_from_the_categories_Screen_SLP_PL_018 -->
  <testcase classname="mobile.tests.Sleep_Playlist.Sleep_Playlist_Test" name="To_verify_when_the_user_try_to_tap_on_the_Save_button_after_removing_the_playlist_SLP_PL_038" time="0.0">
    <skipped/>
  </testcase> <!-- To_verify_when_the_user_try_to_tap_on_the_Save_button_after_removing_the_playlist_SLP_PL_038 -->
  <testcase classname="mobile.tests.Sleep_Playlist.Sleep_Playlist_Test" name="To_verify_when_the_user_try_to_tap_on_the_Save_button_without_applying_any_changes_in_the_created_playlist_SLP_PL_034" time="0.0">
    <skipped/>
  </testcase> <!-- To_verify_when_the_user_try_to_tap_on_the_Save_button_without_applying_any_changes_in_the_created_playlist_SLP_PL_034 -->
  <testcase classname="mobile.tests.Sleep_Playlist.Sleep_Playlist_Test" name="To_verify_when_the_user_try_to_taping_on_the_Go_To_Playlist_button_after_selecting_music_track_SLP_PL_020" time="0.0">
    <skipped/>
  </testcase> <!-- To_verify_when_the_user_try_to_taping_on_the_Go_To_Playlist_button_after_selecting_music_track_SLP_PL_020 -->
  <testcase classname="mobile.tests.Sleep_Playlist.Sleep_Playlist_Test" name="To_verify_when_the_user_try_to_taping_on_the_Go_To_Playlist_button_without_selecting_any_music_track_SLP_PL_019" time="0.0">
    <skipped/>
  </testcase> <!-- To_verify_when_the_user_try_to_taping_on_the_Go_To_Playlist_button_without_selecting_any_music_track_SLP_PL_019 -->
  <testcase classname="mobile.tests.Sleep_Playlist.Sleep_Playlist_Test" name="To_verify_when_user_try_to_add_more_than_50_tracks_in_the_any_created_playlist_SLP_PL_014" time="0.0">
    <skipped/>
  </testcase> <!-- To_verify_when_user_try_to_add_more_than_50_tracks_in_the_any_created_playlist_SLP_PL_014 -->
  <testcase classname="mobile.tests.Sleep_Playlist.Sleep_Playlist_Test" name="To_verify_when_user_try_to_taps_on_the_Create_Button_on_the_Create_Playlist_screen_after_entering_any_data_in_the_Playlist_Name_field_SLP_PL_007" time="0.0">
    <skipped/>
  </testcase> <!-- To_verify_when_user_try_to_taps_on_the_Create_Button_on_the_Create_Playlist_screen_after_entering_any_data_in_the_Playlist_Name_field_SLP_PL_007 -->
  <testcase classname="mobile.tests.Sleep_Playlist.Sleep_Playlist_Test" name="To_verify_when_user_try_to_taps_on_the_Create_Button_on_the_Create_Playlist_screen_without_entering_any_data_in_the_Playlist_Name_field_SLP_PL_006" time="0.0">
    <skipped/>
  </testcase> <!-- To_verify_when_user_try_to_taps_on_the_Create_Button_on_the_Create_Playlist_screen_without_entering_any_data_in_the_Playlist_Name_field_SLP_PL_006 -->
  <testcase classname="io.unity.framework.init.base" name="@BeforeSuite beforeSuiteWorks" time="0.0">
    <ignored/>
  </testcase> <!-- @BeforeSuite beforeSuiteWorks -->
  <testcase classname="io.unity.framework.init.base" name="@BeforeSuite beforeSuiteWorks" time="0.0">
    <ignored/>
  </testcase> <!-- @BeforeSuite beforeSuiteWorks -->
  <testcase classname="io.unity.framework.init.base" name="@BeforeSuite beforeSuiteWorks" time="0.0">
    <ignored/>
  </testcase> <!-- @BeforeSuite beforeSuiteWorks -->
  <testcase classname="io.unity.framework.init.base" name="@BeforeSuite beforeSuiteWorks" time="0.0">
    <ignored/>
  </testcase> <!-- @BeforeSuite beforeSuiteWorks -->
</testsuite> <!-- Surefire test -->
