<?xml version="1.0" encoding="UTF-8"?>
<!-- Generated by org.testng.reporters.JUnitXMLReporter -->
<testsuite ignored="4" hostname="DESKTOP-LSM8SKP" failures="0" tests="1" name="To verify when the user taps on the Create Playlist button on the Your Playlist section Music PL 001" time="97.253" errors="0" timestamp="2024-11-08T03:34:42 IST">
  <testcase classname="mobile.tests.Music_Playlist.Music_Playlist_Test" name="To_verify_when_the_user_taps_on_the_Create_Playlist_button_on_the_Your_Playlist_section_Music_PL_001" time="78.794"/>
  <testcase classname="mobile.tests.Music_Playlist.Music_Playlist_Test" name="To_verify_when_the_use_taps_on_the_the_Playlist_Name_filed_Music_PL_003" time="0.0">
    <ignored/>
  </testcase> <!-- To_verify_when_the_use_taps_on_the_the_Playlist_Name_filed_Music_PL_003 -->
  <testcase classname="mobile.tests.Music_Playlist.Music_Playlist_Test" name="To_verify_when_user_try_to_taps_on_the_Create_Button_on_the_Create_Playlist_screen_without_entering_any_data_in_the_Playlist_Name_field_Music_PL_005" time="0.0">
    <ignored/>
  </testcase> <!-- To_verify_when_user_try_to_taps_on_the_Create_Button_on_the_Create_Playlist_screen_without_entering_any_data_in_the_Playlist_Name_field_Music_PL_005 -->
  <testcase classname="mobile.tests.Music_Playlist.Music_Playlist_Test" name="To_verify_when_the_user_taps_on_the_Cancel_button_Music_PL_004" time="0.0">
    <ignored/>
  </testcase> <!-- To_verify_when_the_user_taps_on_the_Cancel_button_Music_PL_004 -->
  <testcase classname="mobile.tests.Music_Playlist.Music_Playlist_Test" name="To_verify_when_user_try_to_taps_on_the_Create_Button_on_the_Create_Playlist_screen_after_entering_any_data_in_the_Playlist_Name_field_Music_PL_006" time="0.0">
    <ignored/>
  </testcase> <!-- To_verify_when_user_try_to_taps_on_the_Create_Button_on_the_Create_Playlist_screen_after_entering_any_data_in_the_Playlist_Name_field_Music_PL_006 -->
</testsuite> <!-- To verify when the user taps on the Create Playlist button on the Your Playlist section Music PL 001 -->
