<?xml version="1.0" encoding="UTF-8"?>
<!-- Generated by org.testng.reporters.JUnitXMLReporter -->
<testsuite ignored="41" hostname="DESKTOP-LSM8SKP" failures="1" tests="1" name="To verify when user try to add more than 50 tracks in the any created playlist SLP PL 014" time="197.71" errors="0" timestamp="2024-11-08T01:55:24 IST">
  <testcase classname="mobile.tests.Sleep_Playlist.Sleep_Playlist_Test" name="To_verify_when_user_try_to_add_more_than_50_tracks_in_the_any_created_playlist_SLP_PL_014" time="177.598">
    <failure type="org.openqa.selenium.NoSuchElementException" message="An element could not be located on the page using the given search parameters.
For documentation on this error, please visit: https://www.selenium.dev/documentation/webdriver/troubleshooting/errors#no-such-element-exception
Build info: version: &amp;apos;4.18.1&amp;apos;, revision: &amp;apos;b1d3319b48&amp;apos;
System info: os.name: &amp;apos;Windows 11&amp;apos;, os.arch: &amp;apos;amd64&amp;apos;, os.version: &amp;apos;10.0&amp;apos;, java.version: &amp;apos;21.0.2&amp;apos;
Driver info: io.appium.java_client.android.AndroidDriver
Command: [bca5876c-1b8d-4abc-814b-e221df8c9cbd, findElement {using=-android uiautomator, value=new UiScrollable(new UiSelector().scrollable(true)).scrollIntoView(new UiSelector().text(&amp;quot;Remove Filters&amp;quot;));}]
Capabilities {appium:app: C:\Users\Harshal\Desktop\LS..., appium:appPackage: level.game, appium:appiumPlatform: Android, appium:automationName: UiAutomator2, appium:databaseEnabled: false, appium:desired: {app: C:\Users\Harshal\Desktop\LS..., appiumPlatform: Android, automationName: UiAutomator2, deviceName: ce051715b2392a1203, noReset: false, platformName: ANDROID, platformVersion: 9, projectName: LSM Mobile App}, appium:deviceApiLevel: 28, appium:deviceManufacturer: samsung, appium:deviceModel: SM-G950F, appium:deviceName: ce051715b2392a1203, appium:deviceScreenDensity: 480, appium:deviceScreenSize: 1080x2220, appium:deviceUDID: ce051715b2392a1203, appium:javascriptEnabled: true, appium:locationContextEnabled: false, appium:networkConnectionEnabled: true, appium:noReset: false, appium:pixelRatio: 3, appium:platformVersion: 9, appium:projectName: LSM Mobile App, appium:statBarHeight: 72, appium:takesScreenshot: true, appium:viewportRect: {height: 2148, left: 0, top: 72, width: 1080}, appium:warnings: {}, appium:webStorageEnabled: false, platformName: ANDROID}
Session ID: bca5876c-1b8d-4abc-814b-e221df8c9cbd">
      <![CDATA[org.openqa.selenium.NoSuchElementException: An element could not be located on the page using the given search parameters.
For documentation on this error, please visit: https://www.selenium.dev/documentation/webdriver/troubleshooting/errors#no-such-element-exception
Build info: version: '4.18.1', revision: 'b1d3319b48'
System info: os.name: 'Windows 11', os.arch: 'amd64', os.version: '10.0', java.version: '21.0.2'
Driver info: io.appium.java_client.android.AndroidDriver
Command: [bca5876c-1b8d-4abc-814b-e221df8c9cbd, findElement {using=-android uiautomator, value=new UiScrollable(new UiSelector().scrollable(true)).scrollIntoView(new UiSelector().text("Remove Filters"));}]
Capabilities {appium:app: C:\Users\Harshal\Desktop\LS..., appium:appPackage: level.game, appium:appiumPlatform: Android, appium:automationName: UiAutomator2, appium:databaseEnabled: false, appium:desired: {app: C:\Users\Harshal\Desktop\LS..., appiumPlatform: Android, automationName: UiAutomator2, deviceName: ce051715b2392a1203, noReset: false, platformName: ANDROID, platformVersion: 9, projectName: LSM Mobile App}, appium:deviceApiLevel: 28, appium:deviceManufacturer: samsung, appium:deviceModel: SM-G950F, appium:deviceName: ce051715b2392a1203, appium:deviceScreenDensity: 480, appium:deviceScreenSize: 1080x2220, appium:deviceUDID: ce051715b2392a1203, appium:javascriptEnabled: true, appium:locationContextEnabled: false, appium:networkConnectionEnabled: true, appium:noReset: false, appium:pixelRatio: 3, appium:platformVersion: 9, appium:projectName: LSM Mobile App, appium:statBarHeight: 72, appium:takesScreenshot: true, appium:viewportRect: {height: 2148, left: 0, top: 72, width: 1080}, appium:warnings: {}, appium:webStorageEnabled: false, platformName: ANDROID}
Session ID: bca5876c-1b8d-4abc-814b-e221df8c9cbd
at org.openqa.selenium.remote.ErrorCodec.decode(ErrorCodec.java:167)
at org.openqa.selenium.remote.codec.w3c.W3CHttpResponseCodec.decode(W3CHttpResponseCodec.java:138)
at org.openqa.selenium.remote.codec.w3c.W3CHttpResponseCodec.decode(W3CHttpResponseCodec.java:50)
at org.openqa.selenium.remote.HttpCommandExecutor.execute(HttpCommandExecutor.java:190)
at io.appium.java_client.remote.AppiumCommandExecutor.execute(AppiumCommandExecutor.java:237)
at org.openqa.selenium.remote.RemoteWebDriver.execute(RemoteWebDriver.java:519)
at org.openqa.selenium.remote.ElementLocation$ElementFinder$2.findElement(ElementLocation.java:165)
at org.openqa.selenium.remote.ElementLocation.findElement(ElementLocation.java:59)
at org.openqa.selenium.remote.RemoteWebDriver.findElement(RemoteWebDriver.java:356)
at org.openqa.selenium.remote.RemoteWebDriver.findElement(RemoteWebDriver.java:350)
at mobile.object_repository.sleep_playlist.Sleep_Playlist_Page.scroll_down_to_the_Text(Sleep_Playlist_Page.java:89)
at mobile.tests.Sleep_Playlist.Sleep_Playlist_Test.To_verify_when_user_try_to_add_more_than_50_tracks_in_the_any_created_playlist_SLP_PL_014(Sleep_Playlist_Test.java:370)
at java.base/java.util.ArrayList.forEach(ArrayList.java:1596)
at io.unity.framework.runner.TestRunner.start(TestRunner.java:69)
at runner.Runner.main(Runner.java:10)
... Removed 25 stack frames]]>
    </failure>
  </testcase> <!-- To_verify_when_user_try_to_add_more_than_50_tracks_in_the_any_created_playlist_SLP_PL_014 -->
  <testcase classname="mobile.tests.Sleep_Playlist.Sleep_Playlist_Test" name="To_verify_when_the_user_taps_on_the_Remove_Filters_button_in_the_expanded_music_track_list_SLP_PL_017" time="0.0">
    <ignored/>
  </testcase> <!-- To_verify_when_the_user_taps_on_the_Remove_Filters_button_in_the_expanded_music_track_list_SLP_PL_017 -->
  <testcase classname="mobile.tests.Sleep_Playlist.Sleep_Playlist_Test" name="To_verify_when_the_user_taps_on_the_More_Vert_icon_on_the_any_added_track_from_the_playlist_SLP_PL_042" time="0.0">
    <ignored/>
  </testcase> <!-- To_verify_when_the_user_taps_on_the_More_Vert_icon_on_the_any_added_track_from_the_playlist_SLP_PL_042 -->
  <testcase classname="mobile.tests.Sleep_Playlist.Sleep_Playlist_Test" name="To_verify_when_the_use_taps_on_the_Playlist_Name_filed_SLP_PL_004" time="0.0">
    <ignored/>
  </testcase> <!-- To_verify_when_the_use_taps_on_the_Playlist_Name_filed_SLP_PL_004 -->
  <testcase classname="mobile.tests.Sleep_Playlist.Sleep_Playlist_Test" name="To_verify_when_the_user_taps_on_the_Create_Playlist_button_on_the_Your_Playlist_section_SLP_PL_002" time="0.0">
    <ignored/>
  </testcase> <!-- To_verify_when_the_user_taps_on_the_Create_Playlist_button_on_the_Your_Playlist_section_SLP_PL_002 -->
  <testcase classname="mobile.tests.Sleep_Playlist.Sleep_Playlist_Test" name="To_verify_when_the_user_try_to_taping_on_the_Go_To_Playlist_button_after_selecting_music_track_SLP_PL_020" time="0.0">
    <ignored/>
  </testcase> <!-- To_verify_when_the_user_try_to_taping_on_the_Go_To_Playlist_button_after_selecting_music_track_SLP_PL_020 -->
  <testcase classname="mobile.tests.Sleep_Playlist.Sleep_Playlist_Test" name="To_verify_when_the_user_taps_on_the_Add_to_favorites_option_on_the_bottom_sheet_SLP_PL_044" time="0.0">
    <ignored/>
  </testcase> <!-- To_verify_when_the_user_taps_on_the_Add_to_favorites_option_on_the_bottom_sheet_SLP_PL_044 -->
  <testcase classname="mobile.tests.Sleep_Playlist.Sleep_Playlist_Test" name="To_verify_when_the_user_taps_on_the_Add_Items_button_SLP_PL_048" time="0.0">
    <ignored/>
  </testcase> <!-- To_verify_when_the_user_taps_on_the_Add_Items_button_SLP_PL_048 -->
  <testcase classname="mobile.tests.Sleep_Playlist.Sleep_Playlist_Test" name="To_verify_when_the_user_taps_on_the_Close_icon_on_the_bottom_sheet_SLP_PL_026" time="0.0">
    <ignored/>
  </testcase> <!-- To_verify_when_the_user_taps_on_the_Close_icon_on_the_bottom_sheet_SLP_PL_026 -->
  <testcase classname="mobile.tests.Sleep_Playlist.Sleep_Playlist_Test" name="To_verify_when_the_user_taps_on_the_Sleep_menu_on_th_bottom_menu_bar_SLP_PL_001" time="0.0">
    <ignored/>
  </testcase> <!-- To_verify_when_the_user_taps_on_the_Sleep_menu_on_th_bottom_menu_bar_SLP_PL_001 -->
  <testcase classname="mobile.tests.Sleep_Playlist.Sleep_Playlist_Test" name="To_verify_when_the_user_taps_on_the_Edit_Playlist_option_option_on_the_bottom_sheet_SLP_PL_032" time="0.0">
    <ignored/>
  </testcase> <!-- To_verify_when_the_user_taps_on_the_Edit_Playlist_option_option_on_the_bottom_sheet_SLP_PL_032 -->
  <testcase classname="mobile.tests.Sleep_Playlist.Sleep_Playlist_Test" name="To_verify_when_user_try_to_taps_on_the_Create_Button_on_the_Create_Playlist_screen_after_entering_any_data_in_the_Playlist_Name_field_SLP_PL_007" time="0.0">
    <ignored/>
  </testcase> <!-- To_verify_when_user_try_to_taps_on_the_Create_Button_on_the_Create_Playlist_screen_after_entering_any_data_in_the_Playlist_Name_field_SLP_PL_007 -->
  <testcase classname="mobile.tests.Sleep_Playlist.Sleep_Playlist_Test" name="To_verify_when_the_user_taps_on_the_No_button_on_the_delete_playlist_confirmation_popup_SLP_PL_030" time="0.0">
    <ignored/>
  </testcase> <!-- To_verify_when_the_user_taps_on_the_No_button_on_the_delete_playlist_confirmation_popup_SLP_PL_030 -->
  <testcase classname="mobile.tests.Sleep_Playlist.Sleep_Playlist_Test" name="To_verify_that_the_user_is_able_to_add_the_any_currently_played_track_after_creating_new_playlist_SLP_PL_050" time="0.0">
    <ignored/>
  </testcase> <!-- To_verify_that_the_user_is_able_to_add_the_any_currently_played_track_after_creating_new_playlist_SLP_PL_050 -->
  <testcase classname="mobile.tests.Sleep_Playlist.Sleep_Playlist_Test" name="To_verify_that_the_user_is_able_to_add_the_any_currently_played_track_into_the_created_playlist_SLP_PL_049" time="0.0">
    <ignored/>
  </testcase> <!-- To_verify_that_the_user_is_able_to_add_the_any_currently_played_track_into_the_created_playlist_SLP_PL_049 -->
  <testcase classname="mobile.tests.Sleep_Playlist.Sleep_Playlist_Test" name="To_verify_the_UI_of_the_Add_Items_to_playlist_screen_SLP_PL_008" time="0.0">
    <ignored/>
  </testcase> <!-- To_verify_the_UI_of_the_Add_Items_to_playlist_screen_SLP_PL_008 -->
  <testcase classname="mobile.tests.Sleep_Playlist.Sleep_Playlist_Test" name="To_verify_when_the_user_taps_on_the_Delete_playlist_option_on_the_bottom_sheet_SLP_PL_028" time="0.0">
    <ignored/>
  </testcase> <!-- To_verify_when_the_user_taps_on_the_Delete_playlist_option_on_the_bottom_sheet_SLP_PL_028 -->
  <testcase classname="mobile.tests.Sleep_Playlist.Sleep_Playlist_Test" name="To_verify_when_the_user_tap_on_the_Save_button_after_removing_the_tracks_in_the_playlist_SLP_PL_040" time="0.0">
    <ignored/>
  </testcase> <!-- To_verify_when_the_user_tap_on_the_Save_button_after_removing_the_tracks_in_the_playlist_SLP_PL_040 -->
  <testcase classname="mobile.tests.Sleep_Playlist.Sleep_Playlist_Test" name="To_verify_when_the_user_taps_on_the_More_Vert_icon_on_the_any_added_track_from_the_playlist_SLP_PL_025" time="0.0">
    <ignored/>
  </testcase> <!-- To_verify_when_the_user_taps_on_the_More_Vert_icon_on_the_any_added_track_from_the_playlist_SLP_PL_025 -->
  <testcase classname="mobile.tests.Sleep_Playlist.Sleep_Playlist_Test" name="To_verify_when_the_user_try_to_tap_on_the_Save_button_after_removing_the_playlist_SLP_PL_038" time="0.0">
    <ignored/>
  </testcase> <!-- To_verify_when_the_user_try_to_tap_on_the_Save_button_after_removing_the_playlist_SLP_PL_038 -->
  <testcase classname="mobile.tests.Sleep_Playlist.Sleep_Playlist_Test" name="To_verify_when_the_user_taps_on_the_Selected_icon_on_the_selected_music_track_from_the_expanded_music_list_SLP_PL_016" time="0.0">
    <ignored/>
  </testcase> <!-- To_verify_when_the_user_taps_on_the_Selected_icon_on_the_selected_music_track_from_the_expanded_music_list_SLP_PL_016 -->
  <testcase classname="mobile.tests.Sleep_Playlist.Sleep_Playlist_Test" name="To_verify_when_the_user_try_to_tap_on_the_Save_button_without_applying_any_changes_in_the_created_playlist_SLP_PL_034" time="0.0">
    <ignored/>
  </testcase> <!-- To_verify_when_the_user_try_to_tap_on_the_Save_button_without_applying_any_changes_in_the_created_playlist_SLP_PL_034 -->
  <testcase classname="mobile.tests.Sleep_Playlist.Sleep_Playlist_Test" name="To_verify_when_the_user_taps_on_the_Play_button_SLP_PL_024" time="0.0">
    <ignored/>
  </testcase> <!-- To_verify_when_the_user_taps_on_the_Play_button_SLP_PL_024 -->
  <testcase classname="mobile.tests.Sleep_Playlist.Sleep_Playlist_Test" name="To_verify_when_the_user_taps_on_the_Rate_this_meditation_option_on_the_bottom_sheet_SLP_PL_047" time="0.0">
    <ignored/>
  </testcase> <!-- To_verify_when_the_user_taps_on_the_Rate_this_meditation_option_on_the_bottom_sheet_SLP_PL_047 -->
  <testcase classname="mobile.tests.Sleep_Playlist.Sleep_Playlist_Test" name="To_verify_when_the_user_enters_the_any_keyword_in_search_field_of_the_Add_item_to_playlist_screen_SLP_PL_009" time="0.0">
    <ignored/>
  </testcase> <!-- To_verify_when_the_user_enters_the_any_keyword_in_search_field_of_the_Add_item_to_playlist_screen_SLP_PL_009 -->
  <testcase classname="mobile.tests.Sleep_Playlist.Sleep_Playlist_Test" name="To_verify_when_the_user_taps_on_the_More_Vert_icon_beside_the_playlist_name_SLP_PL_023" time="0.0">
    <ignored/>
  </testcase> <!-- To_verify_when_the_user_taps_on_the_More_Vert_icon_beside_the_playlist_name_SLP_PL_023 -->
  <testcase classname="mobile.tests.Sleep_Playlist.Sleep_Playlist_Test" name="To_verify_when_the_user_taps_on_the_Yes_delete_playlist_button_on_the_delete_playlist_confirmation_popup_SLP_PL_031" time="0.0">
    <ignored/>
  </testcase> <!-- To_verify_when_the_user_taps_on_the_Yes_delete_playlist_button_on_the_delete_playlist_confirmation_popup_SLP_PL_031 -->
  <testcase classname="mobile.tests.Sleep_Playlist.Sleep_Playlist_Test" name="To_verify_when_user_try_to_taps_on_the_Create_Button_on_the_Create_Playlist_screen_without_entering_any_data_in_the_Playlist_Name_field_SLP_PL_006" time="0.0">
    <ignored/>
  </testcase> <!-- To_verify_when_user_try_to_taps_on_the_Create_Button_on_the_Create_Playlist_screen_without_entering_any_data_in_the_Playlist_Name_field_SLP_PL_006 -->
  <testcase classname="mobile.tests.Sleep_Playlist.Sleep_Playlist_Test" name="To_verify_the_UI_of_theCreate_Playlist_screen_SLP_PL_003" time="0.0">
    <ignored/>
  </testcase> <!-- To_verify_the_UI_of_theCreate_Playlist_screen_SLP_PL_003 -->
  <testcase classname="mobile.tests.Sleep_Playlist.Sleep_Playlist_Test" name="To_verify_the_UI_of_the_delete_playlist_confirmation_popup_SLP_PL_029" time="0.0">
    <ignored/>
  </testcase> <!-- To_verify_the_UI_of_the_delete_playlist_confirmation_popup_SLP_PL_029 -->
  <testcase classname="mobile.tests.Sleep_Playlist.Sleep_Playlist_Test" name="To_verify_when_the_user_taps_on_the_x_Remove_icon_on_the_any_available_track_in_the_playlist_SLP_PL_036" time="0.0">
    <ignored/>
  </testcase> <!-- To_verify_when_the_user_taps_on_the_x_Remove_icon_on_the_any_available_track_in_the_playlist_SLP_PL_036 -->
  <testcase classname="mobile.tests.Sleep_Playlist.Sleep_Playlist_Test" name="To_verify_that_the_user_is_able_to_update_the_playlist_name_SLP_PL_035" time="0.0">
    <ignored/>
  </testcase> <!-- To_verify_that_the_user_is_able_to_update_the_playlist_name_SLP_PL_035 -->
  <testcase classname="mobile.tests.Sleep_Playlist.Sleep_Playlist_Test" name="To_verify_when_the_user_taps_on_the_plus_Add_to_this_Playlist_option_on_the_bottom_sheet_SLP_PL_027" time="0.0">
    <ignored/>
  </testcase> <!-- To_verify_when_the_user_taps_on_the_plus_Add_to_this_Playlist_option_on_the_bottom_sheet_SLP_PL_027 -->
  <testcase classname="mobile.tests.Sleep_Playlist.Sleep_Playlist_Test" name="To_verify_when_the_user_taps_on_the_Schedule_a_reminder_option_on_the_bottom_sheet_SLP_PL_045" time="0.0">
    <ignored/>
  </testcase> <!-- To_verify_when_the_user_taps_on_the_Schedule_a_reminder_option_on_the_bottom_sheet_SLP_PL_045 -->
  <testcase classname="mobile.tests.Sleep_Playlist.Sleep_Playlist_Test" name="To_verify_when_the_user_taps_on_the_Cancel_button_SLP_PL_005" time="0.0">
    <ignored/>
  </testcase> <!-- To_verify_when_the_user_taps_on_the_Cancel_button_SLP_PL_005 -->
  <testcase classname="mobile.tests.Sleep_Playlist.Sleep_Playlist_Test" name="To_verify_when_the_user_taps_on_the_Add_music_plus_button_on_the_any_music_track_from_the_expanded_music_list_SLP_PL_015" time="0.0">
    <ignored/>
  </testcase> <!-- To_verify_when_the_user_taps_on_the_Add_music_plus_button_on_the_any_music_track_from_the_expanded_music_list_SLP_PL_015 -->
  <testcase classname="mobile.tests.Sleep_Playlist.Sleep_Playlist_Test" name="To_verify_when_the_user_taps_swaps_left_from_the_categories_Screen_SLP_PL_018" time="0.0">
    <ignored/>
  </testcase> <!-- To_verify_when_the_user_taps_swaps_left_from_the_categories_Screen_SLP_PL_018 -->
  <testcase classname="mobile.tests.Sleep_Playlist.Sleep_Playlist_Test" name="To_verify_when_the_user_taps_on_the_Back_button_SLP_PL_022" time="0.0">
    <ignored/>
  </testcase> <!-- To_verify_when_the_user_taps_on_the_Back_button_SLP_PL_022 -->
  <testcase classname="mobile.tests.Sleep_Playlist.Sleep_Playlist_Test" name="To_verify_when_the_user_taps_on_the_Close_icon_on_the_bottom_sheet_SLP_PL_043" time="0.0">
    <ignored/>
  </testcase> <!-- To_verify_when_the_user_taps_on_the_Close_icon_on_the_bottom_sheet_SLP_PL_043 -->
  <testcase classname="mobile.tests.Sleep_Playlist.Sleep_Playlist_Test" name="To_verify_when_the_user_try_to_taping_on_the_Go_To_Playlist_button_without_selecting_any_music_track_SLP_PL_019" time="0.0">
    <ignored/>
  </testcase> <!-- To_verify_when_the_user_try_to_taping_on_the_Go_To_Playlist_button_without_selecting_any_music_track_SLP_PL_019 -->
  <testcase classname="mobile.tests.Sleep_Playlist.Sleep_Playlist_Test" name="To_verify_when_the_user_taps_on_the_any_language_filter_below_the_search_field_SLP_PL_010_and_SLP_PL_011" time="0.0">
    <ignored/>
  </testcase> <!-- To_verify_when_the_user_taps_on_the_any_language_filter_below_the_search_field_SLP_PL_010_and_SLP_PL_011 -->
  <testcase classname="mobile.tests.Sleep_Playlist.Sleep_Playlist_Test" name="To_verify_when_the_user_taps_on_the_Collapse_icon_on_the_any_category_from_the_list_SLP_PL_012" time="0.0">
    <ignored/>
  </testcase> <!-- To_verify_when_the_user_taps_on_the_Collapse_icon_on_the_any_category_from_the_list_SLP_PL_012 -->
</testsuite> <!-- To verify when user try to add more than 50 tracks in the any created playlist SLP PL 014 -->
